2025-11-26T08:39:30.694425Z  INFO reth::cli: Initialized tracing, debug log directory: logs/arbitrum-sepolia
2025-11-26T08:39:30.698495Z  INFO reth::cli: Starting reth version="1.8.2-dev (5fdb67f)"
2025-11-26T08:39:30.698627Z  INFO reth::cli: Opening database path="nitro-db/db"
2025-11-26T08:39:30.717487Z DEBUG storage::db::mdbx: Commit total_duration=1.75348ms commit_latency=Some(CommitLatency(MDBX_commit_latency { preparation: 0, gc_wallclock: 1, audit: 0, write: 0, sync: 110, ending: 0, whole: 112, gc_cputime: 0, gc_prof: MDBX_commit_latency__bindgen_ty_1 { wloops: 0, coalescences: 0, wipes: 0, flushes: 0, kicks: 0, work_counter: 0, work_rtime_monotonic: 0, work_xtime_cpu: 0, work_rsteps: 0, work_xpages: 0, work_majflt: 0, self_counter: 0, self_rtime_monotonic: 0, self_xtime_cpu: 0, self_rsteps: 0, self_xpages: 0, self_majflt: 0, pnl_merge_work: MDBX_commit_latency__bindgen_ty_1__bindgen_ty_1 { time: 0, volume: 0, calls: 0 }, pnl_merge_self: MDBX_commit_latency__bindgen_ty_1__bindgen_ty_1 { time: 0, volume: 0, calls: 0 } } })) is_read_only=false
2025-11-26T08:39:30.718666Z  INFO reth::cli: Launching arb-reth node
2025-11-26T08:39:30.719974Z DEBUG reth_node_builder::launch::common: Raised file descriptor limit from=524288 to=524288
2025-11-26T08:39:30.722723Z  INFO reth::cli: Saving prune config to toml file
2025-11-26T08:39:30.722991Z  INFO reth::cli: Configuration loaded path="nitro-db/reth.toml"
2025-11-26T08:39:30.724454Z  INFO reth::cli: Verifying storage consistency.
2025-11-26T08:39:30.745349Z  INFO reth::cli: Database opened
2025-11-26T08:39:30.745371Z DEBUG reth::cli: Initializing genesis chain=arbitrum-sepolia genesis=0x78dec18c6d7da925bbe773c315653cdc70f6444ed6c1de9ac30bdb36cff74c3b
2025-11-26T08:39:30.746250Z DEBUG reth_db_common::init: Writing genesis block.
2025-11-26T08:39:30.753698Z  INFO reth::static_file: increment_block called: segment=Headers, expected_block=0, current_next=0
2025-11-26T08:39:30.754160Z  INFO reth::static_file: increment_block completed: segment=Headers, block_range=Some(SegmentRangeInclusive { start: 0, end: 0 })
2025-11-26T08:39:30.758283Z  INFO providers::db: write_state: processing receipts first_block=0 block_count=0 total_receipts=0 receipts_per_block=[]
2025-11-26T08:39:30.761774Z  INFO reth::static_file: increment_block called: segment=Receipts, expected_block=0, current_next=0
2025-11-26T08:39:30.761794Z  INFO reth::static_file: increment_block completed: segment=Receipts, block_range=Some(SegmentRangeInclusive { start: 0, end: 0 })
2025-11-26T08:39:30.761806Z  INFO reth::static_file: increment_block called: segment=Transactions, expected_block=0, current_next=0
2025-11-26T08:39:30.761812Z  INFO reth::static_file: increment_block completed: segment=Transactions, block_range=Some(SegmentRangeInclusive { start: 0, end: 0 })
2025-11-26T08:39:30.761826Z  INFO reth::static_file: commit called segment=Headers block_range=Some(SegmentRangeInclusive { start: 0, end: 0 }) tx_range=None is_dirty=true
2025-11-26T08:39:30.766868Z DEBUG provider::static_file: Commit segment=Headers path="nitro-db/static_files/static_file_headers_0_499999" duration=5.051119ms
2025-11-26T08:39:30.767791Z  INFO reth::static_file: commit called segment=Transactions block_range=Some(SegmentRangeInclusive { start: 0, end: 0 }) tx_range=None is_dirty=true
2025-11-26T08:39:30.771329Z DEBUG provider::static_file: Commit segment=Transactions path="nitro-db/static_files/static_file_transactions_0_499999" duration=3.55348ms
2025-11-26T08:39:30.772363Z  INFO reth::static_file: commit called segment=Receipts block_range=Some(SegmentRangeInclusive { start: 0, end: 0 }) tx_range=None is_dirty=true
2025-11-26T08:39:30.775175Z DEBUG provider::static_file: Commit segment=Receipts path="nitro-db/static_files/static_file_receipts_0_499999" duration=2.828679ms
2025-11-26T08:39:30.777411Z DEBUG storage::db::mdbx: Commit total_duration=2.15432ms commit_latency=Some(CommitLatency(MDBX_commit_latency { preparation: 0, gc_wallclock: 2, audit: 0, write: 0, sync: 134, ending: 0, whole: 137, gc_cputime: 0, gc_prof: MDBX_commit_latency__bindgen_ty_1 { wloops: 0, coalescences: 0, wipes: 0, flushes: 0, kicks: 0, work_counter: 0, work_rtime_monotonic: 0, work_xtime_cpu: 0, work_rsteps: 0, work_xpages: 0, work_majflt: 0, self_counter: 0, self_rtime_monotonic: 0, self_xtime_cpu: 0, self_rsteps: 0, self_xpages: 0, self_majflt: 0, pnl_merge_work: MDBX_commit_latency__bindgen_ty_1__bindgen_ty_1 { time: 0, volume: 0, calls: 0 }, pnl_merge_self: MDBX_commit_latency__bindgen_ty_1__bindgen_ty_1 { time: 0, volume: 0, calls: 0 } } })) is_read_only=false
2025-11-26T08:39:30.779619Z  INFO reth::cli: 
Pre-merge hard forks (block based):

2025-11-26T08:39:30.779821Z DEBUG reth::cli: Spawning stages metrics listener task
2025-11-26T08:39:30.781462Z DEBUG reth::cli: creating components
2025-11-26T08:39:30.809430Z DEBUG discv4: pinging boot node record=NodeRecord { address: 157.90.35.166, udp_port: 30303, tcp_port: 30303, id: 0x4aeb4ab6c14b23e2c4cfdce879c04b0748a20d8e9b59e25ded2a08143e265c6c25936e74cbc8e641e3312ca288673d91f2f93f8e277de3cfa444ecdaaf982052 }
2025-11-26T08:39:30.810151Z DEBUG discv4: pinging boot node record=NodeRecord { address: 18.138.108.67, udp_port: 30303, tcp_port: 30303, id: 0xd860a01f9722d78051619d1e2351aba3f43f943f6f00718d1b9baa4101932a1f5011f16bb2b1bb35db20d6fe28fa0bf09636d26a87d31de9ec6203eeedb1f666 }
2025-11-26T08:39:30.810234Z DEBUG discv4: pinging boot node record=NodeRecord { address: 65.108.70.101, udp_port: 30303, tcp_port: 30303, id: 0x2b252ab6a1d0f971d9722cb839a42cb81db019ba44c08754628ab4a823487071b5695317c8ccd085219c3a03af063495b2f1da8d18218da2d6a82981b45e6ffc }
2025-11-26T08:39:30.810316Z DEBUG discv4: pinging boot node record=NodeRecord { address: 3.209.45.79, udp_port: 30303, tcp_port: 30303, id: 0x22a8232c3abc76a16ae9d6c3b164f98775fe226f0917b0ca871128a74a8e9630b458460865bab457221f1d448dd9791d24c4e5d88786180ac185df813a68d4de }
2025-11-26T08:39:30.811348Z DEBUG discv4: pinging boot node record=NodeRecord { address: 157.90.35.166, udp_port: 30303, tcp_port: 30303, id: 0x4aeb4ab6c14b23e2c4cfdce879c04b0748a20d8e9b59e25ded2a08143e265c6c25936e74cbc8e641e3312ca288673d91f2f93f8e277de3cfa444ecdaaf982052 }
2025-11-26T08:39:30.811379Z DEBUG discv4: pinging boot node record=NodeRecord { address: 18.138.108.67, udp_port: 30303, tcp_port: 30303, id: 0xd860a01f9722d78051619d1e2351aba3f43f943f6f00718d1b9baa4101932a1f5011f16bb2b1bb35db20d6fe28fa0bf09636d26a87d31de9ec6203eeedb1f666 }
2025-11-26T08:39:30.811382Z DEBUG discv4: pinging boot node record=NodeRecord { address: 65.108.70.101, udp_port: 30303, tcp_port: 30303, id: 0x2b252ab6a1d0f971d9722cb839a42cb81db019ba44c08754628ab4a823487071b5695317c8ccd085219c3a03af063495b2f1da8d18218da2d6a82981b45e6ffc }
2025-11-26T08:39:30.811384Z DEBUG discv4: pinging boot node record=NodeRecord { address: 3.209.45.79, udp_port: 30303, tcp_port: 30303, id: 0x22a8232c3abc76a16ae9d6c3b164f98775fe226f0917b0ca871128a74a8e9630b458460865bab457221f1d448dd9791d24c4e5d88786180ac185df813a68d4de }
2025-11-26T08:39:30.812597Z DEBUG reth::cli: calling on_component_initialized hook
2025-11-26T08:39:30.813670Z  INFO reth::cli: StaticFileProducer initialized
2025-11-26T08:39:30.814712Z DEBUG pruner: Nothing to prune yet tip_block_number=0
2025-11-26T08:39:30.814745Z  INFO reth::static_file: commit called segment=Headers block_range=Some(SegmentRangeInclusive { start: 0, end: 0 }) tx_range=None is_dirty=false
2025-11-26T08:39:30.814768Z  INFO reth::static_file: commit called segment=Transactions block_range=Some(SegmentRangeInclusive { start: 0, end: 0 }) tx_range=None is_dirty=false
2025-11-26T08:39:30.814784Z  INFO reth::static_file: commit called segment=Receipts block_range=Some(SegmentRangeInclusive { start: 0, end: 0 }) tx_range=None is_dirty=false
2025-11-26T08:39:30.814831Z DEBUG storage::db::mdbx: Commit total_duration=40.08µs commit_latency=Some(CommitLatency(MDBX_commit_latency { preparation: 0, gc_wallclock: 0, audit: 0, write: 0, sync: 0, ending: 0, whole: 1, gc_cputime: 0, gc_prof: MDBX_commit_latency__bindgen_ty_1 { wloops: 0, coalescences: 0, wipes: 0, flushes: 0, kicks: 0, work_counter: 0, work_rtime_monotonic: 0, work_xtime_cpu: 0, work_rsteps: 0, work_xpages: 0, work_majflt: 0, self_counter: 0, self_rtime_monotonic: 0, self_xtime_cpu: 0, self_rsteps: 0, self_xpages: 0, self_majflt: 0, pnl_merge_work: MDBX_commit_latency__bindgen_ty_1__bindgen_ty_1 { time: 0, volume: 0, calls: 0 }, pnl_merge_self: MDBX_commit_latency__bindgen_ty_1__bindgen_ty_1 { time: 0, volume: 0, calls: 0 } } })) is_read_only=false
2025-11-26T08:39:30.816137Z  INFO reth::cli: Pruner initialized prune_config=PruneConfig { block_interval: 5, segments: PruneModes { sender_recovery: None, transaction_lookup: None, receipts: None, account_history: None, storage_history: None, bodies_history: None, receipts_log_filter: ReceiptsLogPruneConfig({}) } }
2025-11-26T08:39:30.816286Z  INFO reth::cli: Creating JWT auth secret file path="nitro-db/jwt.hex"
2025-11-26T08:39:30.819251Z  INFO reth::cli: Consensus engine initialized
2025-11-26T08:39:30.819976Z  INFO arb-reth::rpc: rpc: initial provider head best_number=0
2025-11-26T08:39:30.820006Z  INFO reth::cli: Engine API handler initialized
2025-11-26T08:39:30.821056Z DEBUG reth::cli: Using RPC module config http=Some(Selection({Eth, Net, Txpool, Debug, Web3, Trace, Rpc})) ws=None
2025-11-26T08:39:30.823710Z DEBUG reth_ipc::server: removed existing IPC endpoint file endpoint="/tmp/reth.ipc"
2025-11-26T08:39:30.824324Z  INFO reth::cli: RPC auth server started url=127.0.0.1:8551
2025-11-26T08:39:30.824636Z  INFO reth::cli: RPC IPC server started path=/tmp/reth.ipc
2025-11-26T08:39:30.824644Z  INFO reth::cli: RPC HTTP server started url=0.0.0.0:8547
2025-11-26T08:39:30.824893Z  INFO reth::cli: Starting consensus engine
2025-11-26T08:39:30.835869Z DEBUG hyper_util::client::legacy::connect::http: connecting to 34.160.111.145:443
2025-11-26T08:39:30.837523Z DEBUG hyper_util::client::legacy::connect::http: connected to 34.160.111.145:443
2025-11-26T08:39:30.842237Z DEBUG hyper_util::client::legacy::connect::http: connecting to 104.16.184.241:443
2025-11-26T08:39:30.854653Z DEBUG hyper_util::client::legacy::connect::http: connected to 104.16.184.241:443
2025-11-26T08:39:30.854967Z DEBUG hyper_util::client::legacy::pool: pooling idle connection for ("https", ifconfig.me)
2025-11-26T08:39:30.890734Z DEBUG hyper_util::client::legacy::pool: pooling idle connection for ("https", icanhazip.com)
2025-11-26T08:39:30.890825Z DEBUG discv4: Updating external ip external_ip=34.55.207.105
2025-11-26T08:39:30.891053Z DEBUG discv4: Updated local ENR enr=Enr { id: Some("v4"), seq: 2, NodeId: 0xf9d3a2884ea3d1400ff7e3595b752a8216157f1d92a00e3a710a9893f5dc5226, signature: "6dcf1f9a285b8572bf7651bbb6d950258de5b229554350d10881134d168ad388285a6caee60add453fda215bf7e2c38f056d2fce2be9930679ddc9810c94890f", IpV4 UDP Socket: Some(34.55.207.105:30303), IpV6 UDP Socket: None, IpV4 TCP Socket: Some(34.55.207.105:30303), IpV6 TCP Socket: None, Other Pairs: [("eth", "c7c68429e1a70180"), ("secp256k1", "a103ae3e40dd5c5f57559af882f43dd45a129ff1c666131f5d7a8562cfefdfac3e68")], .. }
2025-11-26T08:39:33.820979Z  INFO reth::cli: Status connected_peers=0 latest_block=0
2025-11-26T08:39:50.902469Z DEBUG net: fork id mismatch, removing peer peer_id=0xb8c35be299299f7c578dcdb330cb2e20904650c8027c0e76746436c1f6c5132244e18abd1acdb9128bba0de3c9f8992c44fd971d2752bbb702581a9f5491a407 remote_fork_id=ForkId { hash: ForkHash("62ebcfaf"), next: 0 } our_fork_id=ForkId { hash: ForkHash("29e1a701"), next: 0 }
2025-11-26T08:39:50.993430Z DEBUG net: fork id mismatch, removing peer peer_id=0xe156204687f4d20a309cd706325613f44fe575161cdacf63ad7f5c3498ebb7b8f45b3997f58374dfaaafe03aec9745f83938be24349cf3d60ce5d73048f27889 remote_fork_id=ForkId { hash: ForkHash("62ebcfaf"), next: 0 } our_fork_id=ForkId { hash: ForkHash("29e1a701"), next: 0 }
2025-11-26T08:39:51.038459Z DEBUG net: fork id mismatch, removing peer peer_id=0x5cd6270d92eb660e41b5e5757c1cc580d8c294044d7f675dc04ff6d02b340872f85c35b9b11f2e24ee337008787ea76a894ca14aff1ddbd50e91c50eb169780f remote_fork_id=ForkId { hash: ForkHash("62ebcfaf"), next: 0 } our_fork_id=ForkId { hash: ForkHash("29e1a701"), next: 0 }
2025-11-26T08:39:51.164584Z DEBUG net: fork id mismatch, removing peer peer_id=0xe8b2e5c5b06849c18f6f75a528957e06b3ef850e22b731407130de4196d72e01aba4a9d06bb90bda6f9a41f1ab6bf15a1fd0fc657b3d501a871ca70b36e11da6 remote_fork_id=ForkId { hash: ForkHash("62ebcfaf"), next: 0 } our_fork_id=ForkId { hash: ForkHash("29e1a701"), next: 0 }
2025-11-26T08:39:51.186701Z DEBUG net: fork id mismatch, removing peer peer_id=0xb3647388921ad6cb97926103a3a239a62636d9dbd2b80b36760ea6f411051852a7770561d8ab8e25af247339a38c92431011ff131a1555f1c46705894811939f remote_fork_id=ForkId { hash: ForkHash("62ebcfaf"), next: 0 } our_fork_id=ForkId { hash: ForkHash("29e1a701"), next: 0 }
2025-11-26T08:39:51.187534Z DEBUG net: fork id mismatch, removing peer peer_id=0xe2d57e9ea9f0dad443131d653b9b09fa328ca15c3e33481cb0c3dd70f2d929ecbb53286590707b58ebbb3d74826dfe28ade59aec41b3b93f6681abed2da5d7dd remote_fork_id=ForkId { hash: ForkHash("62ebcfaf"), next: 0 } our_fork_id=ForkId { hash: ForkHash("29e1a701"), next: 0 }
2025-11-26T08:40:30.887456Z DEBUG net: fork id mismatch, removing peer peer_id=0x60042eb84d366e57e564aa6061928399031c5b21b307f6e3b7496ad644c95a457dbdee57d541f538a201c2d593e0208ce94c764d64112788fd151134fd7b6a9c remote_fork_id=ForkId { hash: ForkHash("62ebcfaf"), next: 0 } our_fork_id=ForkId { hash: ForkHash("29e1a701"), next: 0 }
2025-11-26T08:40:30.902562Z DEBUG net: fork id mismatch, removing peer peer_id=0x23d592c342d86516e2ce6265610e1e240f9d9878dbedcf1d045fceb06fe121a3cc898cd4b6bb73442e545b378a81a70a51b1195f55df81e85cf700f06efd4635 remote_fork_id=ForkId { hash: ForkHash("62ebcfaf"), next: 0 } our_fork_id=ForkId { hash: ForkHash("29e1a701"), next: 0 }
2025-11-26T08:40:30.904611Z DEBUG net: fork id mismatch, removing peer peer_id=0x688703d3826d48eaf32e900936573357166e3a9eba99f2a00e0ce2dbeff97e098505e697f79f1969984a222babe6e802a5c414cb8a89a93894b3c5c2cbd062ba remote_fork_id=ForkId { hash: ForkHash("62ebcfaf"), next: 0 } our_fork_id=ForkId { hash: ForkHash("29e1a701"), next: 0 }
2025-11-26T08:40:30.972691Z DEBUG net: fork id mismatch, removing peer peer_id=0xb8c35be299299f7c578dcdb330cb2e20904650c8027c0e76746436c1f6c5132244e18abd1acdb9128bba0de3c9f8992c44fd971d2752bbb702581a9f5491a407 remote_fork_id=ForkId { hash: ForkHash("62ebcfaf"), next: 0 } our_fork_id=ForkId { hash: ForkHash("29e1a701"), next: 0 }
2025-11-26T08:40:31.075714Z DEBUG net: fork id mismatch, removing peer peer_id=0xa433ab13ae553b62d9daed474851fb3849b433e6652231ed66774b6429c20dfe495673b53009289998236b231a97894fc0665c8ac6eb100e7640510c32814c5a remote_fork_id=ForkId { hash: ForkHash("62ebcfaf"), next: 0 } our_fork_id=ForkId { hash: ForkHash("29e1a701"), next: 0 }
2025-11-26T08:40:31.077357Z DEBUG net: fork id mismatch, removing peer peer_id=0xbc7e6746059ded956721765343b0d092e803612ec9f38eae13322b82fdae188c4f54646f17a5544796506dc9e787a0000018b26e6a929a1e99cdd188e5f69416 remote_fork_id=ForkId { hash: ForkHash("62ebcfaf"), next: 0 } our_fork_id=ForkId { hash: ForkHash("29e1a701"), next: 0 }
2025-11-26T08:40:31.077912Z DEBUG net: fork id mismatch, removing peer peer_id=0x3e580e606857c3d110244bfd13d9299d4249ff34e89fd6b7b2667ad2bb12ddc609f0b569e6e3edbfbf42c54a5215542ba7083dd08b982fd03ed096e188b7ce1d remote_fork_id=ForkId { hash: ForkHash("62ebcfaf"), next: 0 } our_fork_id=ForkId { hash: ForkHash("29e1a701"), next: 0 }
2025-11-26T08:40:31.142227Z DEBUG net: fork id mismatch, removing peer peer_id=0x743dbb6dafd0fa19bba0cc04c4ef5f329bfca0dadc5421a0a177f2a5cc79e4e6f22f244cef28ba49711124fb94a8f265a981600f9f6e991bcc38743cb4a07122 remote_fork_id=ForkId { hash: ForkHash("62ebcfaf"), next: 0 } our_fork_id=ForkId { hash: ForkHash("29e1a701"), next: 0 }
2025-11-26T08:40:31.143536Z DEBUG net: fork id mismatch, removing peer peer_id=0x7f7c22a16a5ad807aa47eecdd13edf3884969734f9da6bc2971ea25fc2122b643a6c7bd0d3ba69f4012440137a96cf5188b696c7323ae92da7855ddbb8a02781 remote_fork_id=ForkId { hash: ForkHash("62ebcfaf"), next: 0 } our_fork_id=ForkId { hash: ForkHash("29e1a701"), next: 0 }
2025-11-26T08:40:31.143547Z DEBUG net: fork id mismatch, removing peer peer_id=0xe8b2e5c5b06849c18f6f75a528957e06b3ef850e22b731407130de4196d72e01aba4a9d06bb90bda6f9a41f1ab6bf15a1fd0fc657b3d501a871ca70b36e11da6 remote_fork_id=ForkId { hash: ForkHash("62ebcfaf"), next: 0 } our_fork_id=ForkId { hash: ForkHash("29e1a701"), next: 0 }
2025-11-26T08:40:31.166848Z DEBUG net: fork id mismatch, removing peer peer_id=0x930132a66eb0255cdce81866d2f4840b19eb7fbe57be4cb8011e977f49cdc9036a27b9f274580db4007821e6f806805f38603de7725a9e96006036b635d0be58 remote_fork_id=ForkId { hash: ForkHash("62ebcfaf"), next: 0 } our_fork_id=ForkId { hash: ForkHash("29e1a701"), next: 0 }
2025-11-26T08:40:31.167723Z DEBUG net: fork id mismatch, removing peer peer_id=0xe2d57e9ea9f0dad443131d653b9b09fa328ca15c3e33481cb0c3dd70f2d929ecbb53286590707b58ebbb3d74826dfe28ade59aec41b3b93f6681abed2da5d7dd remote_fork_id=ForkId { hash: ForkHash("62ebcfaf"), next: 0 } our_fork_id=ForkId { hash: ForkHash("29e1a701"), next: 0 }
2025-11-26T08:40:48.820941Z  INFO reth::cli: Status connected_peers=0 latest_block=0
2025-11-26T08:40:50.982372Z DEBUG net: fork id mismatch, removing peer peer_id=0xbe66b8ac7314a84b8836eb0b1ed1381aca24b14505394bf877886a0000a82d75f3a01a8961f991a0a249a2481aed977622959795310e9a8796a2c7c84c850fd7 remote_fork_id=ForkId { hash: ForkHash("c376cf8b"), next: 1764798551 } our_fork_id=ForkId { hash: ForkHash("29e1a701"), next: 0 }
2025-11-26T08:40:51.254981Z DEBUG net: fork id mismatch, removing peer peer_id=0xd9cfcde74c895530725af7a131e34ff916aaf55772d9a3614045740028db74342912f9a0643cafd9e892b8fda9b3b73635b75bfd766b7f560d466af43e494b2b remote_fork_id=ForkId { hash: ForkHash("c376cf8b"), next: 1764798551 } our_fork_id=ForkId { hash: ForkHash("29e1a701"), next: 0 }
2025-11-26T08:40:51.267777Z DEBUG net: fork id mismatch, removing peer peer_id=0x2fd9946d29b401a271845cf26a2f62b625c9823e36d21bb7576c796957defa8f157769861eb89c5eaae2aadb9ff821625c6a759d42926792c1d074b952a9bc4f remote_fork_id=ForkId { hash: ForkHash("701a097f"), next: 0 } our_fork_id=ForkId { hash: ForkHash("29e1a701"), next: 0 }
2025-11-26T08:40:51.392076Z DEBUG net: fork id mismatch, removing peer peer_id=0x7ab83377a659202d4fccd36e8464a1c9365364b5a2a207d1ccd994514aba26baa807380cb07425edf781dc369858e55fe85777574c23cd82bad4fc132655db2b remote_fork_id=ForkId { hash: ForkHash("62ebcfaf"), next: 0 } our_fork_id=ForkId { hash: ForkHash("29e1a701"), next: 0 }
2025-11-26T08:41:30.874432Z DEBUG net: fork id mismatch, removing peer peer_id=0x76c2ce380273674fdcccec861dbe0a1890bf47637469bba396e638679aa27325d51db1598b2b24cbce3698b688dd957520f2964269d1ad5df43adab70e9b9542 remote_fork_id=ForkId { hash: ForkHash("22d523b2"), next: 0 } our_fork_id=ForkId { hash: ForkHash("29e1a701"), next: 0 }
2025-11-26T08:41:30.874789Z DEBUG net: fork id mismatch, removing peer peer_id=0xcc91074136bc7e0e8f9b160a9f2d841e9fbf6266e35b9b782664947a4fd265ebee08565dd9872c7ca7eeb3f6b82275c909542a4539292f00a70e063b6026b0a5 remote_fork_id=ForkId { hash: ForkHash("62ebcfaf"), next: 0 } our_fork_id=ForkId { hash: ForkHash("29e1a701"), next: 0 }
2025-11-26T08:41:30.881400Z DEBUG net: fork id mismatch, removing peer peer_id=0x315e23e64a99f68854c50bb612d7f9ef987eef4c815f4c611e0dec7c0af0e8631d539c76d2db6cdecc4dcb312a267ca87481f4a558c9fc3ec77187dd1e11f484 remote_fork_id=ForkId { hash: ForkHash("62ebcfaf"), next: 0 } our_fork_id=ForkId { hash: ForkHash("29e1a701"), next: 0 }
2025-11-26T08:41:31.025082Z DEBUG net: fork id mismatch, removing peer peer_id=0x743dbb6dafd0fa19bba0cc04c4ef5f329bfca0dadc5421a0a177f2a5cc79e4e6f22f244cef28ba49711124fb94a8f265a981600f9f6e991bcc38743cb4a07122 remote_fork_id=ForkId { hash: ForkHash("62ebcfaf"), next: 0 } our_fork_id=ForkId { hash: ForkHash("29e1a701"), next: 0 }
2025-11-26T08:41:31.026089Z DEBUG net: fork id mismatch, removing peer peer_id=0x67dd6cc1cfdd993b0a9e3cd27eedbdcec6c398782a17a128c584b8691c9e72025ab21d675a4ef3224a764fc12b1f912f9e8853dffb2b45fc56e9d54a178917e9 remote_fork_id=ForkId { hash: ForkHash("62ebcfaf"), next: 0 } our_fork_id=ForkId { hash: ForkHash("29e1a701"), next: 0 }
2025-11-26T08:41:31.047506Z DEBUG net: fork id mismatch, removing peer peer_id=0xa433ab13ae553b62d9daed474851fb3849b433e6652231ed66774b6429c20dfe495673b53009289998236b231a97894fc0665c8ac6eb100e7640510c32814c5a remote_fork_id=ForkId { hash: ForkHash("62ebcfaf"), next: 0 } our_fork_id=ForkId { hash: ForkHash("29e1a701"), next: 0 }
2025-11-26T08:41:31.048402Z DEBUG net: fork id mismatch, removing peer peer_id=0x6d061e2cc3cb4ffd165d2c0f3235b43589c09c450b3507b7cc470484294938a01e616603f6ea838e388754e1157bc5865124be17140d566a335965360cf23515 remote_fork_id=ForkId { hash: ForkHash("62ebcfaf"), next: 0 } our_fork_id=ForkId { hash: ForkHash("29e1a701"), next: 0 }
2025-11-26T08:41:31.071061Z DEBUG net: fork id mismatch, removing peer peer_id=0x970ecf33ff0a86681291bce0f04c3bbaf92b2147803a94dc994742b560ce9eb4f8e979d6677425874794c8f138763d15743b9453adaeb83313aa648d8293a915 remote_fork_id=ForkId { hash: ForkHash("62ebcfaf"), next: 0 } our_fork_id=ForkId { hash: ForkHash("29e1a701"), next: 0 }
2025-11-26T08:41:31.071083Z DEBUG net: fork id mismatch, removing peer peer_id=0x930132a66eb0255cdce81866d2f4840b19eb7fbe57be4cb8011e977f49cdc9036a27b9f274580db4007821e6f806805f38603de7725a9e96006036b635d0be58 remote_fork_id=ForkId { hash: ForkHash("62ebcfaf"), next: 0 } our_fork_id=ForkId { hash: ForkHash("29e1a701"), next: 0 }
2025-11-26T08:41:31.071902Z DEBUG net: fork id mismatch, removing peer peer_id=0xc41d57d8696dfff26f45cb84ace0f9eb8784196705fce2bf6a60d6ed379d308b9862b3d563351ea21c4280cc2ac4498861dc2eb74f3e3c70240335691435491c remote_fork_id=ForkId { hash: ForkHash("62ebcfaf"), next: 0 } our_fork_id=ForkId { hash: ForkHash("29e1a701"), next: 0 }
2025-11-26T08:42:03.820586Z  INFO reth::cli: Status connected_peers=0 latest_block=0
2025-11-26T08:42:11.340338Z DEBUG net: fork id mismatch, removing peer peer_id=0xa07d7d53ae016fe2f0bf5947998e2dbb0a1176500ed59d459b2b60e3a7aa159dfed6f1b1c089469ca51e4178612daff1a0123be6cd423c7aa3ad26c7f9bb6f13 remote_fork_id=ForkId { hash: ForkHash("c376cf8b"), next: 0 } our_fork_id=ForkId { hash: ForkHash("29e1a701"), next: 0 }
2025-11-26T08:42:11.345299Z DEBUG net: fork id mismatch, removing peer peer_id=0xacf9a57b6577861f1c257e5c7d911ffa0b73f7b1212be8f6f6a5b9cc3aedc5354e664956750a43dc5a631a6389e006419d36fe19a947adbc460e242aec67c3d7 remote_fork_id=ForkId { hash: ForkHash("dc198e1e"), next: 0 } our_fork_id=ForkId { hash: ForkHash("29e1a701"), next: 0 }
2025-11-26T08:42:11.467430Z DEBUG net: fork id mismatch, removing peer peer_id=0xf08e1b1e635e12feed84ef2d8363a8b97f27cd7ca9f66be4bb92313c398001c914bec2e07df71313fca1e04ecb3a5010b9d346f11a4db22b3671e21a29d2af10 remote_fork_id=ForkId { hash: ForkHash("dc198e1e"), next: 0 } our_fork_id=ForkId { hash: ForkHash("29e1a701"), next: 0 }
2025-11-26T08:42:13.725120Z DEBUG start_pending_outbound_session{[3mremote_addr[0m[2m=[0m147.135.120.250:30303}: reth_eth_wire::handshake: decode error in eth handshake: msg=00f85745818984592cca7aa0a9c28ce2141b56c474f1dc504bee9b01eb1bd7d1a507580d5519d4437a97de1bc68422d523b280808404bd63eda0be4aa284a6b988a24d069cb655b46d0f0c1715134f2a4ae36c36f6619e0e18a9
2025-11-26T08:42:18.132249Z DEBUG net: fork id mismatch, removing peer peer_id=0xa540690f56803b2b464790d0673f57cb975b49369d4857c09da3519c7bf236ee0c49df60a648d52e291379c8736ffe64502f9e600b4e90437e544915dc3a3bce remote_fork_id=ForkId { hash: ForkHash("18d3c8d9"), next: 0 } our_fork_id=ForkId { hash: ForkHash("29e1a701"), next: 0 }
2025-11-26T08:42:51.129711Z DEBUG net: fork id mismatch, removing peer peer_id=0xf5cfdb8869b8b6dd27a7447b855caa90d0f17f5881e4bf45819859900484d358e54aa0b7570d962a9a52eccaf11819390499ab123306926ede5863786c61361a remote_fork_id=ForkId { hash: ForkHash("62ebcfaf"), next: 0 } our_fork_id=ForkId { hash: ForkHash("29e1a701"), next: 0 }
2025-11-26T08:42:51.168692Z DEBUG net: fork id mismatch, removing peer peer_id=0x711ec5b26cff53cc1270cd174d0c6760bc443d25195f465332352bc162c49074d049b20c33182b1ae07c42c358457e7a4a40571a2861ba95bda4095a3561c28c remote_fork_id=ForkId { hash: ForkHash("098d24ac"), next: 0 } our_fork_id=ForkId { hash: ForkHash("29e1a701"), next: 0 }
2025-11-26T08:43:02.841198Z DEBUG start_pending_outbound_session{[3mremote_addr[0m[2m=[0m157.254.203.31:30303}: reth_eth_wire::handshake: decode error in eth handshake: msg=00f85745818984592cca92a0a9c28ce2141b56c474f1dc504bee9b01eb1bd7d1a507580d5519d4437a97de1bc68422d523b280808404bd6405a0133c57d84585a84606179cc76f23e67e30424b591fb84822b20f8765e29355c1
2025-11-26T08:43:18.820201Z  INFO reth::cli: Status connected_peers=0 latest_block=0
2025-11-26T08:43:31.329234Z DEBUG net: fork id mismatch, removing peer peer_id=0xa07d7d53ae016fe2f0bf5947998e2dbb0a1176500ed59d459b2b60e3a7aa159dfed6f1b1c089469ca51e4178612daff1a0123be6cd423c7aa3ad26c7f9bb6f13 remote_fork_id=ForkId { hash: ForkHash("c376cf8b"), next: 0 } our_fork_id=ForkId { hash: ForkHash("29e1a701"), next: 0 }
2025-11-26T08:43:37.919753Z DEBUG reth::cli: shutting down gracefully
2025-11-26T08:43:37.921630Z  INFO reth::cli: Wrote network peers to file peers_file="nitro-db/known-peers.json"
2025-11-26T08:43:37.921804Z DEBUG reth_tasks: gracefully shut down
