   Compiling reth-trie-sparse-parallel v1.10.2 (/home/mediocregopher/src/ithaca/reth-worktrees/beta/crates/trie/sparse-parallel)
   Compiling reth-engine-tree v1.10.2 (/home/mediocregopher/src/ithaca/reth-worktrees/beta/crates/engine/tree)
   Compiling reth-engine-service v1.10.2 (/home/mediocregopher/src/ithaca/reth-worktrees/beta/crates/engine/service)
   Compiling reth-engine-util v1.10.2 (/home/mediocregopher/src/ithaca/reth-worktrees/beta/crates/engine/util)
   Compiling reth-node-builder v1.10.2 (/home/mediocregopher/src/ithaca/reth-worktrees/beta/crates/node/builder)
   Compiling reth-node-ethereum v1.10.2 (/home/mediocregopher/src/ithaca/reth-worktrees/beta/crates/ethereum/node)
   Compiling reth-cli-commands v1.10.2 (/home/mediocregopher/src/ithaca/reth-worktrees/beta/crates/cli/commands)
   Compiling reth-ethereum-cli v1.10.2 (/home/mediocregopher/src/ithaca/reth-worktrees/beta/crates/ethereum/cli)
   Compiling reth v1.10.2 (/home/mediocregopher/src/ithaca/reth-worktrees/beta/bin/reth)
    Finished `profiling` profile [optimized + debuginfo] target(s) in 2m 31s
     Running `target/profiling/reth node --datadir /home/mediocregopher/src/ithaca/data/reth/hoodi --chain hoodi --engine.accept-execution-requests-hash --metrics '[::1]:9100' --engine.enable-sparse-trie-as-cache`
[2m2026-02-09T10:27:31.218093Z[0m [32m INFO[0m Initialized tracing, debug log directory: /home/mediocregopher/.cache/reth/logs/hoodi
[2m2026-02-09T10:27:31.219554Z[0m [32m INFO[0m Starting Reth [3mversion[0m[2m=[0m"1.10.2-dev (1efaaa8)"
[2m2026-02-09T10:27:31.219569Z[0m [32m INFO[0m Opening database [3mpath[0m[2m=[0m"/home/mediocregopher/src/ithaca/data/reth/hoodi/db"
[2m2026-02-09T10:27:31.330541Z[0m [32m INFO[0m Launching node
[2m2026-02-09T10:27:31.338562Z[0m [33m WARN[0m Pruning configuration is present in the config file, but no CLI arguments are provided. Using config from file.
[2m2026-02-09T10:27:31.338576Z[0m [32m INFO[0m Configuration loaded [3mpath[0m[2m=[0m"/home/mediocregopher/src/ithaca/data/reth/hoodi/reth.toml"
[2m2026-02-09T10:27:31.371333Z[0m [32m INFO[0m [1mcheck_consistency[0m[2m:[0m Healing static file inconsistencies.
[2m2026-02-09T10:27:31.378296Z[0m [32m INFO[0m [1mcheck_consistency[0m[2m:[0m[1mcheck_consistency[0m[1m{[0m[3mread_only[0m[2m=[0mfalse[1m}[0m[2m:[0m Verifying storage consistency.
[2m2026-02-09T10:27:31.378692Z[0m [32m INFO[0m Database opened
[2m2026-02-09T10:27:31.378737Z[0m [32m INFO[0m Starting metrics endpoint at [::1]:9100
[2m2026-02-09T10:27:31.379511Z[0m [32m INFO[0m 
Pre-merge hard forks (block based):
- Frontier                         @0
- Homestead                        @0
- Dao                              @0
- Tangerine                        @0
- SpuriousDragon                   @0
- Byzantium                        @0
- Constantinople                   @0
- Petersburg                       @0
- Istanbul                         @0
- MuirGlacier                      @0
- Berlin                           @0
- London                           @0
Merge hard forks:
- Paris                            @0 (network is known to be merged)
Post-merge hard forks (timestamp based):
- Shanghai                         @0          blob: (target: 3, max: 6, fraction: 3338477)
- Cancun                           @0          blob: (target: 3, max: 6, fraction: 3338477)
- Prague                           @1742999832          blob: (target: 6, max: 9, fraction: 5007716)
- Osaka                            @1761677592          blob: (target: 6, max: 9, fraction: 5007716)
- Bpo1                             @1762365720          blob: (target: 10, max: 15, fraction: 8346193)
- Bpo2                             @1762955544          blob: (target: 14, max: 21, fraction: 11684671)
[2m2026-02-09T10:27:31.379534Z[0m [32m INFO[0m Loaded storage settings [3msettings[0m[2m=[0mStorageSettings { receipts_in_static_files: false, transaction_senders_in_static_files: false, storages_history_in_rocksdb: false, transaction_hash_numbers_in_rocksdb: false, account_history_in_rocksdb: false, account_changesets_in_static_files: false, storage_changesets_in_static_files: false }
[2m2026-02-09T10:27:31.381010Z[0m [32m INFO[0m Transaction pool initialized
[2m2026-02-09T10:27:31.381740Z[0m [32m INFO[0m Loading saved peers [3mfile[0m[2m=[0m/home/mediocregopher/src/ithaca/data/reth/hoodi/known-peers.json
[2m2026-02-09T10:27:31.423272Z[0m [32m INFO[0m P2P networking initialized [3menode[0m[2m=[0menode://f10021e1b2e384d50c28c08a5388a9242cc34b58cc1e756967df355ec3a76508c89a0b3c5a6ccaba7afb9570cd79a827f50b6853d02457f60a378ae00627f8bb@0.0.0.0:30303
[2m2026-02-09T10:27:31.423408Z[0m [32m INFO[0m StaticFileProducer initialized
[2m2026-02-09T10:27:31.423746Z[0m [32m INFO[0m Pruner initialized [3mprune_config[0m[2m=[0mPruneConfig { block_interval: 5, segments: PruneModes { sender_recovery: Some(Full), transaction_lookup: None, receipts: Some(Distance(10064)), account_history: Some(Distance(10064)), storage_history: Some(Distance(10064)), bodies_history: None, receipts_log_filter: ReceiptsLogPruneConfig({}) } }
[2m2026-02-09T10:27:31.424258Z[0m [32m INFO[0m Consensus engine initialized
[2m2026-02-09T10:27:31.424377Z[0m [32m INFO[0m Engine API handler initialized
[2m2026-02-09T10:27:31.425941Z[0m [32m INFO[0m RPC auth server started [3murl[0m[2m=[0m127.0.0.1:8551
[2m2026-02-09T10:27:31.425978Z[0m [32m INFO[0m RPC IPC server started [3mpath[0m[2m=[0m/tmp/reth.ipc
[2m2026-02-09T10:27:31.426052Z[0m [32m INFO[0m Starting consensus engine
[2m2026-02-09T10:27:34.425644Z[0m [32m INFO[0m Status [3mconnected_peers[0m[2m=[0m0 [3mlatest_block[0m[2m=[0m891801
[2m2026-02-09T10:28:49.424605Z[0m [32m INFO[0m Status [3mconnected_peers[0m[2m=[0m1 [3mlatest_block[0m[2m=[0m891801
[2m2026-02-09T10:30:04.425637Z[0m [32m INFO[0m Status [3mconnected_peers[0m[2m=[0m2 [3mlatest_block[0m[2m=[0m891801
[2m2026-02-09T10:31:19.425140Z[0m [32m INFO[0m Status [3mconnected_peers[0m[2m=[0m2 [3mlatest_block[0m[2m=[0m891801
[2m2026-02-09T10:32:31.424763Z[0m [33m WARN[0m Post-merge network, but never seen beacon client. Please launch one to follow the chain!
[2m2026-02-09T10:32:34.425171Z[0m [32m INFO[0m Status [3mconnected_peers[0m[2m=[0m2 [3mlatest_block[0m[2m=[0m891801
[2m2026-02-09T10:33:49.425002Z[0m [32m INFO[0m Status [3mconnected_peers[0m[2m=[0m2 [3mlatest_block[0m[2m=[0m891801
[2m2026-02-09T10:35:04.425676Z[0m [32m INFO[0m Status [3mconnected_peers[0m[2m=[0m3 [3mlatest_block[0m[2m=[0m891801
[2m2026-02-09T10:36:19.425026Z[0m [32m INFO[0m Status [3mconnected_peers[0m[2m=[0m3 [3mlatest_block[0m[2m=[0m891801
[2m2026-02-09T10:37:31.425044Z[0m [33m WARN[0m Post-merge network, but never seen beacon client. Please launch one to follow the chain!
[2m2026-02-09T10:37:34.425099Z[0m [32m INFO[0m Status [3mconnected_peers[0m[2m=[0m3 [3mlatest_block[0m[2m=[0m891801
[2m2026-02-09T10:38:49.425380Z[0m [32m INFO[0m Status [3mconnected_peers[0m[2m=[0m3 [3mlatest_block[0m[2m=[0m891801
[2m2026-02-09T10:40:04.425508Z[0m [32m INFO[0m Status [3mconnected_peers[0m[2m=[0m3 [3mlatest_block[0m[2m=[0m891801
[2m2026-02-09T10:41:08.246724Z[0m [32m INFO[0m Received block from consensus engine [3mnumber[0m[2m=[0m891802 [3mhash[0m[2m=[0m0x968d6dc50baa831ae1d59ee9f6d4a62a60cd47f14c38daaddbd441933ae420ae
[2m2026-02-09T10:41:08.349644Z[0m [32m INFO[0m State root task finished [3mstate_root[0m[2m=[0m0x902941630be997070cbde4168721b2d936a15a74a58c812e31b09064d784851a [3melapsed[0m[2m=[0m3.435027ms
[2m2026-02-09T10:41:08.349746Z[0m [32m INFO[0m Block added to canonical chain [3mnumber[0m[2m=[0m891802 [3mhash[0m[2m=[0m0x968d6dc50baa831ae1d59ee9f6d4a62a60cd47f14c38daaddbd441933ae420ae [3mpeers[0m[2m=[0m3 [3mtxs[0m[2m=[0m35 [3mgas_used[0m[2m=[0m59.69Mgas [3mgas_throughput[0m[2m=[0m579.99Mgas/second [3mgas_limit[0m[2m=[0m60.00Mgas [3mfull[0m[2m=[0m99.5% [3mbase_fee[0m[2m=[0m0.93Gwei [3mblobs[0m[2m=[0m5 [3mexcess_blobs[0m[2m=[0m0 [3melapsed[0m[2m=[0m102.919848ms
[2m2026-02-09T10:41:08.351160Z[0m [32m INFO[0m Canonical chain committed [3mnumber[0m[2m=[0m891802 [3mhash[0m[2m=[0m0x968d6dc50baa831ae1d59ee9f6d4a62a60cd47f14c38daaddbd441933ae420ae [3melapsed[0m[2m=[0m46.257µs
[2m2026-02-09T10:41:08.351416Z[0m [32m INFO[0m Forkchoice updated [3mhead_block_hash[0m[2m=[0m0x968d6dc50baa831ae1d59ee9f6d4a62a60cd47f14c38daaddbd441933ae420ae [3msafe_block_hash[0m[2m=[0m0xc78636316b493052a839156758262a5e061b7fd6dda9c3822f40fdf7f7485458 [3mfinalized_block_hash[0m[2m=[0m0xc0b20f6d98c0cfc6247d9f0cb72c0270d1d95458f290a567fa24fbd272dc44d5
[2m2026-02-09T10:41:08.382168Z[0m [32m INFO[0m Received block from consensus engine [3mnumber[0m[2m=[0m891803 [3mhash[0m[2m=[0m0x779e3c6f62411481aa3656c7de84fdcd16d5a69f3019de7b2b68dca37fcc3cf7
[2m2026-02-09T10:41:08.400535Z[0m [32m INFO[0m State root task finished [3mstate_root[0m[2m=[0m0x54ccfbdcc152e0f613fe98a5c6fc5ed6b7400c8ea7763a263992d55056053296 [3melapsed[0m[2m=[0m9.731248ms
[2m2026-02-09T10:41:08.400600Z[0m [32m INFO[0m Block added to canonical chain [3mnumber[0m[2m=[0m891803 [3mhash[0m[2m=[0m0x779e3c6f62411481aa3656c7de84fdcd16d5a69f3019de7b2b68dca37fcc3cf7 [3mpeers[0m[2m=[0m3 [3mtxs[0m[2m=[0m7 [3mgas_used[0m[2m=[0m2.30Mgas [3mgas_throughput[0m[2m=[0m125.05Mgas/second [3mgas_limit[0m[2m=[0m60.00Mgas [3mfull[0m[2m=[0m3.8% [3mbase_fee[0m[2m=[0m1.04Gwei [3mblobs[0m[2m=[0m4 [3mexcess_blobs[0m[2m=[0m0 [3melapsed[0m[2m=[0m18.406661ms
[2m2026-02-09T10:41:08.401850Z[0m [32m INFO[0m Canonical chain committed [3mnumber[0m[2m=[0m891803 [3mhash[0m[2m=[0m0x779e3c6f62411481aa3656c7de84fdcd16d5a69f3019de7b2b68dca37fcc3cf7 [3melapsed[0m[2m=[0m25.969µs
[2m2026-02-09T10:41:08.402123Z[0m [32m INFO[0m Forkchoice updated [3mhead_block_hash[0m[2m=[0m0x779e3c6f62411481aa3656c7de84fdcd16d5a69f3019de7b2b68dca37fcc3cf7 [3msafe_block_hash[0m[2m=[0m0x870ba78fab15b9c0d6925ebca82b80d3873ed0967311943bde3857bb0bf0edc2 [3mfinalized_block_hash[0m[2m=[0m0x5492364b3be452916c0f1980b276d6a840772d619841e9d1d344205ae5f86c40
[2m2026-02-09T10:41:08.544782Z[0m [32m INFO[0m Received block from consensus engine [3mnumber[0m[2m=[0m891804 [3mhash[0m[2m=[0m0xf5bdb55cfaaeaca906ff7188f059203ecbdaa58d0e52e0954a15fd1ab23d0bd7
[2m2026-02-09T10:41:08.604190Z[0m [32m INFO[0m State root task finished [3mstate_root[0m[2m=[0m0x9735d7a95ea0cd9667ff199348217b52edb55bbb036424ac36b84cf9dd0a7f02 [3melapsed[0m[2m=[0m1.634317ms
[2m2026-02-09T10:41:08.604324Z[0m [32m INFO[0m Block added to canonical chain [3mnumber[0m[2m=[0m891804 [3mhash[0m[2m=[0m0xf5bdb55cfaaeaca906ff7188f059203ecbdaa58d0e52e0954a15fd1ab23d0bd7 [3mpeers[0m[2m=[0m3 [3mtxs[0m[2m=[0m66 [3mgas_used[0m[2m=[0m57.91Mgas [3mgas_throughput[0m[2m=[0m973.79Mgas/second [3mgas_limit[0m[2m=[0m60.00Mgas [3mfull[0m[2m=[0m96.5% [3mbase_fee[0m[2m=[0m0.92Gwei [3mblobs[0m[2m=[0m4 [3mexcess_blobs[0m[2m=[0m0 [3melapsed[0m[2m=[0m59.471024ms
[2m2026-02-09T10:41:08.605695Z[0m [32m INFO[0m Canonical chain committed [3mnumber[0m[2m=[0m891804 [3mhash[0m[2m=[0m0xf5bdb55cfaaeaca906ff7188f059203ecbdaa58d0e52e0954a15fd1ab23d0bd7 [3melapsed[0m[2m=[0m161.455µs
[2m2026-02-09T10:41:08.605974Z[0m [32m INFO[0m Forkchoice updated [3mhead_block_hash[0m[2m=[0m0xf5bdb55cfaaeaca906ff7188f059203ecbdaa58d0e52e0954a15fd1ab23d0bd7 [3msafe_block_hash[0m[2m=[0m0xa3778e76a266624a4b55e635a8289026f0dc0762f6965cabaa801a74436a927c [3mfinalized_block_hash[0m[2m=[0m0xe5d206ac73991dfa03429b74f75f4a8d030a5cbafe02e44abaeccc4b51c54d7c
[2m2026-02-09T10:41:08.672820Z[0m [32m INFO[0m Received block from consensus engine [3mnumber[0m[2m=[0m891805 [3mhash[0m[2m=[0m0x58f8100ab9108b70c37c7fdbf2d495b2959a467b8d8b82de2d5ba1db314e3477
[2m2026-02-09T10:41:08.694320Z[0m [32m INFO[0m State root task finished [3mstate_root[0m[2m=[0m0xa9cedc0488d159e5ff883a663198b4ebccf55dd6e1a89507865fa658d463dd15 [3melapsed[0m[2m=[0m10.842256ms
[2m2026-02-09T10:41:08.694419Z[0m [32m INFO[0m Block added to canonical chain [3mnumber[0m[2m=[0m891805 [3mhash[0m[2m=[0m0x58f8100ab9108b70c37c7fdbf2d495b2959a467b8d8b82de2d5ba1db314e3477 [3mpeers[0m[2m=[0m3 [3mtxs[0m[2m=[0m10 [3mgas_used[0m[2m=[0m4.66Mgas [3mgas_throughput[0m[2m=[0m216.06Mgas/second [3mgas_limit[0m[2m=[0m60.00Mgas [3mfull[0m[2m=[0m7.8% [3mbase_fee[0m[2m=[0m1.03Gwei [3mblobs[0m[2m=[0m2 [3mexcess_blobs[0m[2m=[0m0 [3melapsed[0m[2m=[0m21.554697ms
[2m2026-02-09T10:41:08.695743Z[0m [32m INFO[0m Canonical chain committed [3mnumber[0m[2m=[0m891805 [3mhash[0m[2m=[0m0x58f8100ab9108b70c37c7fdbf2d495b2959a467b8d8b82de2d5ba1db314e3477 [3melapsed[0m[2m=[0m23.154µs
[2m2026-02-09T10:41:08.696081Z[0m [32m INFO[0m Forkchoice updated [3mhead_block_hash[0m[2m=[0m0x58f8100ab9108b70c37c7fdbf2d495b2959a467b8d8b82de2d5ba1db314e3477 [3msafe_block_hash[0m[2m=[0m0x00dd5eeddfe372f1d43bcb184688457b66e7603300c17ebbc8b4ca3851d18812 [3mfinalized_block_hash[0m[2m=[0m0x5e8c54d5389a9f5f5c75cb08eb7b4415b60b3deaf0e2575b23216064049853de
[2m2026-02-09T10:41:08.821990Z[0m [32m INFO[0m Received block from consensus engine [3mnumber[0m[2m=[0m891806 [3mhash[0m[2m=[0m0x228c5d61ea9038bd35518e3047ec4f024f49c1f81d77b9d027a532e135356117
[2m2026-02-09T10:41:08.875911Z[0m [32m INFO[0m State root task finished [3mstate_root[0m[2m=[0m0x3ca498a9c83a1695b3ebc560ef0c5567a9c04af461a344a9ebdb229c885a4f85 [3melapsed[0m[2m=[0m2.759791ms
[2m2026-02-09T10:41:08.876051Z[0m [32m INFO[0m Block added to canonical chain [3mnumber[0m[2m=[0m891806 [3mhash[0m[2m=[0m0x228c5d61ea9038bd35518e3047ec4f024f49c1f81d77b9d027a532e135356117 [3mpeers[0m[2m=[0m3 [3mtxs[0m[2m=[0m41 [3mgas_used[0m[2m=[0m58.51Mgas [3mgas_throughput[0m[2m=[0m1.08Ggas/second [3mgas_limit[0m[2m=[0m60.00Mgas [3mfull[0m[2m=[0m97.5% [3mbase_fee[0m[2m=[0m0.92Gwei [3mblobs[0m[2m=[0m5 [3mexcess_blobs[0m[2m=[0m0 [3melapsed[0m[2m=[0m53.998939ms
[2m2026-02-09T10:41:08.878030Z[0m [32m INFO[0m Canonical chain committed [3mnumber[0m[2m=[0m891806 [3mhash[0m[2m=[0m0x228c5d61ea9038bd35518e3047ec4f024f49c1f81d77b9d027a532e135356117 [3melapsed[0m[2m=[0m93.286µs
[2m2026-02-09T10:41:08.878459Z[0m [32m INFO[0m Forkchoice updated [3mhead_block_hash[0m[2m=[0m0x228c5d61ea9038bd35518e3047ec4f024f49c1f81d77b9d027a532e135356117 [3msafe_block_hash[0m[2m=[0m0xa4baaf9528d10e99444c9d0499395a328e4bf6971fd8914b9f9987a7ae06f274 [3mfinalized_block_hash[0m[2m=[0m0x486776552acc0ae9a07e84a656937a3a12074d1104f829e8145c89340802139f
[2m2026-02-09T10:41:08.945104Z[0m [32m INFO[0m Received block from consensus engine [3mnumber[0m[2m=[0m891807 [3mhash[0m[2m=[0m0xc035aa95b97e978bdea55aaf17e6e6f79447c7a49ccdafe10e2402c6278411c6
[2m2026-02-09T10:41:08.962403Z[0m [32m INFO[0m State root task finished [3mstate_root[0m[2m=[0m0x18b6bd91b81791b1bcba6c6f1d1363f38c3431363d79b28789b680e9ac1d1c70 [3melapsed[0m[2m=[0m7.881946ms
[2m2026-02-09T10:41:08.962485Z[0m [32m INFO[0m Block added to canonical chain [3mnumber[0m[2m=[0m891807 [3mhash[0m[2m=[0m0xc035aa95b97e978bdea55aaf17e6e6f79447c7a49ccdafe10e2402c6278411c6 [3mpeers[0m[2m=[0m3 [3mtxs[0m[2m=[0m6 [3mgas_used[0m[2m=[0m2.28Mgas [3mgas_throughput[0m[2m=[0m131.28Mgas/second [3mgas_limit[0m[2m=[0m60.00Mgas [3mfull[0m[2m=[0m3.8% [3mbase_fee[0m[2m=[0m1.03Gwei [3mblobs[0m[2m=[0m1 [3mexcess_blobs[0m[2m=[0m0 [3melapsed[0m[2m=[0m17.355968ms
[2m2026-02-09T10:41:08.963289Z[0m [32m INFO[0m Canonical chain committed [3mnumber[0m[2m=[0m891807 [3mhash[0m[2m=[0m0xc035aa95b97e978bdea55aaf17e6e6f79447c7a49ccdafe10e2402c6278411c6 [3melapsed[0m[2m=[0m22.162µs
[2m2026-02-09T10:41:08.963559Z[0m [32m INFO[0m Forkchoice updated [3mhead_block_hash[0m[2m=[0m0xc035aa95b97e978bdea55aaf17e6e6f79447c7a49ccdafe10e2402c6278411c6 [3msafe_block_hash[0m[2m=[0m0x3cfd30f608b49bd8549c2b68e1a2e12c2982b8c2149586d7d3cd8f0a41bb49ef [3mfinalized_block_hash[0m[2m=[0m0x7f1f6138f576bbcbaf8b43154cf0c767f8e0df68c5a8af2977d54eeaa2b140e4
[2m2026-02-09T10:41:09.096671Z[0m [32m INFO[0m Received block from consensus engine [3mnumber[0m[2m=[0m891808 [3mhash[0m[2m=[0m0xd98f25012ef8d6590287ba77cd6efa3d3427f54b7ac347538c9e22c3fcf7cf44
[2m2026-02-09T10:41:09.146652Z[0m [32m INFO[0m State root task finished [3mstate_root[0m[2m=[0m0xcbc0d3399ba9f4945e6274648d9e08fefb3b9d8f2f0dab4229da1e6985c500b4 [3melapsed[0m[2m=[0m1.697365ms
[2m2026-02-09T10:41:09.146733Z[0m [32m INFO[0m Block added to canonical chain [3mnumber[0m[2m=[0m891808 [3mhash[0m[2m=[0m0xd98f25012ef8d6590287ba77cd6efa3d3427f54b7ac347538c9e22c3fcf7cf44 [3mpeers[0m[2m=[0m3 [3mtxs[0m[2m=[0m31 [3mgas_used[0m[2m=[0m58.56Mgas [3mgas_throughput[0m[2m=[0m1.17Ggas/second [3mgas_limit[0m[2m=[0m60.00Mgas [3mfull[0m[2m=[0m97.6% [3mbase_fee[0m[2m=[0m0.91Gwei [3mblobs[0m[2m=[0m5 [3mexcess_blobs[0m[2m=[0m0 [3melapsed[0m[2m=[0m50.02234ms
[2m2026-02-09T10:41:09.147815Z[0m [32m INFO[0m Canonical chain committed [3mnumber[0m[2m=[0m891808 [3mhash[0m[2m=[0m0xd98f25012ef8d6590287ba77cd6efa3d3427f54b7ac347538c9e22c3fcf7cf44 [3melapsed[0m[2m=[0m24.246µs
[2m2026-02-09T10:41:09.148140Z[0m [32m INFO[0m Forkchoice updated [3mhead_block_hash[0m[2m=[0m0xd98f25012ef8d6590287ba77cd6efa3d3427f54b7ac347538c9e22c3fcf7cf44 [3msafe_block_hash[0m[2m=[0m0x4aaa5267b5bfbd5fdbd17274fdca01ae5f0111fa6223251294bf8292ec5bf79a [3mfinalized_block_hash[0m[2m=[0m0x4588a25569e951a63546a3485b49ea1504902388bb060e41f2761f125a48e842
[2m2026-02-09T10:41:09.222526Z[0m [32m INFO[0m Received block from consensus engine [3mnumber[0m[2m=[0m891809 [3mhash[0m[2m=[0m0xfe75790037936bb6c6eab65b263017c5b63b1e07469d18ee6c2370407095c992
[2m2026-02-09T10:41:09.239461Z[0m [32m INFO[0m State root task finished [3mstate_root[0m[2m=[0m0x233d8dee20a84b5b3ce878b3b7ab34bc5bbb09b888e32d57fcb7a61c7c3f207a [3melapsed[0m[2m=[0m7.665456ms
[2m2026-02-09T10:41:09.239530Z[0m [32m INFO[0m Block added to canonical chain [3mnumber[0m[2m=[0m891809 [3mhash[0m[2m=[0m0xfe75790037936bb6c6eab65b263017c5b63b1e07469d18ee6c2370407095c992 [3mpeers[0m[2m=[0m3 [3mtxs[0m[2m=[0m7 [3mgas_used[0m[2m=[0m1.58Mgas [3mgas_throughput[0m[2m=[0m93.02Mgas/second [3mgas_limit[0m[2m=[0m60.00Mgas [3mfull[0m[2m=[0m2.6% [3mbase_fee[0m[2m=[0m1.02Gwei [3mblobs[0m[2m=[0m3 [3mexcess_blobs[0m[2m=[0m0 [3melapsed[0m[2m=[0m16.980067ms
[2m2026-02-09T10:41:09.240407Z[0m [32m INFO[0m Canonical chain committed [3mnumber[0m[2m=[0m891809 [3mhash[0m[2m=[0m0xfe75790037936bb6c6eab65b263017c5b63b1e07469d18ee6c2370407095c992 [3melapsed[0m[2m=[0m14.047µs
[2m2026-02-09T10:41:09.240612Z[0m [32m INFO[0m Forkchoice updated [3mhead_block_hash[0m[2m=[0m0xfe75790037936bb6c6eab65b263017c5b63b1e07469d18ee6c2370407095c992 [3msafe_block_hash[0m[2m=[0m0xd130a72e32a716de276d1749f2f1300ae9ef241b90636251872803d85a137c82 [3mfinalized_block_hash[0m[2m=[0m0x0aab9774d8a00b7c31c77c0f454fd7ddd0450d015954619d375bf7a18da3a915
[2m2026-02-09T10:41:09.372038Z[0m [32m INFO[0m Received block from consensus engine [3mnumber[0m[2m=[0m891810 [3mhash[0m[2m=[0m0x67ccde5b5fc593652329b18227b72ff55843da7b2b77b5475f281d0b4d5cbea4
[2m2026-02-09T10:41:09.417774Z[0m [32m INFO[0m State root task finished [3mstate_root[0m[2m=[0m0x1e3e1d5c8ffb998bd02b6e7354921297a60eecd5162d36620d28d92f48d485d0 [3melapsed[0m[2m=[0m1.42466ms
[2m2026-02-09T10:41:09.417849Z[0m [32m INFO[0m Block added to canonical chain [3mnumber[0m[2m=[0m891810 [3mhash[0m[2m=[0m0x67ccde5b5fc593652329b18227b72ff55843da7b2b77b5475f281d0b4d5cbea4 [3mpeers[0m[2m=[0m3 [3mtxs[0m[2m=[0m31 [3mgas_used[0m[2m=[0m59.92Mgas [3mgas_throughput[0m[2m=[0m1.31Ggas/second [3mgas_limit[0m[2m=[0m60.00Mgas [3mfull[0m[2m=[0m99.9% [3mbase_fee[0m[2m=[0m0.90Gwei [3mblobs[0m[2m=[0m4 [3mexcess_blobs[0m[2m=[0m0 [3melapsed[0m[2m=[0m45.792852ms
[2m2026-02-09T10:41:09.418870Z[0m [32m INFO[0m Canonical chain committed [3mnumber[0m[2m=[0m891810 [3mhash[0m[2m=[0m0x67ccde5b5fc593652329b18227b72ff55843da7b2b77b5475f281d0b4d5cbea4 [3melapsed[0m[2m=[0m28.844µs
[2m2026-02-09T10:41:09.419156Z[0m [32m INFO[0m Forkchoice updated [3mhead_block_hash[0m[2m=[0m0x67ccde5b5fc593652329b18227b72ff55843da7b2b77b5475f281d0b4d5cbea4 [3msafe_block_hash[0m[2m=[0m0x48e65d9ca1dbc19139bdf9e669f64d0f2d3ad9ba3abe1490c4c3c186ed8c80fb [3mfinalized_block_hash[0m[2m=[0m0xf0234ac51db857b97563897303fb631d94a93825775d33ac004d0817e53973bf
[2m2026-02-09T10:41:09.507633Z[0m [32m INFO[0m Received block from consensus engine [3mnumber[0m[2m=[0m891811 [3mhash[0m[2m=[0m0x9a2161460b0be376225786ab65edaea4fa7bd8aeab6e415ef05d223072143608
[2m2026-02-09T10:41:09.538724Z[0m [32m INFO[0m State root task finished [3mstate_root[0m[2m=[0m0xf86fe28a66fab66e695ce7166a9241970ccd721fa996775b79415ec43628c287 [3melapsed[0m[2m=[0m17.137254ms
[2m2026-02-09T10:41:09.538794Z[0m [32m INFO[0m Block added to canonical chain [3mnumber[0m[2m=[0m891811 [3mhash[0m[2m=[0m0x9a2161460b0be376225786ab65edaea4fa7bd8aeab6e415ef05d223072143608 [3mpeers[0m[2m=[0m3 [3mtxs[0m[2m=[0m10 [3mgas_used[0m[2m=[0m5.19Mgas [3mgas_throughput[0m[2m=[0m166.94Mgas/second [3mgas_limit[0m[2m=[0m60.00Mgas [3mfull[0m[2m=[0m8.7% [3mbase_fee[0m[2m=[0m1.01Gwei [3mblobs[0m[2m=[0m5 [3mexcess_blobs[0m[2m=[0m0 [3melapsed[0m[2m=[0m31.113138ms
[2m2026-02-09T10:41:09.548083Z[0m [32m INFO[0m Canonical chain committed [3mnumber[0m[2m=[0m891811 [3mhash[0m[2m=[0m0x9a2161460b0be376225786ab65edaea4fa7bd8aeab6e415ef05d223072143608 [3melapsed[0m[2m=[0m29.817µs
[2m2026-02-09T10:41:09.549634Z[0m [32m INFO[0m Forkchoice updated [3mhead_block_hash[0m[2m=[0m0x9a2161460b0be376225786ab65edaea4fa7bd8aeab6e415ef05d223072143608 [3msafe_block_hash[0m[2m=[0m0x3bdfccfba13c57dc30fdfea81bce66cacd0f4c714efa42972c61bfd5d543b583 [3mfinalized_block_hash[0m[2m=[0m0x763e1a733052a4aa6d3eebc1082b66f98c0470bffb43c21a6a7566f5f0f03f7f
[2m2026-02-09T10:41:09.639715Z[0m [32m INFO[0m Received block from consensus engine [3mnumber[0m[2m=[0m891812 [3mhash[0m[2m=[0m0xc1c3837aa3a723cefc32ccc5f39340881f3aac7f16112177c760635808093cf3
[2m2026-02-09T10:41:09.693012Z[0m [32m INFO[0m State root task finished [3mstate_root[0m[2m=[0m0x2e22b7b1a565238f96477c6bc2075ad9e796ecf9afb1a2dfc956d318266274f9 [3melapsed[0m[2m=[0m1.391799ms
[2m2026-02-09T10:41:09.693086Z[0m [32m INFO[0m Block added to canonical chain [3mnumber[0m[2m=[0m891812 [3mhash[0m[2m=[0m0xc1c3837aa3a723cefc32ccc5f39340881f3aac7f16112177c760635808093cf3 [3mpeers[0m[2m=[0m3 [3mtxs[0m[2m=[0m32 [3mgas_used[0m[2m=[0m59.47Mgas [3mgas_throughput[0m[2m=[0m1.11Ggas/second [3mgas_limit[0m[2m=[0m59.94Mgas [3mfull[0m[2m=[0m99.2% [3mbase_fee[0m[2m=[0m0.90Gwei [3mblobs[0m[2m=[0m3 [3mexcess_blobs[0m[2m=[0m0 [3melapsed[0m[2m=[0m53.35356ms
[2m2026-02-09T10:41:09.694640Z[0m [32m INFO[0m Canonical chain committed [3mnumber[0m[2m=[0m891812 [3mhash[0m[2m=[0m0xc1c3837aa3a723cefc32ccc5f39340881f3aac7f16112177c760635808093cf3 [3melapsed[0m[2m=[0m23.044µs
[2m2026-02-09T10:41:09.694888Z[0m [32m INFO[0m Forkchoice updated [3mhead_block_hash[0m[2m=[0m0xc1c3837aa3a723cefc32ccc5f39340881f3aac7f16112177c760635808093cf3 [3msafe_block_hash[0m[2m=[0m0xfd04ebd92935bd81a9e2815d6bcde547249e82e50e7ca6d9bd859409db6e45ad [3mfinalized_block_hash[0m[2m=[0m0xbeb24384d0d6b1559ede74b47421e5458a3f5db4b79e7cecaa7d4c46c6f83b78
[2m2026-02-09T10:41:09.773690Z[0m [32m INFO[0m Received block from consensus engine [3mnumber[0m[2m=[0m891813 [3mhash[0m[2m=[0m0x905de73f5defbb1b5c5723158e89a888689e0efa8a0aa00059caa99ed00b175c
[2m2026-02-09T10:41:09.794201Z[0m [32m INFO[0m State root task finished [3mstate_root[0m[2m=[0m0xc1f5e656988dae5fa54b2d0f34a603072c6f06427926f3c954843861cb577f0e [3melapsed[0m[2m=[0m10.018831ms
[2m2026-02-09T10:41:09.794268Z[0m [32m INFO[0m Block added to canonical chain [3mnumber[0m[2m=[0m891813 [3mhash[0m[2m=[0m0x905de73f5defbb1b5c5723158e89a888689e0efa8a0aa00059caa99ed00b175c [3mpeers[0m[2m=[0m3 [3mtxs[0m[2m=[0m8 [3mgas_used[0m[2m=[0m1.74Mgas [3mgas_throughput[0m[2m=[0m84.49Mgas/second [3mgas_limit[0m[2m=[0m60.00Mgas [3mfull[0m[2m=[0m2.9% [3mbase_fee[0m[2m=[0m1.02Gwei [3mblobs[0m[2m=[0m5 [3mexcess_blobs[0m[2m=[0m0 [3melapsed[0m[2m=[0m20.558065ms
[2m2026-02-09T10:41:09.795190Z[0m [32m INFO[0m Canonical chain committed [3mnumber[0m[2m=[0m891813 [3mhash[0m[2m=[0m0x905de73f5defbb1b5c5723158e89a888689e0efa8a0aa00059caa99ed00b175c [3melapsed[0m[2m=[0m14.657µs
[2m2026-02-09T10:41:09.795386Z[0m [32m INFO[0m Forkchoice updated [3mhead_block_hash[0m[2m=[0m0x905de73f5defbb1b5c5723158e89a888689e0efa8a0aa00059caa99ed00b175c [3msafe_block_hash[0m[2m=[0m0x230e4c12412bc6ad133844248d26325461ad1ce526053b7e1106d8aaadb40462 [3mfinalized_block_hash[0m[2m=[0m0x3944ac47b59d287a5c99fffe71a4322a3136863a8c6c6824c881f3df7fc91621
[2m2026-02-09T10:41:09.919266Z[0m [32m INFO[0m Received block from consensus engine [3mnumber[0m[2m=[0m891814 [3mhash[0m[2m=[0m0x195a78539901fc5fca495431d76f75275d7eaf46d4ae8a746c202bd99c2804a1
[2m2026-02-09T10:41:09.970885Z[0m [32m INFO[0m State root task finished [3mstate_root[0m[2m=[0m0x0ef52db8b1925a5008e438001407223629330c9817d0c63ee312f589683ad8b6 [3melapsed[0m[2m=[0m1.507407ms
[2m2026-02-09T10:41:09.970958Z[0m [32m INFO[0m Block added to canonical chain [3mnumber[0m[2m=[0m891814 [3mhash[0m[2m=[0m0x195a78539901fc5fca495431d76f75275d7eaf46d4ae8a746c202bd99c2804a1 [3mpeers[0m[2m=[0m3 [3mtxs[0m[2m=[0m29 [3mgas_used[0m[2m=[0m57.60Mgas [3mgas_throughput[0m[2m=[0m1.12Ggas/second [3mgas_limit[0m[2m=[0m60.00Mgas [3mfull[0m[2m=[0m96.0% [3mbase_fee[0m[2m=[0m0.90Gwei [3mblobs[0m[2m=[0m4 [3mexcess_blobs[0m[2m=[0m0 [3melapsed[0m[2m=[0m51.634934ms
[2m2026-02-09T10:41:09.972018Z[0m [32m INFO[0m Canonical chain committed [3mnumber[0m[2m=[0m891814 [3mhash[0m[2m=[0m0x195a78539901fc5fca495431d76f75275d7eaf46d4ae8a746c202bd99c2804a1 [3melapsed[0m[2m=[0m20.329µs
[2m2026-02-09T10:41:09.972310Z[0m [32m INFO[0m Forkchoice updated [3mhead_block_hash[0m[2m=[0m0x195a78539901fc5fca495431d76f75275d7eaf46d4ae8a746c202bd99c2804a1 [3msafe_block_hash[0m[2m=[0m0xf5bad04c9ca4fdcbfe062c5f77b5ac589591ae93cb585c09e54c695ac16f50f1 [3mfinalized_block_hash[0m[2m=[0m0x3ed62e785b40c060a056b56604ccb90539cbb7d6062a629f030aeba9d6d6673c
[2m2026-02-09T10:41:10.055643Z[0m [32m INFO[0m Received block from consensus engine [3mnumber[0m[2m=[0m891815 [3mhash[0m[2m=[0m0x561ec45636ae31e0a975cdc8a868932372070b09306c9c8923c342bbaa1ff1d3
[2m2026-02-09T10:41:10.080417Z[0m [32m INFO[0m State root task finished [3mstate_root[0m[2m=[0m0x931ab59d90ad64fb1407b1e7ecb91b4a838b226468f4f73e9221577e6ea01954 [3melapsed[0m[2m=[0m12.568897ms
[2m2026-02-09T10:41:10.080493Z[0m [32m INFO[0m Block added to canonical chain [3mnumber[0m[2m=[0m891815 [3mhash[0m[2m=[0m0x561ec45636ae31e0a975cdc8a868932372070b09306c9c8923c342bbaa1ff1d3 [3mpeers[0m[2m=[0m3 [3mtxs[0m[2m=[0m15 [3mgas_used[0m[2m=[0m4.04Mgas [3mgas_throughput[0m[2m=[0m162.77Mgas/second [3mgas_limit[0m[2m=[0m59.94Mgas [3mfull[0m[2m=[0m6.7% [3mbase_fee[0m[2m=[0m1.00Gwei [3mblobs[0m[2m=[0m5 [3mexcess_blobs[0m[2m=[0m0 [3melapsed[0m[2m=[0m24.830394ms
[2m2026-02-09T10:41:10.081641Z[0m [32m INFO[0m Canonical chain committed [3mnumber[0m[2m=[0m891815 [3mhash[0m[2m=[0m0x561ec45636ae31e0a975cdc8a868932372070b09306c9c8923c342bbaa1ff1d3 [3melapsed[0m[2m=[0m26.239µs
[2m2026-02-09T10:41:10.082159Z[0m [32m INFO[0m Forkchoice updated [3mhead_block_hash[0m[2m=[0m0x561ec45636ae31e0a975cdc8a868932372070b09306c9c8923c342bbaa1ff1d3 [3msafe_block_hash[0m[2m=[0m0x07382088b66858ca24d9af098f7674d9889db97f908fcf9f0267fb422017c4cc [3mfinalized_block_hash[0m[2m=[0m0x22b6e9bc158e83cb39d46b878005d1c5aa830a0bf2d744dd8bf0e9d47aefd4f1
[2m2026-02-09T10:41:10.187353Z[0m [32m INFO[0m Received block from consensus engine [3mnumber[0m[2m=[0m891816 [3mhash[0m[2m=[0m0xd5abf7cbeed9fb163a9de7734c86d200aef33e8fdab4990524af5ac240cd1e35
[2m2026-02-09T10:41:10.240078Z[0m [32m INFO[0m State root task finished [3mstate_root[0m[2m=[0m0xe461b4846f47418fdad61631e6f18a0179399ae48fd8034af1b40be2f1919ae3 [3melapsed[0m[2m=[0m1.427105ms
[2m2026-02-09T10:41:10.240146Z[0m [32m INFO[0m Block added to canonical chain [3mnumber[0m[2m=[0m891816 [3mhash[0m[2m=[0m0xd5abf7cbeed9fb163a9de7734c86d200aef33e8fdab4990524af5ac240cd1e35 [3mpeers[0m[2m=[0m3 [3mtxs[0m[2m=[0m29 [3mgas_used[0m[2m=[0m59.83Mgas [3mgas_throughput[0m[2m=[0m1.13Ggas/second [3mgas_limit[0m[2m=[0m60.00Mgas [3mfull[0m[2m=[0m99.7% [3mbase_fee[0m[2m=[0m0.89Gwei [3mblobs[0m[2m=[0m0 [3mexcess_blobs[0m[2m=[0m0 [3melapsed[0m[2m=[0m52.767153ms
[2m2026-02-09T10:41:10.241265Z[0m [32m INFO[0m Canonical chain committed [3mnumber[0m[2m=[0m891816 [3mhash[0m[2m=[0m0xd5abf7cbeed9fb163a9de7734c86d200aef33e8fdab4990524af5ac240cd1e35 [3melapsed[0m[2m=[0m32.031µs
[2m2026-02-09T10:41:10.241441Z[0m [32m INFO[0m Forkchoice updated [3mhead_block_hash[0m[2m=[0m0xd5abf7cbeed9fb163a9de7734c86d200aef33e8fdab4990524af5ac240cd1e35 [3msafe_block_hash[0m[2m=[0m0xa3619b2537ceca6d861b13d72a926295c8e85486701eea5d63e09916c3a85534 [3mfinalized_block_hash[0m[2m=[0m0x610a7f7bdf84bd079de3e811c67838cb7831a40abe98978e68087497ca744a65
[2m2026-02-09T10:41:10.319173Z[0m [32m INFO[0m Received block from consensus engine [3mnumber[0m[2m=[0m891817 [3mhash[0m[2m=[0m0xa758d2c1edd8c2de69dc9f379ee33c860390acc56b7715512eae4a51b2ae18d5
[2m2026-02-09T10:41:10.337955Z[0m [32m INFO[0m State root task finished [3mstate_root[0m[2m=[0m0x4dbe6fbfb58e92cd70f02b718c385f7adf642314dc1a857223c1f1526c5f7b62 [3melapsed[0m[2m=[0m9.496014ms
[2m2026-02-09T10:41:10.338029Z[0m [32m INFO[0m Block added to canonical chain [3mnumber[0m[2m=[0m891817 [3mhash[0m[2m=[0m0xa758d2c1edd8c2de69dc9f379ee33c860390acc56b7715512eae4a51b2ae18d5 [3mpeers[0m[2m=[0m3 [3mtxs[0m[2m=[0m8 [3mgas_used[0m[2m=[0m1.20Mgas [3mgas_throughput[0m[2m=[0m63.79Mgas/second [3mgas_limit[0m[2m=[0m59.94Mgas [3mfull[0m[2m=[0m2.0% [3mbase_fee[0m[2m=[0m1.00Gwei [3mblobs[0m[2m=[0m5 [3mexcess_blobs[0m[2m=[0m0 [3melapsed[0m[2m=[0m18.838888ms
[2m2026-02-09T10:41:10.338880Z[0m [32m INFO[0m Canonical chain committed [3mnumber[0m[2m=[0m891817 [3mhash[0m[2m=[0m0xa758d2c1edd8c2de69dc9f379ee33c860390acc56b7715512eae4a51b2ae18d5 [3melapsed[0m[2m=[0m18.495µs
[2m2026-02-09T10:41:10.339095Z[0m [32m INFO[0m Forkchoice updated [3mhead_block_hash[0m[2m=[0m0xa758d2c1edd8c2de69dc9f379ee33c860390acc56b7715512eae4a51b2ae18d5 [3msafe_block_hash[0m[2m=[0m0xa5925f5e23a9397cb66625219fcb1793d1e4330e545202df15df0ccd45a1a132 [3mfinalized_block_hash[0m[2m=[0m0x0066230c98c6b929017ae721517b6cd00f90e7957a97497aeb02502b442a9edc
[2m2026-02-09T10:41:10.468194Z[0m [32m INFO[0m Received block from consensus engine [3mnumber[0m[2m=[0m891818 [3mhash[0m[2m=[0m0xabe4d2284e4cb5d9509403d4b7f63ecde796a0f6de087cb7e39632b18ac716e8
[2m2026-02-09T10:41:10.512424Z[0m [32m INFO[0m State root task finished [3mstate_root[0m[2m=[0m0x81f59a6f14e7b3e73bbb6dd62d2756c53d7aa2b7e466f3ded89d9917f0a25690 [3melapsed[0m[2m=[0m1.945193ms
[2m2026-02-09T10:41:10.512528Z[0m [32m INFO[0m Block added to canonical chain [3mnumber[0m[2m=[0m891818 [3mhash[0m[2m=[0m0xabe4d2284e4cb5d9509403d4b7f63ecde796a0f6de087cb7e39632b18ac716e8 [3mpeers[0m[2m=[0m3 [3mtxs[0m[2m=[0m35 [3mgas_used[0m[2m=[0m57.70Mgas [3mgas_throughput[0m[2m=[0m1.30Ggas/second [3mgas_limit[0m[2m=[0m60.00Mgas [3mfull[0m[2m=[0m96.2% [3mbase_fee[0m[2m=[0m0.88Gwei [3mblobs[0m[2m=[0m6 [3mexcess_blobs[0m[2m=[0m0 [3melapsed[0m[2m=[0m44.287228ms
[2m2026-02-09T10:41:10.513760Z[0m [32m INFO[0m Canonical chain committed [3mnumber[0m[2m=[0m891818 [3mhash[0m[2m=[0m0xabe4d2284e4cb5d9509403d4b7f63ecde796a0f6de087cb7e39632b18ac716e8 [3melapsed[0m[2m=[0m35.578µs
[2m2026-02-09T10:41:10.513974Z[0m [32m INFO[0m Forkchoice updated [3mhead_block_hash[0m[2m=[0m0xabe4d2284e4cb5d9509403d4b7f63ecde796a0f6de087cb7e39632b18ac716e8 [3msafe_block_hash[0m[2m=[0m0xa2b13e0bd1d6af08e81cc268c92b95a688a07a0b3a3748872cc7c23ec126d059 [3mfinalized_block_hash[0m[2m=[0m0x7d980835e984333636ad4d5b6c367a7e37af7a874c79bd8f98598daf0b759d88
[2m2026-02-09T10:41:10.606074Z[0m [32m INFO[0m Received block from consensus engine [3mnumber[0m[2m=[0m891819 [3mhash[0m[2m=[0m0x50de975d156be8295c4d083c2893d0c74d50d8015d7f86ea8b829fba15e4fcbb
[2m2026-02-09T10:41:10.660254Z[0m [32m INFO[0m State root task finished [3mstate_root[0m[2m=[0m0x52c548c02922c8e0e86c49ad15d399cc46e2c626a6e5ae639a5cd78a09396955 [3melapsed[0m[2m=[0m1.621442ms
[2m2026-02-09T10:41:10.660346Z[0m [32m INFO[0m Block added to canonical chain [3mnumber[0m[2m=[0m891819 [3mhash[0m[2m=[0m0x50de975d156be8295c4d083c2893d0c74d50d8015d7f86ea8b829fba15e4fcbb [3mpeers[0m[2m=[0m3 [3mtxs[0m[2m=[0m31 [3mgas_used[0m[2m=[0m59.24Mgas [3mgas_throughput[0m[2m=[0m1.09Ggas/second [3mgas_limit[0m[2m=[0m60.00Mgas [3mfull[0m[2m=[0m98.7% [3mbase_fee[0m[2m=[0m0.98Gwei [3mblobs[0m[2m=[0m3 [3mexcess_blobs[0m[2m=[0m0 [3melapsed[0m[2m=[0m54.234684ms
[2m2026-02-09T10:41:10.661716Z[0m [32m INFO[0m Canonical chain committed [3mnumber[0m[2m=[0m891819 [3mhash[0m[2m=[0m0x50de975d156be8295c4d083c2893d0c74d50d8015d7f86ea8b829fba15e4fcbb [3melapsed[0m[2m=[0m40.035µs
[2m2026-02-09T10:41:10.661941Z[0m [32m INFO[0m Forkchoice updated [3mhead_block_hash[0m[2m=[0m0x50de975d156be8295c4d083c2893d0c74d50d8015d7f86ea8b829fba15e4fcbb [3msafe_block_hash[0m[2m=[0m0x22f42b024f66b851cfd2a1e7df669942e3427329c8271638f734d07e018a2a61 [3mfinalized_block_hash[0m[2m=[0m0xc91f8e612240c701ff88219d16768e536b4000c59a78e5c35498ed48fe67eae4
[2m2026-02-09T10:41:10.742274Z[0m [32m INFO[0m Received block from consensus engine [3mnumber[0m[2m=[0m891820 [3mhash[0m[2m=[0m0xd46bfaf393e99247259e78458257f605b69dff0cb0e2c37ba308f95aae4cdf6e
[2m2026-02-09T10:41:10.759841Z[0m [32m INFO[0m State root task finished [3mstate_root[0m[2m=[0m0xae8f5635fa024f382331287a293e3151091af5a10dc30d7ef6b3f07dc0e64eeb [3melapsed[0m[2m=[0m7.736641ms
[2m2026-02-09T10:41:10.759916Z[0m [32m INFO[0m Block added to canonical chain [3mnumber[0m[2m=[0m891820 [3mhash[0m[2m=[0m0xd46bfaf393e99247259e78458257f605b69dff0cb0e2c37ba308f95aae4cdf6e [3mpeers[0m[2m=[0m3 [3mtxs[0m[2m=[0m8 [3mgas_used[0m[2m=[0m1.60Mgas [3mgas_throughput[0m[2m=[0m90.96Mgas/second [3mgas_limit[0m[2m=[0m60.00Mgas [3mfull[0m[2m=[0m2.7% [3mbase_fee[0m[2m=[0m1.10Gwei [3mblobs[0m[2m=[0m5 [3mexcess_blobs[0m[2m=[0m0 [3melapsed[0m[2m=[0m17.610999ms
[2m2026-02-09T10:41:10.760927Z[0m [32m INFO[0m Canonical chain committed [3mnumber[0m[2m=[0m891820 [3mhash[0m[2m=[0m0xd46bfaf393e99247259e78458257f605b69dff0cb0e2c37ba308f95aae4cdf6e [3melapsed[0m[2m=[0m18.666µs
[2m2026-02-09T10:41:10.761215Z[0m [32m INFO[0m Forkchoice updated [3mhead_block_hash[0m[2m=[0m0xd46bfaf393e99247259e78458257f605b69dff0cb0e2c37ba308f95aae4cdf6e [3msafe_block_hash[0m[2m=[0m0xa238ffcf52ce77c22124fe6589ce7ac4ecae5085d8d46036943a564ebc9a5687 [3mfinalized_block_hash[0m[2m=[0m0x66a13af29713469a5fec1b02d921c5533dd4d38d59b589f4b59cc19bc6f976a7
[2m2026-02-09T10:41:10.881045Z[0m [32m INFO[0m Received block from consensus engine [3mnumber[0m[2m=[0m891821 [3mhash[0m[2m=[0m0xe5d7c9847f433b5920773aa8e7ee1856a3447d248c99dc752f5762835cde128c
[2m2026-02-09T10:41:10.927330Z[0m [32m INFO[0m State root task finished [3mstate_root[0m[2m=[0m0x16b97c637ac4cb68bdb001b5fe9a3fb74b30d40f7c7443051a5c932569559e33 [3melapsed[0m[2m=[0m1.313891ms
[2m2026-02-09T10:41:10.927384Z[0m [32m INFO[0m Block added to canonical chain [3mnumber[0m[2m=[0m891821 [3mhash[0m[2m=[0m0xe5d7c9847f433b5920773aa8e7ee1856a3447d248c99dc752f5762835cde128c [3mpeers[0m[2m=[0m3 [3mtxs[0m[2m=[0m27 [3mgas_used[0m[2m=[0m58.08Mgas [3mgas_throughput[0m[2m=[0m1.25Ggas/second [3mgas_limit[0m[2m=[0m60.00Mgas [3mfull[0m[2m=[0m96.8% [3mbase_fee[0m[2m=[0m0.97Gwei [3mblobs[0m[2m=[0m3 [3mexcess_blobs[0m[2m=[0m0 [3melapsed[0m[2m=[0m46.323624ms
[2m2026-02-09T10:41:10.928133Z[0m [32m INFO[0m Canonical chain committed [3mnumber[0m[2m=[0m891821 [3mhash[0m[2m=[0m0xe5d7c9847f433b5920773aa8e7ee1856a3447d248c99dc752f5762835cde128c [3melapsed[0m[2m=[0m18.154µs
[2m2026-02-09T10:41:10.928413Z[0m [32m INFO[0m Forkchoice updated [3mhead_block_hash[0m[2m=[0m0xe5d7c9847f433b5920773aa8e7ee1856a3447d248c99dc752f5762835cde128c [3msafe_block_hash[0m[2m=[0m0x6ef698c79e015a35b101a5d408e0b91cb1040f1eda8f6d467acf8b488b3e8e52 [3mfinalized_block_hash[0m[2m=[0m0x8c3562ecc161054eb6cac293286851c5399817b455c56aa5b2020889ba1cfb7f
[2m2026-02-09T10:41:11.038750Z[0m [32m INFO[0m Received block from consensus engine [3mnumber[0m[2m=[0m891822 [3mhash[0m[2m=[0m0xe90100813056a4ea2d2a9cbc7557a93459e076ab269d5ab345edf72ef5073c42
[2m2026-02-09T10:41:11.188944Z[0m [32m INFO[0m State root task finished [3mstate_root[0m[2m=[0m0x04ff46d45555cbfe1e8048af22a55caefbc8f801d70fca59438d405804478a31 [3melapsed[0m[2m=[0m34.069552ms
[2m2026-02-09T10:41:11.189079Z[0m [32m INFO[0m Block added to canonical chain [3mnumber[0m[2m=[0m891822 [3mhash[0m[2m=[0m0xe90100813056a4ea2d2a9cbc7557a93459e076ab269d5ab345edf72ef5073c42 [3mpeers[0m[2m=[0m3 [3mtxs[0m[2m=[0m65 [3mgas_used[0m[2m=[0m44.24Mgas [3mgas_throughput[0m[2m=[0m294.37Mgas/second [3mgas_limit[0m[2m=[0m60.00Mgas [3mfull[0m[2m=[0m73.7% [3mbase_fee[0m[2m=[0m1.09Gwei [3mblobs[0m[2m=[0m2 [3mexcess_blobs[0m[2m=[0m0 [3melapsed[0m[2m=[0m150.270322ms
[2m2026-02-09T10:41:11.190789Z[0m [32m INFO[0m Canonical chain committed [3mnumber[0m[2m=[0m891822 [3mhash[0m[2m=[0m0xe90100813056a4ea2d2a9cbc7557a93459e076ab269d5ab345edf72ef5073c42 [3melapsed[0m[2m=[0m201.791µs
[2m2026-02-09T10:41:11.191038Z[0m [32m INFO[0m Forkchoice updated [3mhead_block_hash[0m[2m=[0m0xe90100813056a4ea2d2a9cbc7557a93459e076ab269d5ab345edf72ef5073c42 [3msafe_block_hash[0m[2m=[0m0x9c5ad655e4fc030edce357158c91b955b21fb1a3bd3a790a004d5b2880e4f827 [3mfinalized_block_hash[0m[2m=[0m0xeaaad4c7adfeaad5c3c6e1f48e5245f036c1d1cb13cfc54f2bdd869bd2dabf57
[2m2026-02-09T10:41:11.192783Z[0m [32m INFO[0m Received block from consensus engine [3mnumber[0m[2m=[0m891823 [3mhash[0m[2m=[0m0x020a4e3466e82f6ce06e9cf2707e393f39ba5fb944c5644aebaaa4a139aa3a53
[2m2026-02-09T10:41:11.208591Z[0m [32m INFO[0m State root task finished [3mstate_root[0m[2m=[0m0xe9283a50f73cc25d405665977c24cdf4785387ce74caed6557ba602c53cde7c3 [3melapsed[0m[2m=[0m8.103013ms
[2m2026-02-09T10:41:11.208673Z[0m [32m INFO[0m Block added to canonical chain [3mnumber[0m[2m=[0m891823 [3mhash[0m[2m=[0m0x020a4e3466e82f6ce06e9cf2707e393f39ba5fb944c5644aebaaa4a139aa3a53 [3mpeers[0m[2m=[0m3 [3mtxs[0m[2m=[0m8 [3mgas_used[0m[2m=[0m1.78Mgas [3mgas_throughput[0m[2m=[0m112.51Mgas/second [3mgas_limit[0m[2m=[0m60.00Mgas [3mfull[0m[2m=[0m3.0% [3mbase_fee[0m[2m=[0m1.15Gwei [3mblobs[0m[2m=[0m4 [3mexcess_blobs[0m[2m=[0m0 [3melapsed[0m[2m=[0m15.848901ms
[2m2026-02-09T10:41:11.209628Z[0m [32m INFO[0m Canonical chain committed [3mnumber[0m[2m=[0m891823 [3mhash[0m[2m=[0m0x020a4e3466e82f6ce06e9cf2707e393f39ba5fb944c5644aebaaa4a139aa3a53 [3melapsed[0m[2m=[0m15.359µs
[2m2026-02-09T10:41:11.209867Z[0m [32m INFO[0m Forkchoice updated [3mhead_block_hash[0m[2m=[0m0x020a4e3466e82f6ce06e9cf2707e393f39ba5fb944c5644aebaaa4a139aa3a53 [3msafe_block_hash[0m[2m=[0m0x3fc57fc6216e6f320b6ba268fca3d1c754aa92817471511a3026e0f7993e1e63 [3mfinalized_block_hash[0m[2m=[0m0xe51af7c999c6bef842279263ccb776f91e61139e104561fbf797fdd15f0b61a2
[2m2026-02-09T10:41:11.301784Z[0m [32m INFO[0m Received block from consensus engine [3mnumber[0m[2m=[0m891824 [3mhash[0m[2m=[0m0xfc2ab83e8ebfe888e2cb11791fc45682df9bd8030f66be8113963c6c4ca4ed60
[2m2026-02-09T10:41:11.360816Z[0m [32m INFO[0m State root task finished [3mstate_root[0m[2m=[0m0x0638f13f9fb38b687435861d235b8674e0699cee90ec5e34e92d4faa633371cd [3melapsed[0m[2m=[0m36.007592ms
[2m2026-02-09T10:41:11.360925Z[0m [32m INFO[0m Block added to canonical chain [3mnumber[0m[2m=[0m891824 [3mhash[0m[2m=[0m0xfc2ab83e8ebfe888e2cb11791fc45682df9bd8030f66be8113963c6c4ca4ed60 [3mpeers[0m[2m=[0m3 [3mtxs[0m[2m=[0m18 [3mgas_used[0m[2m=[0m11.48Mgas [3mgas_throughput[0m[2m=[0m194.23Mgas/second [3mgas_limit[0m[2m=[0m60.00Mgas [3mfull[0m[2m=[0m19.1% [3mbase_fee[0m[2m=[0m1.02Gwei [3mblobs[0m[2m=[0m1 [3mexcess_blobs[0m[2m=[0m0 [3melapsed[0m[2m=[0m59.09337ms
[2m2026-02-09T10:41:11.362422Z[0m [32m INFO[0m Canonical chain committed [3mnumber[0m[2m=[0m891824 [3mhash[0m[2m=[0m0xfc2ab83e8ebfe888e2cb11791fc45682df9bd8030f66be8113963c6c4ca4ed60 [3melapsed[0m[2m=[0m47.209µs
[2m2026-02-09T10:41:11.362577Z[0m [32m INFO[0m Forkchoice updated [3mhead_block_hash[0m[2m=[0m0xfc2ab83e8ebfe888e2cb11791fc45682df9bd8030f66be8113963c6c4ca4ed60 [3msafe_block_hash[0m[2m=[0m0x17624ba913aba4c95f51a5997ee7065ddf6a00d2462bf625136d7c9135121dab [3mfinalized_block_hash[0m[2m=[0m0x6f2528e1c814fa9547f195abd7d51f005e96d355984fac2191e99368db8338df
[2m2026-02-09T10:41:11.457801Z[0m [32m INFO[0m Received block from consensus engine [3mnumber[0m[2m=[0m891825 [3mhash[0m[2m=[0m0xdcb52c3bc6c8a93861bd4cf558a2dbca16acf38e011fcbaa892486e32a692181
[2m2026-02-09T10:41:11.652562Z[0m [32m INFO[0m State root task finished [3mstate_root[0m[2m=[0m0x04efcba9cdc331e1c2ea9462d3b86bd38b7b9c2d440a0c75a9c05fe0db7151a6 [3melapsed[0m[2m=[0m39.500809ms
[2m2026-02-09T10:41:11.652698Z[0m [32m INFO[0m Block added to canonical chain [3mnumber[0m[2m=[0m891825 [3mhash[0m[2m=[0m0xdcb52c3bc6c8a93861bd4cf558a2dbca16acf38e011fcbaa892486e32a692181 [3mpeers[0m[2m=[0m3 [3mtxs[0m[2m=[0m63 [3mgas_used[0m[2m=[0m59.93Mgas [3mgas_throughput[0m[2m=[0m307.61Mgas/second [3mgas_limit[0m[2m=[0m60.00Mgas [3mfull[0m[2m=[0m99.9% [3mbase_fee[0m[2m=[0m0.94Gwei [3mblobs[0m[2m=[0m5 [3mexcess_blobs[0m[2m=[0m0 [3melapsed[0m[2m=[0m194.833842ms
[2m2026-02-09T10:41:11.654254Z[0m [32m INFO[0m Canonical chain committed [3mnumber[0m[2m=[0m891825 [3mhash[0m[2m=[0m0xdcb52c3bc6c8a93861bd4cf558a2dbca16acf38e011fcbaa892486e32a692181 [3melapsed[0m[2m=[0m128.602µs
[2m2026-02-09T10:41:11.655155Z[0m [32m INFO[0m Forkchoice updated [3mhead_block_hash[0m[2m=[0m0xdcb52c3bc6c8a93861bd4cf558a2dbca16acf38e011fcbaa892486e32a692181 [3msafe_block_hash[0m[2m=[0m0xd37646ce89f1f1b65de7ecdaa93e2a722302f9660842f19bb55170e3a8179947 [3mfinalized_block_hash[0m[2m=[0m0x5ea3e21d44b64f1818115b0846db39ae1ee7b60fd47c5ef89d7173a3711ec6a7
[2m2026-02-09T10:41:11.660184Z[0m [32m INFO[0m Received block from consensus engine [3mnumber[0m[2m=[0m891826 [3mhash[0m[2m=[0m0xb3efdff78f9cb0103260044a69d20a1209e5d181593c1b2b0906269ab3864a00
[2m2026-02-09T10:41:11.786091Z[0m [32m INFO[0m State root task finished [3mstate_root[0m[2m=[0m0x67d72530b2c736a34ef47ef9f1cccb7a17034141a24bd2bbb943f9c89b028f79 [3melapsed[0m[2m=[0m28.95317ms
[2m2026-02-09T10:41:11.786229Z[0m [32m INFO[0m Block added to canonical chain [3mnumber[0m[2m=[0m891826 [3mhash[0m[2m=[0m0xb3efdff78f9cb0103260044a69d20a1209e5d181593c1b2b0906269ab3864a00 [3mpeers[0m[2m=[0m3 [3mtxs[0m[2m=[0m58 [3mgas_used[0m[2m=[0m37.52Mgas [3mgas_throughput[0m[2m=[0m297.85Mgas/second [3mgas_limit[0m[2m=[0m60.00Mgas [3mfull[0m[2m=[0m62.5% [3mbase_fee[0m[2m=[0m1.05Gwei [3mblobs[0m[2m=[0m5 [3mexcess_blobs[0m[2m=[0m0 [3melapsed[0m[2m=[0m125.968397ms
[2m2026-02-09T10:41:11.787934Z[0m [32m INFO[0m Canonical chain committed [3mnumber[0m[2m=[0m891826 [3mhash[0m[2m=[0m0xb3efdff78f9cb0103260044a69d20a1209e5d181593c1b2b0906269ab3864a00 [3melapsed[0m[2m=[0m113.024µs
[2m2026-02-09T10:41:11.788121Z[0m [32m INFO[0m Forkchoice updated [3mhead_block_hash[0m[2m=[0m0xb3efdff78f9cb0103260044a69d20a1209e5d181593c1b2b0906269ab3864a00 [3msafe_block_hash[0m[2m=[0m0xbd2d703236d76d423af72cb1accba9c8c32f49512a7017f6009a8d886c1b0ba1 [3mfinalized_block_hash[0m[2m=[0m0x4921f3f20b7ae2fd1324b93f11a4524517583bbc6b01b76f909ee356ac6df343
[2m2026-02-09T10:41:11.789735Z[0m [32m INFO[0m Received block from consensus engine [3mnumber[0m[2m=[0m891827 [3mhash[0m[2m=[0m0x80771e033de7abe86132a606825622a2c1a4a18b1300f2fcf27244b9e0cf7cfb
[2m2026-02-09T10:41:11.822289Z[0m [32m INFO[0m State root task finished [3mstate_root[0m[2m=[0m0x4e0d54b050456e8b68b3dfdcfeb578e2263ed645c526f688c68573aa2e76d077 [3melapsed[0m[2m=[0m18.440736ms
[2m2026-02-09T10:41:11.822381Z[0m [32m INFO[0m Block added to canonical chain [3mnumber[0m[2m=[0m891827 [3mhash[0m[2m=[0m0x80771e033de7abe86132a606825622a2c1a4a18b1300f2fcf27244b9e0cf7cfb [3mpeers[0m[2m=[0m3 [3mtxs[0m[2m=[0m15 [3mgas_used[0m[2m=[0m7.26Mgas [3mgas_throughput[0m[2m=[0m222.60Mgas/second [3mgas_limit[0m[2m=[0m60.00Mgas [3mfull[0m[2m=[0m12.1% [3mbase_fee[0m[2m=[0m1.09Gwei [3mblobs[0m[2m=[0m5 [3mexcess_blobs[0m[2m=[0m0 [3melapsed[0m[2m=[0m32.602993ms
[2m2026-02-09T10:41:11.823806Z[0m [32m INFO[0m Canonical chain committed [3mnumber[0m[2m=[0m891827 [3mhash[0m[2m=[0m0x80771e033de7abe86132a606825622a2c1a4a18b1300f2fcf27244b9e0cf7cfb [3melapsed[0m[2m=[0m36.639µs
[2m2026-02-09T10:41:11.824001Z[0m [32m INFO[0m Forkchoice updated [3mhead_block_hash[0m[2m=[0m0x80771e033de7abe86132a606825622a2c1a4a18b1300f2fcf27244b9e0cf7cfb [3msafe_block_hash[0m[2m=[0m0xac254cb7536272f8ff1c8da646e032acf31302b60c07fa04d8d546432db3ac00 [3mfinalized_block_hash[0m[2m=[0m0x63c0d2c44a734dd96dcbb65261453b6d794794fea9882100fce54526bf7431bb
[2m2026-02-09T10:41:11.897223Z[0m [32m INFO[0m Received block from consensus engine [3mnumber[0m[2m=[0m891828 [3mhash[0m[2m=[0m0x96c5e1a5005dc77af98aa95705b42a225078e99ad6343ac19b1a9d4568b5c19c
[2m2026-02-09T10:41:11.978474Z[0m [32m INFO[0m State root task finished [3mstate_root[0m[2m=[0m0x9b58bc1981e75c887d26946652d194ab93c4229f473cfbf0fa43a6218be7c2df [3melapsed[0m[2m=[0m2.011719ms
[2m2026-02-09T10:41:11.978600Z[0m [32m INFO[0m Block added to canonical chain [3mnumber[0m[2m=[0m891828 [3mhash[0m[2m=[0m0x96c5e1a5005dc77af98aa95705b42a225078e99ad6343ac19b1a9d4568b5c19c [3mpeers[0m[2m=[0m3 [3mtxs[0m[2m=[0m47 [3mgas_used[0m[2m=[0m58.96Mgas [3mgas_throughput[0m[2m=[0m725.08Mgas/second [3mgas_limit[0m[2m=[0m60.00Mgas [3mfull[0m[2m=[0m98.3% [3mbase_fee[0m[2m=[0m0.98Gwei [3mblobs[0m[2m=[0m4 [3mexcess_blobs[0m[2m=[0m0 [3melapsed[0m[2m=[0m81.314135ms
[2m2026-02-09T10:41:11.979786Z[0m [32m INFO[0m Canonical chain committed [3mnumber[0m[2m=[0m891828 [3mhash[0m[2m=[0m0x96c5e1a5005dc77af98aa95705b42a225078e99ad6343ac19b1a9d4568b5c19c [3melapsed[0m[2m=[0m76.675µs
[2m2026-02-09T10:41:11.980305Z[0m [32m INFO[0m Forkchoice updated [3mhead_block_hash[0m[2m=[0m0x96c5e1a5005dc77af98aa95705b42a225078e99ad6343ac19b1a9d4568b5c19c [3msafe_block_hash[0m[2m=[0m0x10102ce421c3bd7726ff9bdefb06d31a1c273144ab31706b80e54881a67271c6 [3mfinalized_block_hash[0m[2m=[0m0xd81c4a9bceb0ec160833192f75b1c05c9e2f342572e770c3437824bf6a0c635d
[2m2026-02-09T10:41:12.031826Z[0m [32m INFO[0m Received block from consensus engine [3mnumber[0m[2m=[0m891829 [3mhash[0m[2m=[0m0x5ebc29bb8f4a8e6aa77c12b3a9558e7841cd1f4df72c9a97083449c54b031407
[2m2026-02-09T10:41:12.065178Z[0m [32m INFO[0m State root task finished [3mstate_root[0m[2m=[0m0x284505a2355f71fe70d0813da4f7ccd079a7d3f2648d35518ba839db9ca3a45a [3melapsed[0m[2m=[0m20.924437ms
[2m2026-02-09T10:41:12.065276Z[0m [32m INFO[0m Block added to canonical chain [3mnumber[0m[2m=[0m891829 [3mhash[0m[2m=[0m0x5ebc29bb8f4a8e6aa77c12b3a9558e7841cd1f4df72c9a97083449c54b031407 [3mpeers[0m[2m=[0m3 [3mtxs[0m[2m=[0m16 [3mgas_used[0m[2m=[0m5.23Mgas [3mgas_throughput[0m[2m=[0m156.61Mgas/second [3mgas_limit[0m[2m=[0m60.00Mgas [3mfull[0m[2m=[0m8.7% [3mbase_fee[0m[2m=[0m1.10Gwei [3mblobs[0m[2m=[0m5 [3mexcess_blobs[0m[2m=[0m0 [3melapsed[0m[2m=[0m33.424033ms
[2m2026-02-09T10:41:12.066466Z[0m [32m INFO[0m Canonical chain committed [3mnumber[0m[2m=[0m891829 [3mhash[0m[2m=[0m0x5ebc29bb8f4a8e6aa77c12b3a9558e7841cd1f4df72c9a97083449c54b031407 [3melapsed[0m[2m=[0m35.136µs
[2m2026-02-09T10:41:12.066707Z[0m [32m INFO[0m Forkchoice updated [3mhead_block_hash[0m[2m=[0m0x5ebc29bb8f4a8e6aa77c12b3a9558e7841cd1f4df72c9a97083449c54b031407 [3msafe_block_hash[0m[2m=[0m0x6999e3c06ea6b1e7d26e927ee003e2591cfe5c2e6e4e44a4b178c217eae57114 [3mfinalized_block_hash[0m[2m=[0m0x1e87319764a48bfc553ecde244a3586328e67e80b17e7a282199c8cf60dba8e1
[2m2026-02-09T10:41:12.186064Z[0m [32m INFO[0m Received block from consensus engine [3mnumber[0m[2m=[0m891830 [3mhash[0m[2m=[0m0x0f064eb4066b6239a4fa1738402eb0e996ace6d7cc9905aebf6e9a05a270c1d6
[2m2026-02-09T10:41:12.220843Z[0m [32m INFO[0m State root task finished [3mstate_root[0m[2m=[0m0x45de252fd047a9f51842bd52ec7829167fb205c5e8aefa3f0585994eb551c52c [3melapsed[0m[2m=[0m1.489022ms
[2m2026-02-09T10:41:12.220939Z[0m [32m INFO[0m Block added to canonical chain [3mnumber[0m[2m=[0m891830 [3mhash[0m[2m=[0m0x0f064eb4066b6239a4fa1738402eb0e996ace6d7cc9905aebf6e9a05a270c1d6 [3mpeers[0m[2m=[0m3 [3mtxs[0m[2m=[0m23 [3mgas_used[0m[2m=[0m36.15Mgas [3mgas_throughput[0m[2m=[0m1.04Ggas/second [3mgas_limit[0m[2m=[0m60.00Mgas [3mfull[0m[2m=[0m60.3% [3mbase_fee[0m[2m=[0m0.99Gwei [3mblobs[0m[2m=[0m3 [3mexcess_blobs[0m[2m=[0m0 [3melapsed[0m[2m=[0m34.856648ms
[2m2026-02-09T10:41:12.221928Z[0m [32m INFO[0m Canonical chain committed [3mnumber[0m[2m=[0m891830 [3mhash[0m[2m=[0m0x0f064eb4066b6239a4fa1738402eb0e996ace6d7cc9905aebf6e9a05a270c1d6 [3melapsed[0m[2m=[0m32.041µs
[2m2026-02-09T10:41:12.222152Z[0m [32m INFO[0m Forkchoice updated [3mhead_block_hash[0m[2m=[0m0x0f064eb4066b6239a4fa1738402eb0e996ace6d7cc9905aebf6e9a05a270c1d6 [3msafe_block_hash[0m[2m=[0m0x00cc1891d0a8aaa06667ec6f2f32ade53d1d3541df3230174bef8028d93a025b [3mfinalized_block_hash[0m[2m=[0m0x3781a72fcdd7ed191d393a0ce30e5169248e0a53441e2df816b016102005324e
[2m2026-02-09T10:41:12.332403Z[0m [32m INFO[0m Received block from consensus engine [3mnumber[0m[2m=[0m891831 [3mhash[0m[2m=[0m0xeeb22dabcc7269543324b040d0a6039c7d6b577ff274a7e3f5c9d54d811b5391
[2m2026-02-09T10:41:12.377681Z[0m [32m INFO[0m State root task finished [3mstate_root[0m[2m=[0m0xcfd60acb445d6642b6eab7c6c4aa46db7eb7f738a26ff6ba9df6e451c949d9da [3melapsed[0m[2m=[0m30.262943ms
[2m2026-02-09T10:41:12.377797Z[0m [32m INFO[0m Block added to canonical chain [3mnumber[0m[2m=[0m891831 [3mhash[0m[2m=[0m0xeeb22dabcc7269543324b040d0a6039c7d6b577ff274a7e3f5c9d54d811b5391 [3mpeers[0m[2m=[0m3 [3mtxs[0m[2m=[0m17 [3mgas_used[0m[2m=[0m7.91Mgas [3mgas_throughput[0m[2m=[0m174.46Mgas/second [3mgas_limit[0m[2m=[0m59.94Mgas [3mfull[0m[2m=[0m13.2% [3mbase_fee[0m[2m=[0m1.01Gwei [3mblobs[0m[2m=[0m5 [3mexcess_blobs[0m[2m=[0m0 [3melapsed[0m[2m=[0m45.326981ms
[2m2026-02-09T10:41:12.379303Z[0m [32m INFO[0m Canonical chain committed [3mnumber[0m[2m=[0m891831 [3mhash[0m[2m=[0m0xeeb22dabcc7269543324b040d0a6039c7d6b577ff274a7e3f5c9d54d811b5391 [3melapsed[0m[2m=[0m56.737µs
[2m2026-02-09T10:41:12.379490Z[0m [32m INFO[0m Forkchoice updated [3mhead_block_hash[0m[2m=[0m0xeeb22dabcc7269543324b040d0a6039c7d6b577ff274a7e3f5c9d54d811b5391 [3msafe_block_hash[0m[2m=[0m0x071609488b846cb6073bd4fa2550273e828e0dc87494510cbb594cbf028a71cb [3mfinalized_block_hash[0m[2m=[0m0xaf28e8fe4543d4e6996121a9f5e771458a3d06cc1a2e195f2868635f76c874a1
[2m2026-02-09T10:41:12.486229Z[0m [32m INFO[0m Received block from consensus engine [3mnumber[0m[2m=[0m891832 [3mhash[0m[2m=[0m0xa844b44f1485eb57b29aa08d10b7b0ac08baa2d8ccbf8e40f0b68f684187dd38
[2m2026-02-09T10:41:12.541738Z[0m [32m INFO[0m State root task finished [3mstate_root[0m[2m=[0m0x4b56e47dae1a5864484f8bf280fa8acdf21a2944529eb8e99693bbd3991e0438 [3melapsed[0m[2m=[0m2.37743ms
[2m2026-02-09T10:41:12.541869Z[0m [32m INFO[0m Block added to canonical chain [3mnumber[0m[2m=[0m891832 [3mhash[0m[2m=[0m0xa844b44f1485eb57b29aa08d10b7b0ac08baa2d8ccbf8e40f0b68f684187dd38 [3mpeers[0m[2m=[0m3 [3mtxs[0m[2m=[0m35 [3mgas_used[0m[2m=[0m59.26Mgas [3mgas_throughput[0m[2m=[0m1.07Ggas/second [3mgas_limit[0m[2m=[0m60.00Mgas [3mfull[0m[2m=[0m98.8% [3mbase_fee[0m[2m=[0m0.92Gwei [3mblobs[0m[2m=[0m4 [3mexcess_blobs[0m[2m=[0m0 [3melapsed[0m[2m=[0m55.579164ms
[2m2026-02-09T10:41:12.543244Z[0m [32m INFO[0m Canonical chain committed [3mnumber[0m[2m=[0m891832 [3mhash[0m[2m=[0m0xa844b44f1485eb57b29aa08d10b7b0ac08baa2d8ccbf8e40f0b68f684187dd38 [3melapsed[0m[2m=[0m50.215µs
[2m2026-02-09T10:41:12.543562Z[0m [32m INFO[0m Forkchoice updated [3mhead_block_hash[0m[2m=[0m0xa844b44f1485eb57b29aa08d10b7b0ac08baa2d8ccbf8e40f0b68f684187dd38 [3msafe_block_hash[0m[2m=[0m0xef011ffca022c6784d035136d49505536f529944367decf638906f03a0ac8a80 [3mfinalized_block_hash[0m[2m=[0m0x0e59da64303e98b294a747e699ba59211825500c2d133bf05fe1c7bbe75fed1f
[2m2026-02-09T10:41:12.615483Z[0m [32m INFO[0m Received block from consensus engine [3mnumber[0m[2m=[0m891833 [3mhash[0m[2m=[0m0xb8f24d0411a7fd3a2771478f3f2457d51f10d4364927c9fec823323a680f7734
[2m2026-02-09T10:41:12.632011Z[0m [32m INFO[0m State root task finished [3mstate_root[0m[2m=[0m0xa3dc1040056b01f942f669b352a2b23b61595b021fcf3c34b159f4e42b24c6d4 [3melapsed[0m[2m=[0m7.895381ms
[2m2026-02-09T10:41:12.632097Z[0m [32m INFO[0m Block added to canonical chain [3mnumber[0m[2m=[0m891833 [3mhash[0m[2m=[0m0xb8f24d0411a7fd3a2771478f3f2457d51f10d4364927c9fec823323a680f7734 [3mpeers[0m[2m=[0m3 [3mtxs[0m[2m=[0m9 [3mgas_used[0m[2m=[0m2.46Mgas [3mgas_throughput[0m[2m=[0m148.24Mgas/second [3mgas_limit[0m[2m=[0m59.94Mgas [3mfull[0m[2m=[0m4.1% [3mbase_fee[0m[2m=[0m1.03Gwei [3mblobs[0m[2m=[0m5 [3mexcess_blobs[0m[2m=[0m0 [3melapsed[0m[2m=[0m16.576726ms
[2m2026-02-09T10:41:12.632993Z[0m [32m INFO[0m Canonical chain committed [3mnumber[0m[2m=[0m891833 [3mhash[0m[2m=[0m0xb8f24d0411a7fd3a2771478f3f2457d51f10d4364927c9fec823323a680f7734 [3melapsed[0m[2m=[0m22.242µs
[2m2026-02-09T10:41:12.633056Z[0m [32m INFO[0m Forkchoice updated [3mhead_block_hash[0m[2m=[0m0xb8f24d0411a7fd3a2771478f3f2457d51f10d4364927c9fec823323a680f7734 [3msafe_block_hash[0m[2m=[0m0xb4a23c6a39e2dd590aa1578a7baad3a7868970254c6735cafdd36d3993b6c337 [3mfinalized_block_hash[0m[2m=[0m0x49690bd7970fe226c92eb9bb70ec965e1ceef8098f00c09b65afd15ab23de74f
[2m2026-02-09T10:41:12.763474Z[0m [32m INFO[0m Received block from consensus engine [3mnumber[0m[2m=[0m891834 [3mhash[0m[2m=[0m0xf7ee2e18f0dd69824bcaede994f2833648928e54e58f5afc00789eedf05b03f2
[2m2026-02-09T10:41:12.809334Z[0m [32m INFO[0m State root task finished [3mstate_root[0m[2m=[0m0x2fac2fbd363a2ee864c3befffb9170d9406b34d769504253f7d0842529c6c9a8 [3melapsed[0m[2m=[0m1.903054ms
[2m2026-02-09T10:41:12.809425Z[0m [32m INFO[0m Block added to canonical chain [3mnumber[0m[2m=[0m891834 [3mhash[0m[2m=[0m0xf7ee2e18f0dd69824bcaede994f2833648928e54e58f5afc00789eedf05b03f2 [3mpeers[0m[2m=[0m3 [3mtxs[0m[2m=[0m35 [3mgas_used[0m[2m=[0m59.64Mgas [3mgas_throughput[0m[2m=[0m1.30Ggas/second [3mgas_limit[0m[2m=[0m60.00Mgas [3mfull[0m[2m=[0m99.4% [3mbase_fee[0m[2m=[0m0.91Gwei [3mblobs[0m[2m=[0m4 [3mexcess_blobs[0m[2m=[0m0 [3melapsed[0m[2m=[0m45.923298ms
[2m2026-02-09T10:41:12.811039Z[0m [32m INFO[0m Canonical chain committed [3mnumber[0m[2m=[0m891834 [3mhash[0m[2m=[0m0xf7ee2e18f0dd69824bcaede994f2833648928e54e58f5afc00789eedf05b03f2 [3melapsed[0m[2m=[0m25.679µs
[2m2026-02-09T10:41:12.811050Z[0m [32m INFO[0m Forkchoice updated [3mhead_block_hash[0m[2m=[0m0xf7ee2e18f0dd69824bcaede994f2833648928e54e58f5afc00789eedf05b03f2 [3msafe_block_hash[0m[2m=[0m0x968d6dc50baa831ae1d59ee9f6d4a62a60cd47f14c38daaddbd441933ae420ae [3mfinalized_block_hash[0m[2m=[0m0xc78636316b493052a839156758262a5e061b7fd6dda9c3822f40fdf7f7485458
[2m2026-02-09T10:41:12.908758Z[0m [32m INFO[0m Received block from consensus engine [3mnumber[0m[2m=[0m891835 [3mhash[0m[2m=[0m0x709b9df5798e24b5b76c7193d5b8a9a00dc59f0af5a91c4583c6878b92a7bf2c
[2m2026-02-09T10:41:12.923730Z[0m [32m INFO[0m State root task finished [3mstate_root[0m[2m=[0m0x604e81b6b1f99dce86c331e0d2f2eaddef2d467d6ed9ad498d01e57b41f1d3d7 [3melapsed[0m[2m=[0m9.337274ms
[2m2026-02-09T10:41:12.923800Z[0m [32m INFO[0m Block added to canonical chain [3mnumber[0m[2m=[0m891835 [3mhash[0m[2m=[0m0x709b9df5798e24b5b76c7193d5b8a9a00dc59f0af5a91c4583c6878b92a7bf2c [3mpeers[0m[2m=[0m3 [3mtxs[0m[2m=[0m12 [3mgas_used[0m[2m=[0m5.12Mgas [3mgas_throughput[0m[2m=[0m341.03Mgas/second [3mgas_limit[0m[2m=[0m60.00Mgas [3mfull[0m[2m=[0m8.5% [3mbase_fee[0m[2m=[0m1.03Gwei [3mblobs[0m[2m=[0m5 [3mexcess_blobs[0m[2m=[0m0 [3melapsed[0m[2m=[0m15.014816ms
[2m2026-02-09T10:41:12.924843Z[0m [32m INFO[0m Canonical chain committed [3mnumber[0m[2m=[0m891835 [3mhash[0m[2m=[0m0x709b9df5798e24b5b76c7193d5b8a9a00dc59f0af5a91c4583c6878b92a7bf2c [3melapsed[0m[2m=[0m29.105µs
[2m2026-02-09T10:41:12.924854Z[0m [32m INFO[0m Forkchoice updated [3mhead_block_hash[0m[2m=[0m0x709b9df5798e24b5b76c7193d5b8a9a00dc59f0af5a91c4583c6878b92a7bf2c [3msafe_block_hash[0m[2m=[0m0x779e3c6f62411481aa3656c7de84fdcd16d5a69f3019de7b2b68dca37fcc3cf7 [3mfinalized_block_hash[0m[2m=[0m0x870ba78fab15b9c0d6925ebca82b80d3873ed0967311943bde3857bb0bf0edc2
[2m2026-02-09T10:41:13.043191Z[0m [32m INFO[0m Received block from consensus engine [3mnumber[0m[2m=[0m891836 [3mhash[0m[2m=[0m0x0415d5b821d9b4bf536e36f1727de8eb72395efce577da02f8342bf1e1f7b0c6
[2m2026-02-09T10:41:13.080249Z[0m [32m INFO[0m State root task finished [3mstate_root[0m[2m=[0m0xe23d16145f28c5af236466ebcf863c8646fe5d85240ed7cd52f2513b6ff94815 [3melapsed[0m[2m=[0m2.243177ms
[2m2026-02-09T10:41:13.080341Z[0m [32m INFO[0m Block added to canonical chain [3mnumber[0m[2m=[0m891836 [3mhash[0m[2m=[0m0x0415d5b821d9b4bf536e36f1727de8eb72395efce577da02f8342bf1e1f7b0c6 [3mpeers[0m[2m=[0m3 [3mtxs[0m[2m=[0m33 [3mgas_used[0m[2m=[0m45.63Mgas [3mgas_throughput[0m[2m=[0m1.23Ggas/second [3mgas_limit[0m[2m=[0m60.00Mgas [3mfull[0m[2m=[0m76.0% [3mbase_fee[0m[2m=[0m0.92Gwei [3mblobs[0m[2m=[0m4 [3mexcess_blobs[0m[2m=[0m0 [3melapsed[0m[2m=[0m37.107068ms
[2m2026-02-09T10:41:13.081691Z[0m [32m INFO[0m Canonical chain committed [3mnumber[0m[2m=[0m891836 [3mhash[0m[2m=[0m0x0415d5b821d9b4bf536e36f1727de8eb72395efce577da02f8342bf1e1f7b0c6 [3melapsed[0m[2m=[0m33.683µs
[2m2026-02-09T10:41:13.081700Z[0m [32m INFO[0m Forkchoice updated [3mhead_block_hash[0m[2m=[0m0x0415d5b821d9b4bf536e36f1727de8eb72395efce577da02f8342bf1e1f7b0c6 [3msafe_block_hash[0m[2m=[0m0xf5bdb55cfaaeaca906ff7188f059203ecbdaa58d0e52e0954a15fd1ab23d0bd7 [3mfinalized_block_hash[0m[2m=[0m0xa3778e76a266624a4b55e635a8289026f0dc0762f6965cabaa801a74436a927c
[2m2026-02-09T10:41:13.210255Z[0m [32m INFO[0m Received block from consensus engine [3mnumber[0m[2m=[0m891837 [3mhash[0m[2m=[0m0x7705096707666b66495f8aada52b57cef4690a9a24912bee9143ae1b00ec3e85
[2m2026-02-09T10:41:13.276234Z[0m [32m INFO[0m State root task finished [3mstate_root[0m[2m=[0m0x99ee7a1d39f3cbbc67a937f1cd0decc46d80df88f4fbccb392cc59a0c82a1c75 [3melapsed[0m[2m=[0m15.037328ms
[2m2026-02-09T10:41:13.276360Z[0m [32m INFO[0m Block added to canonical chain [3mnumber[0m[2m=[0m891837 [3mhash[0m[2m=[0m0x7705096707666b66495f8aada52b57cef4690a9a24912bee9143ae1b00ec3e85 [3mpeers[0m[2m=[0m3 [3mtxs[0m[2m=[0m63 [3mgas_used[0m[2m=[0m59.31Mgas [3mgas_throughput[0m[2m=[0m898.21Mgas/second [3mgas_limit[0m[2m=[0m60.00Mgas [3mfull[0m[2m=[0m98.9% [3mbase_fee[0m[2m=[0m0.98Gwei [3mblobs[0m[2m=[0m3 [3mexcess_blobs[0m[2m=[0m0 [3melapsed[0m[2m=[0m66.036483ms
[2m2026-02-09T10:41:13.277493Z[0m [32m INFO[0m Canonical chain committed [3mnumber[0m[2m=[0m891837 [3mhash[0m[2m=[0m0x7705096707666b66495f8aada52b57cef4690a9a24912bee9143ae1b00ec3e85 [3melapsed[0m[2m=[0m139.163µs
[2m2026-02-09T10:41:13.277507Z[0m [32m INFO[0m Forkchoice updated [3mhead_block_hash[0m[2m=[0m0x7705096707666b66495f8aada52b57cef4690a9a24912bee9143ae1b00ec3e85 [3msafe_block_hash[0m[2m=[0m0x58f8100ab9108b70c37c7fdbf2d495b2959a467b8d8b82de2d5ba1db314e3477 [3mfinalized_block_hash[0m[2m=[0m0x00dd5eeddfe372f1d43bcb184688457b66e7603300c17ebbc8b4ca3851d18812
[2m2026-02-09T10:41:13.342190Z[0m [32m INFO[0m Received block from consensus engine [3mnumber[0m[2m=[0m891838 [3mhash[0m[2m=[0m0xed39ce86de3950525f63309e467e9ca84ea601e3d1e030203bee5c9df340a279
[2m2026-02-09T10:41:13.354332Z[0m [32m INFO[0m State root task finished [3mstate_root[0m[2m=[0m0x2d885e2b871e3dd660382db08bec268131c036d22b6383cd2441f5b33f6ebc66 [3melapsed[0m[2m=[0m6.821382ms
[2m2026-02-09T10:41:13.354412Z[0m [32m INFO[0m Block added to canonical chain [3mnumber[0m[2m=[0m891838 [3mhash[0m[2m=[0m0xed39ce86de3950525f63309e467e9ca84ea601e3d1e030203bee5c9df340a279 [3mpeers[0m[2m=[0m3 [3mtxs[0m[2m=[0m11 [3mgas_used[0m[2m=[0m3.75Mgas [3mgas_throughput[0m[2m=[0m307.28Mgas/second [3mgas_limit[0m[2m=[0m60.00Mgas [3mfull[0m[2m=[0m6.2% [3mbase_fee[0m[2m=[0m1.10Gwei [3mblobs[0m[2m=[0m5 [3mexcess_blobs[0m[2m=[0m0 [3melapsed[0m[2m=[0m12.193889ms
[2m2026-02-09T10:41:13.355710Z[0m [32m INFO[0m Canonical chain committed [3mnumber[0m[2m=[0m891838 [3mhash[0m[2m=[0m0xed39ce86de3950525f63309e467e9ca84ea601e3d1e030203bee5c9df340a279 [3melapsed[0m[2m=[0m18.214µs
[2m2026-02-09T10:41:13.355721Z[0m [32m INFO[0m Forkchoice updated [3mhead_block_hash[0m[2m=[0m0xed39ce86de3950525f63309e467e9ca84ea601e3d1e030203bee5c9df340a279 [3msafe_block_hash[0m[2m=[0m0x228c5d61ea9038bd35518e3047ec4f024f49c1f81d77b9d027a532e135356117 [3mfinalized_block_hash[0m[2m=[0m0xa4baaf9528d10e99444c9d0499395a328e4bf6971fd8914b9f9987a7ae06f274
[2m2026-02-09T10:41:13.479786Z[0m [32m INFO[0m Received block from consensus engine [3mnumber[0m[2m=[0m891839 [3mhash[0m[2m=[0m0x4d2ac7848bbee16358ffc55b364cc5af52a423e4d7308c3aa4af57328ab5385e
[2m2026-02-09T10:41:13.525059Z[0m [32m INFO[0m State root task finished [3mstate_root[0m[2m=[0m0x680081f83e929ce2634213d70247d08a607734bfb3ebb4b231958c00a6d7fb8b [3melapsed[0m[2m=[0m2.657389ms
[2m2026-02-09T10:41:13.525164Z[0m [32m INFO[0m Block added to canonical chain [3mnumber[0m[2m=[0m891839 [3mhash[0m[2m=[0m0x4d2ac7848bbee16358ffc55b364cc5af52a423e4d7308c3aa4af57328ab5385e [3mpeers[0m[2m=[0m3 [3mtxs[0m[2m=[0m38 [3mgas_used[0m[2m=[0m57.51Mgas [3mgas_throughput[0m[2m=[0m1.27Ggas/second [3mgas_limit[0m[2m=[0m59.94Mgas [3mfull[0m[2m=[0m96.0% [3mbase_fee[0m[2m=[0m0.98Gwei [3mblobs[0m[2m=[0m2 [3mexcess_blobs[0m[2m=[0m0 [3melapsed[0m[2m=[0m45.329657ms
[2m2026-02-09T10:41:13.526854Z[0m [32m INFO[0m Canonical chain committed [3mnumber[0m[2m=[0m891839 [3mhash[0m[2m=[0m0x4d2ac7848bbee16358ffc55b364cc5af52a423e4d7308c3aa4af57328ab5385e [3melapsed[0m[2m=[0m47.52µs
[2m2026-02-09T10:41:13.526867Z[0m [32m INFO[0m Forkchoice updated [3mhead_block_hash[0m[2m=[0m0x4d2ac7848bbee16358ffc55b364cc5af52a423e4d7308c3aa4af57328ab5385e [3msafe_block_hash[0m[2m=[0m0xc035aa95b97e978bdea55aaf17e6e6f79447c7a49ccdafe10e2402c6278411c6 [3mfinalized_block_hash[0m[2m=[0m0x3cfd30f608b49bd8549c2b68e1a2e12c2982b8c2149586d7d3cd8f0a41bb49ef
[2m2026-02-09T10:41:13.602743Z[0m [32m INFO[0m Received block from consensus engine [3mnumber[0m[2m=[0m891840 [3mhash[0m[2m=[0m0x4f29603ca9a045edf102ad7895fa59fe3eb0f9345b669e51a6530974543c89f1
[2m2026-02-09T10:41:13.620433Z[0m [32m INFO[0m State root task finished [3mstate_root[0m[2m=[0m0xfc31d95f6d5b42dff759924b764d9c20a9f6ec3853d68a156ba9fe2c2d298d58 [3melapsed[0m[2m=[0m8.04335ms
[2m2026-02-09T10:41:13.620507Z[0m [32m INFO[0m Block added to canonical chain [3mnumber[0m[2m=[0m891840 [3mhash[0m[2m=[0m0x4f29603ca9a045edf102ad7895fa59fe3eb0f9345b669e51a6530974543c89f1 [3mpeers[0m[2m=[0m3 [3mtxs[0m[2m=[0m12 [3mgas_used[0m[2m=[0m4.09Mgas [3mgas_throughput[0m[2m=[0m230.77Mgas/second [3mgas_limit[0m[2m=[0m59.88Mgas [3mfull[0m[2m=[0m6.8% [3mbase_fee[0m[2m=[0m1.09Gwei [3mblobs[0m[2m=[0m5 [3mexcess_blobs[0m[2m=[0m0 [3melapsed[0m[2m=[0m17.743389ms
[2m2026-02-09T10:41:13.621545Z[0m [32m INFO[0m Canonical chain committed [3mnumber[0m[2m=[0m891840 [3mhash[0m[2m=[0m0x4f29603ca9a045edf102ad7895fa59fe3eb0f9345b669e51a6530974543c89f1 [3melapsed[0m[2m=[0m30.217µs
[2m2026-02-09T10:41:13.621557Z[0m [32m INFO[0m Forkchoice updated [3mhead_block_hash[0m[2m=[0m0x4f29603ca9a045edf102ad7895fa59fe3eb0f9345b669e51a6530974543c89f1 [3msafe_block_hash[0m[2m=[0m0xd98f25012ef8d6590287ba77cd6efa3d3427f54b7ac347538c9e22c3fcf7cf44 [3mfinalized_block_hash[0m[2m=[0m0x4aaa5267b5bfbd5fdbd17274fdca01ae5f0111fa6223251294bf8292ec5bf79a
[2m2026-02-09T10:41:13.732456Z[0m [32m INFO[0m Received block from consensus engine [3mnumber[0m[2m=[0m891841 [3mhash[0m[2m=[0m0x0239a2751963023642e1375de31a20c06de418b12aa0aef14e7f9d3d1151e953
[2m2026-02-09T10:41:13.777048Z[0m [32m INFO[0m State root task finished [3mstate_root[0m[2m=[0m0x67be785814b954b91cf9bbbbe6c1d9137b8b522e3df69111c2dddd3191ba6454 [3melapsed[0m[2m=[0m1.589211ms
[2m2026-02-09T10:41:13.777120Z[0m [32m INFO[0m Block added to canonical chain [3mnumber[0m[2m=[0m891841 [3mhash[0m[2m=[0m0x0239a2751963023642e1375de31a20c06de418b12aa0aef14e7f9d3d1151e953 [3mpeers[0m[2m=[0m3 [3mtxs[0m[2m=[0m27 [3mgas_used[0m[2m=[0m58.77Mgas [3mgas_throughput[0m[2m=[0m1.32Ggas/second [3mgas_limit[0m[2m=[0m59.94Mgas [3mfull[0m[2m=[0m98.1% [3mbase_fee[0m[2m=[0m0.98Gwei [3mblobs[0m[2m=[0m2 [3mexcess_blobs[0m[2m=[0m0 [3melapsed[0m[2m=[0m44.641096ms
[2m2026-02-09T10:41:13.778161Z[0m [32m INFO[0m Canonical chain committed [3mnumber[0m[2m=[0m891841 [3mhash[0m[2m=[0m0x0239a2751963023642e1375de31a20c06de418b12aa0aef14e7f9d3d1151e953 [3melapsed[0m[2m=[0m32.171µs
[2m2026-02-09T10:41:13.778173Z[0m [32m INFO[0m Forkchoice updated [3mhead_block_hash[0m[2m=[0m0x0239a2751963023642e1375de31a20c06de418b12aa0aef14e7f9d3d1151e953 [3msafe_block_hash[0m[2m=[0m0xfe75790037936bb6c6eab65b263017c5b63b1e07469d18ee6c2370407095c992 [3mfinalized_block_hash[0m[2m=[0m0xd130a72e32a716de276d1749f2f1300ae9ef241b90636251872803d85a137c82
[2m2026-02-09T10:41:13.859547Z[0m [32m INFO[0m Received block from consensus engine [3mnumber[0m[2m=[0m891842 [3mhash[0m[2m=[0m0x054ad75e615952be56379f023ce5805dd7bc7d43e1655a1ced0e223119dc5e31
[2m2026-02-09T10:41:13.873425Z[0m [32m INFO[0m State root task finished [3mstate_root[0m[2m=[0m0x92479a5a4b75d0d0b8eb8ceb34acfe5ccb9bc8d85f3e3195c617d201b0fe166a [3melapsed[0m[2m=[0m9.884869ms
[2m2026-02-09T10:41:13.873521Z[0m [32m INFO[0m Block added to canonical chain [3mnumber[0m[2m=[0m891842 [3mhash[0m[2m=[0m0x054ad75e615952be56379f023ce5805dd7bc7d43e1655a1ced0e223119dc5e31 [3mpeers[0m[2m=[0m3 [3mtxs[0m[2m=[0m9 [3mgas_used[0m[2m=[0m1.84Mgas [3mgas_throughput[0m[2m=[0m132.24Mgas/second [3mgas_limit[0m[2m=[0m60.00Mgas [3mfull[0m[2m=[0m3.1% [3mbase_fee[0m[2m=[0m1.09Gwei [3mblobs[0m[2m=[0m5 [3mexcess_blobs[0m[2m=[0m0 [3melapsed[0m[2m=[0m13.945667ms
[2m2026-02-09T10:41:13.874873Z[0m [32m INFO[0m Canonical chain committed [3mnumber[0m[2m=[0m891842 [3mhash[0m[2m=[0m0x054ad75e615952be56379f023ce5805dd7bc7d43e1655a1ced0e223119dc5e31 [3melapsed[0m[2m=[0m27.763µs
[2m2026-02-09T10:41:13.874889Z[0m [32m INFO[0m Forkchoice updated [3mhead_block_hash[0m[2m=[0m0x054ad75e615952be56379f023ce5805dd7bc7d43e1655a1ced0e223119dc5e31 [3msafe_block_hash[0m[2m=[0m0x67ccde5b5fc593652329b18227b72ff55843da7b2b77b5475f281d0b4d5cbea4 [3mfinalized_block_hash[0m[2m=[0m0x48e65d9ca1dbc19139bdf9e669f64d0f2d3ad9ba3abe1490c4c3c186ed8c80fb
[2m2026-02-09T10:41:13.996017Z[0m [32m INFO[0m Received block from consensus engine [3mnumber[0m[2m=[0m891843 [3mhash[0m[2m=[0m0xa16f7f60b75cf31bea9d6cc66ba6628568bed787ee597fa80aacd85619c91a7e
[2m2026-02-09T10:41:14.038863Z[0m [32m INFO[0m State root task finished [3mstate_root[0m[2m=[0m0xe35005fcd227af71a95b725de0ebdd128d5f0cea7c7814cef7392539b10ae0a4 [3melapsed[0m[2m=[0m1.607436ms
[2m2026-02-09T10:41:14.038949Z[0m [32m INFO[0m Block added to canonical chain [3mnumber[0m[2m=[0m891843 [3mhash[0m[2m=[0m0xa16f7f60b75cf31bea9d6cc66ba6628568bed787ee597fa80aacd85619c91a7e [3mpeers[0m[2m=[0m3 [3mtxs[0m[2m=[0m30 [3mgas_used[0m[2m=[0m52.49Mgas [3mgas_throughput[0m[2m=[0m1.22Ggas/second [3mgas_limit[0m[2m=[0m60.00Mgas [3mfull[0m[2m=[0m87.5% [3mbase_fee[0m[2m=[0m0.96Gwei [3mblobs[0m[2m=[0m4 [3mexcess_blobs[0m[2m=[0m0 [3melapsed[0m[2m=[0m42.897243ms
[2m2026-02-09T10:41:14.039946Z[0m [32m INFO[0m Canonical chain committed [3mnumber[0m[2m=[0m891843 [3mhash[0m[2m=[0m0xa16f7f60b75cf31bea9d6cc66ba6628568bed787ee597fa80aacd85619c91a7e [3melapsed[0m[2m=[0m26.06µs
[2m2026-02-09T10:41:14.039956Z[0m [32m INFO[0m Forkchoice updated [3mhead_block_hash[0m[2m=[0m0xa16f7f60b75cf31bea9d6cc66ba6628568bed787ee597fa80aacd85619c91a7e [3msafe_block_hash[0m[2m=[0m0x9a2161460b0be376225786ab65edaea4fa7bd8aeab6e415ef05d223072143608 [3mfinalized_block_hash[0m[2m=[0m0x3bdfccfba13c57dc30fdfea81bce66cacd0f4c714efa42972c61bfd5d543b583
[2m2026-02-09T10:41:14.116655Z[0m [32m INFO[0m Received block from consensus engine [3mnumber[0m[2m=[0m891844 [3mhash[0m[2m=[0m0x88120b0816e7214a182eb154e207bef5fe227269aa0540b761ecabc5d2f225ea
[2m2026-02-09T10:41:14.124326Z[0m [32m INFO[0m State root task finished [3mstate_root[0m[2m=[0m0x692449b85c0896abf858b805afff24ea716a18a3d7c69ffa0adc6b2a438227f8 [3melapsed[0m[2m=[0m4.56404ms
[2m2026-02-09T10:41:14.124401Z[0m [32m INFO[0m Block added to canonical chain [3mnumber[0m[2m=[0m891844 [3mhash[0m[2m=[0m0x88120b0816e7214a182eb154e207bef5fe227269aa0540b761ecabc5d2f225ea [3mpeers[0m[2m=[0m3 [3mtxs[0m[2m=[0m5 [3mgas_used[0m[2m=[0m869.83Kgas [3mgas_throughput[0m[2m=[0m112.57Mgas/second [3mgas_limit[0m[2m=[0m60.00Mgas [3mfull[0m[2m=[0m1.4% [3mbase_fee[0m[2m=[0m1.05Gwei [3mblobs[0m[2m=[0m4 [3mexcess_blobs[0m[2m=[0m0 [3melapsed[0m[2m=[0m7.726973ms
[2m2026-02-09T10:41:14.125219Z[0m [32m INFO[0m Canonical chain committed [3mnumber[0m[2m=[0m891844 [3mhash[0m[2m=[0m0x88120b0816e7214a182eb154e207bef5fe227269aa0540b761ecabc5d2f225ea [3melapsed[0m[2m=[0m11.802µs
[2m2026-02-09T10:41:14.125225Z[0m [32m INFO[0m Forkchoice updated [3mhead_block_hash[0m[2m=[0m0x88120b0816e7214a182eb154e207bef5fe227269aa0540b761ecabc5d2f225ea [3msafe_block_hash[0m[2m=[0m0xc1c3837aa3a723cefc32ccc5f39340881f3aac7f16112177c760635808093cf3 [3mfinalized_block_hash[0m[2m=[0m0xfd04ebd92935bd81a9e2815d6bcde547249e82e50e7ca6d9bd859409db6e45ad
[2m2026-02-09T10:41:14.247128Z[0m [32m INFO[0m Received block from consensus engine [3mnumber[0m[2m=[0m891845 [3mhash[0m[2m=[0m0xad6d5637b2f60bc720a43f9bd55160e71f03d5b8afa7b38876ff024593909e65
[2m2026-02-09T10:41:14.292592Z[0m [32m INFO[0m State root task finished [3mstate_root[0m[2m=[0m0xa8a50b3ddbd8be94b99ae4b9e25d3ac720f9dba0fc9113ef0ac01e7b723411ea [3melapsed[0m[2m=[0m1.440951ms
[2m2026-02-09T10:41:14.292665Z[0m [32m INFO[0m Block added to canonical chain [3mnumber[0m[2m=[0m891845 [3mhash[0m[2m=[0m0xad6d5637b2f60bc720a43f9bd55160e71f03d5b8afa7b38876ff024593909e65 [3mpeers[0m[2m=[0m3 [3mtxs[0m[2m=[0m30 [3mgas_used[0m[2m=[0m58.13Mgas [3mgas_throughput[0m[2m=[0m1.28Ggas/second [3mgas_limit[0m[2m=[0m60.00Mgas [3mfull[0m[2m=[0m96.9% [3mbase_fee[0m[2m=[0m0.93Gwei [3mblobs[0m[2m=[0m5 [3mexcess_blobs[0m[2m=[0m0 [3melapsed[0m[2m=[0m45.48006ms
[2m2026-02-09T10:41:14.293808Z[0m [32m INFO[0m Canonical chain committed [3mnumber[0m[2m=[0m891845 [3mhash[0m[2m=[0m0xad6d5637b2f60bc720a43f9bd55160e71f03d5b8afa7b38876ff024593909e65 [3melapsed[0m[2m=[0m28.042µs
[2m2026-02-09T10:41:14.293815Z[0m [32m INFO[0m Forkchoice updated [3mhead_block_hash[0m[2m=[0m0xad6d5637b2f60bc720a43f9bd55160e71f03d5b8afa7b38876ff024593909e65 [3msafe_block_hash[0m[2m=[0m0x905de73f5defbb1b5c5723158e89a888689e0efa8a0aa00059caa99ed00b175c [3mfinalized_block_hash[0m[2m=[0m0x230e4c12412bc6ad133844248d26325461ad1ce526053b7e1106d8aaadb40462
[2m2026-02-09T10:41:14.371505Z[0m [32m INFO[0m Received block from consensus engine [3mnumber[0m[2m=[0m891846 [3mhash[0m[2m=[0m0xda19be5f1bb8d605571bce691affcf3942831027a9124d8a5987877af7bf943f
[2m2026-02-09T10:41:14.382541Z[0m [32m INFO[0m State root task finished [3mstate_root[0m[2m=[0m0x0cd711bc28d509244dfeb6464831eda602b047b1b4d5ffa3c0616fc4c950ad1a [3melapsed[0m[2m=[0m6.049865ms
[2m2026-02-09T10:41:14.382617Z[0m [32m INFO[0m Block added to canonical chain [3mnumber[0m[2m=[0m891846 [3mhash[0m[2m=[0m0xda19be5f1bb8d605571bce691affcf3942831027a9124d8a5987877af7bf943f [3mpeers[0m[2m=[0m3 [3mtxs[0m[2m=[0m10 [3mgas_used[0m[2m=[0m3.57Mgas [3mgas_throughput[0m[2m=[0m322.61Mgas/second [3mgas_limit[0m[2m=[0m60.00Mgas [3mfull[0m[2m=[0m6.0% [3mbase_fee[0m[2m=[0m1.04Gwei [3mblobs[0m[2m=[0m4 [3mexcess_blobs[0m[2m=[0m0 [3melapsed[0m[2m=[0m11.075928ms
[2m2026-02-09T10:41:14.383436Z[0m [32m INFO[0m Canonical chain committed [3mnumber[0m[2m=[0m891846 [3mhash[0m[2m=[0m0xda19be5f1bb8d605571bce691affcf3942831027a9124d8a5987877af7bf943f [3melapsed[0m[2m=[0m23.004µs
[2m2026-02-09T10:41:14.383445Z[0m [32m INFO[0m Forkchoice updated [3mhead_block_hash[0m[2m=[0m0xda19be5f1bb8d605571bce691affcf3942831027a9124d8a5987877af7bf943f [3msafe_block_hash[0m[2m=[0m0x195a78539901fc5fca495431d76f75275d7eaf46d4ae8a746c202bd99c2804a1 [3mfinalized_block_hash[0m[2m=[0m0xf5bad04c9ca4fdcbfe062c5f77b5ac589591ae93cb585c09e54c695ac16f50f1
[2m2026-02-09T10:41:14.559349Z[0m [32m INFO[0m Received block from consensus engine [3mnumber[0m[2m=[0m891847 [3mhash[0m[2m=[0m0xf07bfd07c12d591e39dc5219614d0b100ef656b8f970c485448ed265ce0994ef
[2m2026-02-09T10:41:14.607728Z[0m [32m INFO[0m State root task finished [3mstate_root[0m[2m=[0m0x307477df4fa6918e128569442a67c2d4f8ce012eaf554c79525273b948c8908b [3melapsed[0m[2m=[0m1.63079ms
[2m2026-02-09T10:41:14.607815Z[0m [32m INFO[0m Block added to canonical chain [3mnumber[0m[2m=[0m891847 [3mhash[0m[2m=[0m0xf07bfd07c12d591e39dc5219614d0b100ef656b8f970c485448ed265ce0994ef [3mpeers[0m[2m=[0m3 [3mtxs[0m[2m=[0m29 [3mgas_used[0m[2m=[0m57.60Mgas [3mgas_throughput[0m[2m=[0m1.19Ggas/second [3mgas_limit[0m[2m=[0m60.00Mgas [3mfull[0m[2m=[0m96.0% [3mbase_fee[0m[2m=[0m0.92Gwei [3mblobs[0m[2m=[0m3 [3mexcess_blobs[0m[2m=[0m0 [3melapsed[0m[2m=[0m48.438718ms
[2m2026-02-09T10:41:14.609245Z[0m [32m INFO[0m Canonical chain committed [3mnumber[0m[2m=[0m891847 [3mhash[0m[2m=[0m0xf07bfd07c12d591e39dc5219614d0b100ef656b8f970c485448ed265ce0994ef [3melapsed[0m[2m=[0m23.895µs
[2m2026-02-09T10:41:14.609256Z[0m [32m INFO[0m Forkchoice updated [3mhead_block_hash[0m[2m=[0m0xf07bfd07c12d591e39dc5219614d0b100ef656b8f970c485448ed265ce0994ef [3msafe_block_hash[0m[2m=[0m0x561ec45636ae31e0a975cdc8a868932372070b09306c9c8923c342bbaa1ff1d3 [3mfinalized_block_hash[0m[2m=[0m0x07382088b66858ca24d9af098f7674d9889db97f908fcf9f0267fb422017c4cc
[2m2026-02-09T10:41:14.684578Z[0m [32m INFO[0m Received block from consensus engine [3mnumber[0m[2m=[0m891848 [3mhash[0m[2m=[0m0x1e75dac484aee00a563b3ca24482c264df1079705809c0bb480a7809e9e469a6
[2m2026-02-09T10:41:14.699510Z[0m [32m INFO[0m State root task finished [3mstate_root[0m[2m=[0m0x1577085f7980b639d6f69f0631768a8cd38133748d4a59639571bca07025d781 [3melapsed[0m[2m=[0m10.085728ms
[2m2026-02-09T10:41:14.699580Z[0m [32m INFO[0m Block added to canonical chain [3mnumber[0m[2m=[0m891848 [3mhash[0m[2m=[0m0x1e75dac484aee00a563b3ca24482c264df1079705809c0bb480a7809e9e469a6 [3mpeers[0m[2m=[0m3 [3mtxs[0m[2m=[0m11 [3mgas_used[0m[2m=[0m3.98Mgas [3mgas_throughput[0m[2m=[0m266.05Mgas/second [3mgas_limit[0m[2m=[0m60.00Mgas [3mfull[0m[2m=[0m6.6% [3mbase_fee[0m[2m=[0m1.03Gwei [3mblobs[0m[2m=[0m5 [3mexcess_blobs[0m[2m=[0m0 [3melapsed[0m[2m=[0m14.947188ms
[2m2026-02-09T10:41:14.700898Z[0m [32m INFO[0m Canonical chain committed [3mnumber[0m[2m=[0m891848 [3mhash[0m[2m=[0m0x1e75dac484aee00a563b3ca24482c264df1079705809c0bb480a7809e9e469a6 [3melapsed[0m[2m=[0m24.196µs
[2m2026-02-09T10:41:14.700906Z[0m [32m INFO[0m Forkchoice updated [3mhead_block_hash[0m[2m=[0m0x1e75dac484aee00a563b3ca24482c264df1079705809c0bb480a7809e9e469a6 [3msafe_block_hash[0m[2m=[0m0xd5abf7cbeed9fb163a9de7734c86d200aef33e8fdab4990524af5ac240cd1e35 [3mfinalized_block_hash[0m[2m=[0m0xa3619b2537ceca6d861b13d72a926295c8e85486701eea5d63e09916c3a85534
[2m2026-02-09T10:41:14.818309Z[0m [32m INFO[0m Received block from consensus engine [3mnumber[0m[2m=[0m891849 [3mhash[0m[2m=[0m0x2a484fb21bd4c475138101990533663432e4bfe2c4b3bb80eff5a3c9694d1c00
[2m2026-02-09T10:41:14.865894Z[0m [32m INFO[0m State root task finished [3mstate_root[0m[2m=[0m0x4477ac4c8a09191f2587419251a352baabe07e6c142ff773f75f0edb2eb7432c [3melapsed[0m[2m=[0m1.64141ms
[2m2026-02-09T10:41:14.865976Z[0m [32m INFO[0m Block added to canonical chain [3mnumber[0m[2m=[0m891849 [3mhash[0m[2m=[0m0x2a484fb21bd4c475138101990533663432e4bfe2c4b3bb80eff5a3c9694d1c00 [3mpeers[0m[2m=[0m3 [3mtxs[0m[2m=[0m28 [3mgas_used[0m[2m=[0m59.15Mgas [3mgas_throughput[0m[2m=[0m1.24Ggas/second [3mgas_limit[0m[2m=[0m60.00Mgas [3mfull[0m[2m=[0m98.6% [3mbase_fee[0m[2m=[0m0.92Gwei [3mblobs[0m[2m=[0m2 [3mexcess_blobs[0m[2m=[0m0 [3melapsed[0m[2m=[0m47.637886ms
[2m2026-02-09T10:41:14.867356Z[0m [32m INFO[0m Canonical chain committed [3mnumber[0m[2m=[0m891849 [3mhash[0m[2m=[0m0x2a484fb21bd4c475138101990533663432e4bfe2c4b3bb80eff5a3c9694d1c00 [3melapsed[0m[2m=[0m27.853µs
[2m2026-02-09T10:41:14.867364Z[0m [32m INFO[0m Forkchoice updated [3mhead_block_hash[0m[2m=[0m0x2a484fb21bd4c475138101990533663432e4bfe2c4b3bb80eff5a3c9694d1c00 [3msafe_block_hash[0m[2m=[0m0xa758d2c1edd8c2de69dc9f379ee33c860390acc56b7715512eae4a51b2ae18d5 [3mfinalized_block_hash[0m[2m=[0m0xa5925f5e23a9397cb66625219fcb1793d1e4330e545202df15df0ccd45a1a132
[2m2026-02-09T10:41:14.958956Z[0m [32m INFO[0m Received block from consensus engine [3mnumber[0m[2m=[0m891850 [3mhash[0m[2m=[0m0x9f3fc9e2c2c069f23f4aa056abc84d854997114a6a2c436b661850629d30ce6f
[2m2026-02-09T10:41:14.965872Z[0m [32m INFO[0m State root task finished [3mstate_root[0m[2m=[0m0x79a29aa6e8f403d5b0afb95a2844a5aafdc133f14010982c571628d4f879c610 [3melapsed[0m[2m=[0m2.950713ms
[2m2026-02-09T10:41:14.965941Z[0m [32m INFO[0m Block added to canonical chain [3mnumber[0m[2m=[0m891850 [3mhash[0m[2m=[0m0x9f3fc9e2c2c069f23f4aa056abc84d854997114a6a2c436b661850629d30ce6f [3mpeers[0m[2m=[0m3 [3mtxs[0m[2m=[0m10 [3mgas_used[0m[2m=[0m1.49Mgas [3mgas_throughput[0m[2m=[0m214.44Mgas/second [3mgas_limit[0m[2m=[0m60.00Mgas [3mfull[0m[2m=[0m2.5% [3mbase_fee[0m[2m=[0m1.03Gwei [3mblobs[0m[2m=[0m5 [3mexcess_blobs[0m[2m=[0m0 [3melapsed[0m[2m=[0m6.96858ms
[2m2026-02-09T10:41:14.966958Z[0m [32m INFO[0m Canonical chain committed [3mnumber[0m[2m=[0m891850 [3mhash[0m[2m=[0m0x9f3fc9e2c2c069f23f4aa056abc84d854997114a6a2c436b661850629d30ce6f [3melapsed[0m[2m=[0m22.272µs
[2m2026-02-09T10:41:14.966969Z[0m [32m INFO[0m Forkchoice updated [3mhead_block_hash[0m[2m=[0m0x9f3fc9e2c2c069f23f4aa056abc84d854997114a6a2c436b661850629d30ce6f [3msafe_block_hash[0m[2m=[0m0xabe4d2284e4cb5d9509403d4b7f63ecde796a0f6de087cb7e39632b18ac716e8 [3mfinalized_block_hash[0m[2m=[0m0xa2b13e0bd1d6af08e81cc268c92b95a688a07a0b3a3748872cc7c23ec126d059
