
running 1 test
[2m2024-05-07T03:10:54.661978Z[0m [35mTRACE[0m [2mtrie::storage_root[0m[2m:[0m calculating storage root [3mhashed_address[0m[2m=[0m0x5380c7b7ae81a58eb98d9c78de4a1fd7fd9535fc953ed2be602daaa41767312a
NodeIter Key: Nibbles(
    "",
)
NodeIter Seek Key: 0x0000000000000000000000000000000000000000000000000000000000000000
NodeIter Hashed Entry: None
Storage Node: Leaf(
    0x0faa000000000000000000000000000000000000000000000000000000000000,
    0x0000000000000000000000000000000000000000000000000000000000000001_U256,
)
[2m2024-05-07T03:10:54.662077Z[0m [35mTRACE[0m [2mtrie::hash_builder[0m[2m:[0m old key/value [3mkey[0m[2m=[0mNibbles("") [3mvalue[0m[2m=[0mBytes("")
[2m2024-05-07T03:10:54.662088Z[0m [35mTRACE[0m [2mtrie::hash_builder[0m[2m:[0m new key/value [3mkey[0m[2m=[0mNibbles("000f0a0a000000000000000000000000000000000000000000000000000000000000000000000000000000000000000000000000000000000000000000000000") [3mvalue[0m[2m=[0mBytes("01")
NodeIter Hashed Entry: None
Storage Node: Leaf(
    0x0faaa00000000000000000000000000000000000000000000000000000000000,
    0x0000000000000000000000000000000000000000000000000000000000000001_U256,
)
[2m2024-05-07T03:10:54.662113Z[0m [35mTRACE[0m [2mtrie::hash_builder[0m[2m:[0m updating merkle tree [3mcurrent[0m[2m=[0mNibbles("000f0a0a000000000000000000000000000000000000000000000000000000000000000000000000000000000000000000000000000000000000000000000000") [3msucceeding[0m[2m=[0mNibbles("000f0a0a0a0000000000000000000000000000000000000000000000000000000000000000000000000000000000000000000000000000000000000000000000")
[2m2024-05-07T03:10:54.662172Z[0m [35mTRACE[0m [1mloop[0m[1m{[0m[3mi[0m[2m=[0m0 [3mcurrent[0m[2m=[0mNibbles("000f0a0a000000000000000000000000000000000000000000000000000000000000000000000000000000000000000000000000000000000000000000000000") [3mbuild_extensions[0m[2m=[0mfalse[1m}[0m[2m:[0m [2mtrie::hash_builder[0m[2m:[0m prefix lengths after comparing keys [3mlen[0m[2m=[0m4 [3mcommon_prefix_len[0m[2m=[0m4 [3mpreceding_len[0m[2m=[0m0 [3mpreceding_exists[0m[2m=[0mfalse
[2m2024-05-07T03:10:54.662189Z[0m [35mTRACE[0m [1mloop[0m[1m{[0m[3mi[0m[2m=[0m0 [3mcurrent[0m[2m=[0mNibbles("000f0a0a000000000000000000000000000000000000000000000000000000000000000000000000000000000000000000000000000000000000000000000000") [3mbuild_extensions[0m[2m=[0mfalse[1m}[0m[2m:[0m [2mtrie::hash_builder[0m[2m:[0m scaling state masks to fit [3mnew_len[0m[2m=[0m5 [3mold_len[0m[2m=[0m0
[2m2024-05-07T03:10:54.662200Z[0m [35mTRACE[0m [1mloop[0m[1m{[0m[3mi[0m[2m=[0m0 [3mcurrent[0m[2m=[0mNibbles("000f0a0a000000000000000000000000000000000000000000000000000000000000000000000000000000000000000000000000000000000000000000000000") [3mbuild_extensions[0m[2m=[0mfalse[1m}[0m[2m:[0m [2mtrie::hash_builder[0m[2m:[0m [3mextra_digit[0m[2m=[0m0 [3mgroups[0m[2m=[0m[TrieMask(0000000000000000), TrieMask(0000000000000000), TrieMask(0000000000000000), TrieMask(0000000000000000), TrieMask(0000000000000001)]
[2m2024-05-07T03:10:54.662212Z[0m [35mTRACE[0m [1mloop[0m[1m{[0m[3mi[0m[2m=[0m0 [3mcurrent[0m[2m=[0mNibbles("000f0a0a000000000000000000000000000000000000000000000000000000000000000000000000000000000000000000000000000000000000000000000000") [3mbuild_extensions[0m[2m=[0mfalse[1m}[0m[2m:[0m [2mtrie::hash_builder[0m[2m:[0m resizing tree/hash masks [3mnew_len[0m[2m=[0m64 [3mold_tree_mask_len[0m[2m=[0m0 [3mold_hash_mask_len[0m[2m=[0m0
[2m2024-05-07T03:10:54.662223Z[0m [35mTRACE[0m [1mloop[0m[1m{[0m[3mi[0m[2m=[0m0 [3mcurrent[0m[2m=[0mNibbles("000f0a0a000000000000000000000000000000000000000000000000000000000000000000000000000000000000000000000000000000000000000000000000") [3mbuild_extensions[0m[2m=[0mfalse[1m}[0m[2m:[0m [2mtrie::hash_builder[0m[2m:[0m skipping 5 nibbles
[2m2024-05-07T03:10:54.662232Z[0m [35mTRACE[0m [1mloop[0m[1m{[0m[3mi[0m[2m=[0m0 [3mcurrent[0m[2m=[0mNibbles("000f0a0a000000000000000000000000000000000000000000000000000000000000000000000000000000000000000000000000000000000000000000000000") [3mbuild_extensions[0m[2m=[0mfalse[1m}[0m[2m:[0m [2mtrie::hash_builder[0m[2m:[0m [3mshort_node_key[0m[2m=[0mNibbles("0000000000000000000000000000000000000000000000000000000000000000000000000000000000000000000000000000000000000000000000")
[2m2024-05-07T03:10:54.662252Z[0m [35mTRACE[0m [1mloop[0m[1m{[0m[3mi[0m[2m=[0m0 [3mcurrent[0m[2m=[0mNibbles("000f0a0a000000000000000000000000000000000000000000000000000000000000000000000000000000000000000000000000000000000000000000000000") [3mbuild_extensions[0m[2m=[0mfalse[1m}[0m[2m:[0m [2mtrie::hash_builder[0m[2m:[0m pushing leaf node [3mleaf_node[0m[2m=[0mLeafNode { key: "300000000000000000000000000000000000000000000000000000000000", value: "01" }
[2m2024-05-07T03:10:54.662284Z[0m [35mTRACE[0m [1mloop[0m[1m{[0m[3mi[0m[2m=[0m0 [3mcurrent[0m[2m=[0mNibbles("000f0a0a000000000000000000000000000000000000000000000000000000000000000000000000000000000000000000000000000000000000000000000000") [3mbuild_extensions[0m[2m=[0mfalse[1m}[0m[2m:[0m [2mtrie::hash_builder[0m[2m:[0m leaf node rlp [3mrlp[0m[2m=[0m"a0ee9f09021cbd429f2069700656987ccf03aff5f649ba9fc0ced0e09b78d6c94d"
[2m2024-05-07T03:10:54.662313Z[0m [35mTRACE[0m [1mloop[0m[1m{[0m[3mi[0m[2m=[0m0 [3mcurrent[0m[2m=[0mNibbles("000f0a0a000000000000000000000000000000000000000000000000000000000000000000000000000000000000000000000000000000000000000000000000") [3mbuild_extensions[0m[2m=[0mfalse[1m}[0m[2m:[0m [2mtrie::hash_builder[0m[2m:[0m no common prefix to create branch nodes from, returning
[2m2024-05-07T03:10:54.662334Z[0m [35mTRACE[0m [2mtrie::hash_builder[0m[2m:[0m old key/value [3mkey[0m[2m=[0mNibbles("000f0a0a000000000000000000000000000000000000000000000000000000000000000000000000000000000000000000000000000000000000000000000000") [3mvalue[0m[2m=[0mBytes("01")
[2m2024-05-07T03:10:54.662342Z[0m [35mTRACE[0m [2mtrie::hash_builder[0m[2m:[0m new key/value [3mkey[0m[2m=[0mNibbles("000f0a0a0a0000000000000000000000000000000000000000000000000000000000000000000000000000000000000000000000000000000000000000000000") [3mvalue[0m[2m=[0mBytes("01")
NodeIter Hashed Entry: None
Storage Node: Leaf(
    0x0fab000000000000000000000000000000000000000000000000000000000000,
    0x0000000000000000000000000000000000000000000000000000000000000001_U256,
)
[2m2024-05-07T03:10:54.662362Z[0m [35mTRACE[0m [2mtrie::hash_builder[0m[2m:[0m updating merkle tree [3mcurrent[0m[2m=[0mNibbles("000f0a0a0a0000000000000000000000000000000000000000000000000000000000000000000000000000000000000000000000000000000000000000000000") [3msucceeding[0m[2m=[0mNibbles("000f0a0b000000000000000000000000000000000000000000000000000000000000000000000000000000000000000000000000000000000000000000000000")
[2m2024-05-07T03:10:54.662382Z[0m [35mTRACE[0m [1mloop[0m[1m{[0m[3mi[0m[2m=[0m0 [3mcurrent[0m[2m=[0mNibbles("000f0a0a0a0000000000000000000000000000000000000000000000000000000000000000000000000000000000000000000000000000000000000000000000") [3mbuild_extensions[0m[2m=[0mfalse[1m}[0m[2m:[0m [2mtrie::hash_builder[0m[2m:[0m prefix lengths after comparing keys [3mlen[0m[2m=[0m4 [3mcommon_prefix_len[0m[2m=[0m3 [3mpreceding_len[0m[2m=[0m4 [3mpreceding_exists[0m[2m=[0mtrue
[2m2024-05-07T03:10:54.662391Z[0m [35mTRACE[0m [1mloop[0m[1m{[0m[3mi[0m[2m=[0m0 [3mcurrent[0m[2m=[0mNibbles("000f0a0a0a0000000000000000000000000000000000000000000000000000000000000000000000000000000000000000000000000000000000000000000000") [3mbuild_extensions[0m[2m=[0mfalse[1m}[0m[2m:[0m [2mtrie::hash_builder[0m[2m:[0m [3mextra_digit[0m[2m=[0m10 [3mgroups[0m[2m=[0m[TrieMask(0000000000000000), TrieMask(0000000000000000), TrieMask(0000000000000000), TrieMask(0000000000000000), TrieMask(0000010000000001)]
[2m2024-05-07T03:10:54.662400Z[0m [35mTRACE[0m [1mloop[0m[1m{[0m[3mi[0m[2m=[0m0 [3mcurrent[0m[2m=[0mNibbles("000f0a0a0a0000000000000000000000000000000000000000000000000000000000000000000000000000000000000000000000000000000000000000000000") [3mbuild_extensions[0m[2m=[0mfalse[1m}[0m[2m:[0m [2mtrie::hash_builder[0m[2m:[0m skipping 5 nibbles
[2m2024-05-07T03:10:54.662411Z[0m [35mTRACE[0m [1mloop[0m[1m{[0m[3mi[0m[2m=[0m0 [3mcurrent[0m[2m=[0mNibbles("000f0a0a0a0000000000000000000000000000000000000000000000000000000000000000000000000000000000000000000000000000000000000000000000") [3mbuild_extensions[0m[2m=[0mfalse[1m}[0m[2m:[0m [2mtrie::hash_builder[0m[2m:[0m [3mshort_node_key[0m[2m=[0mNibbles("0000000000000000000000000000000000000000000000000000000000000000000000000000000000000000000000000000000000000000000000")
[2m2024-05-07T03:10:54.662423Z[0m [35mTRACE[0m [1mloop[0m[1m{[0m[3mi[0m[2m=[0m0 [3mcurrent[0m[2m=[0mNibbles("000f0a0a0a0000000000000000000000000000000000000000000000000000000000000000000000000000000000000000000000000000000000000000000000") [3mbuild_extensions[0m[2m=[0mfalse[1m}[0m[2m:[0m [2mtrie::hash_builder[0m[2m:[0m pushing leaf node [3mleaf_node[0m[2m=[0mLeafNode { key: "300000000000000000000000000000000000000000000000000000000000", value: "01" }
[2m2024-05-07T03:10:54.662450Z[0m [35mTRACE[0m [1mloop[0m[1m{[0m[3mi[0m[2m=[0m0 [3mcurrent[0m[2m=[0mNibbles("000f0a0a0a0000000000000000000000000000000000000000000000000000000000000000000000000000000000000000000000000000000000000000000000") [3mbuild_extensions[0m[2m=[0mfalse[1m}[0m[2m:[0m [2mtrie::hash_builder[0m[2m:[0m leaf node rlp [3mrlp[0m[2m=[0m"a0ee9f09021cbd429f2069700656987ccf03aff5f649ba9fc0ced0e09b78d6c94d"
[2m2024-05-07T03:10:54.662497Z[0m [35mTRACE[0m [1mloop[0m[1m{[0m[3mi[0m[2m=[0m0 [3mcurrent[0m[2m=[0mNibbles("000f0a0a0a0000000000000000000000000000000000000000000000000000000000000000000000000000000000000000000000000000000000000000000000") [3mbuild_extensions[0m[2m=[0mfalse[1m}[0m[2m:[0m [2mtrie::hash_builder[0m[2m:[0m resizing stack to prepare branch node [3mnew_len[0m[2m=[0m0 [3mold_len[0m[2m=[0m2
[2m2024-05-07T03:10:54.662507Z[0m [35mTRACE[0m [1mloop[0m[1m{[0m[3mi[0m[2m=[0m0 [3mcurrent[0m[2m=[0mNibbles("000f0a0a0a0000000000000000000000000000000000000000000000000000000000000000000000000000000000000000000000000000000000000000000000") [3mbuild_extensions[0m[2m=[0mfalse[1m}[0m[2m:[0m [2mtrie::hash_builder[0m[2m:[0m pushing branch node with TrieMask(0000010000000001) mask from stack
[2m2024-05-07T03:10:54.662516Z[0m [35mTRACE[0m [1mloop[0m[1m{[0m[3mi[0m[2m=[0m0 [3mcurrent[0m[2m=[0mNibbles("000f0a0a0a0000000000000000000000000000000000000000000000000000000000000000000000000000000000000000000000000000000000000000000000") [3mbuild_extensions[0m[2m=[0mfalse[1m}[0m[2m:[0m [2mtrie::hash_builder[0m[2m:[0m branch node rlp [3mrlp[0m[2m=[0m"a0b34f450ed88ff0b44dedcaa3b45173b58d37be7ac83e30b6aa33791ee1b51198"
[2m2024-05-07T03:10:54.662525Z[0m [35mTRACE[0m [1mloop[0m[1m{[0m[3mi[0m[2m=[0m0 [3mcurrent[0m[2m=[0mNibbles("000f0a0a0a0000000000000000000000000000000000000000000000000000000000000000000000000000000000000000000000000000000000000000000000") [3mbuild_extensions[0m[2m=[0mfalse[1m}[0m[2m:[0m [2mtrie::hash_builder[0m[2m:[0m resizing tree/hash masks [3mnew_len[0m[2m=[0m4 [3mold_tree_mask_len[0m[2m=[0m64 [3mold_hash_mask_len[0m[2m=[0m64
[2m2024-05-07T03:10:54.662535Z[0m [35mTRACE[0m [1mloop[0m[1m{[0m[3mi[0m[2m=[0m0 [3mcurrent[0m[2m=[0mNibbles("000f0a0a0a0000000000000000000000000000000000000000000000000000000000000000000000000000000000000000000000000000000000000000000000") [3mbuild_extensions[0m[2m=[0mfalse[1m}[0m[2m:[0m [2mtrie::hash_builder[0m[2m:[0m truncated nibbles to 4 bytes [3mcurrent[0m[2m=[0mNibbles("000f0a0a")
[2m2024-05-07T03:10:54.662544Z[0m [35mTRACE[0m [1mloop[0m[1m{[0m[3mi[0m[2m=[0m0 [3mcurrent[0m[2m=[0mNibbles("000f0a0a0a0000000000000000000000000000000000000000000000000000000000000000000000000000000000000000000000000000000000000000000000") [3mbuild_extensions[0m[2m=[0mfalse[1m}[0m[2m:[0m [2mtrie::hash_builder[0m[2m:[0m popping empty state masks [3mgroups[0m[2m=[0m[TrieMask(0000000000000000), TrieMask(0000000000000000), TrieMask(0000000000000000), TrieMask(0000000000000000)]
[2m2024-05-07T03:10:54.662567Z[0m [35mTRACE[0m [1mloop[0m[1m{[0m[3mi[0m[2m=[0m1 [3mcurrent[0m[2m=[0mNibbles("000f0a0a") [3mbuild_extensions[0m[2m=[0mtrue[1m}[0m[2m:[0m [2mtrie::hash_builder[0m[2m:[0m prefix lengths after comparing keys [3mlen[0m[2m=[0m3 [3mcommon_prefix_len[0m[2m=[0m3 [3mpreceding_len[0m[2m=[0m0 [3mpreceding_exists[0m[2m=[0mfalse
[2m2024-05-07T03:10:54.662577Z[0m [35mTRACE[0m [1mloop[0m[1m{[0m[3mi[0m[2m=[0m1 [3mcurrent[0m[2m=[0mNibbles("000f0a0a") [3mbuild_extensions[0m[2m=[0mtrue[1m}[0m[2m:[0m [2mtrie::hash_builder[0m[2m:[0m scaling state masks to fit [3mnew_len[0m[2m=[0m4 [3mold_len[0m[2m=[0m0
[2m2024-05-07T03:10:54.662585Z[0m [35mTRACE[0m [1mloop[0m[1m{[0m[3mi[0m[2m=[0m1 [3mcurrent[0m[2m=[0mNibbles("000f0a0a") [3mbuild_extensions[0m[2m=[0mtrue[1m}[0m[2m:[0m [2mtrie::hash_builder[0m[2m:[0m [3mextra_digit[0m[2m=[0m10 [3mgroups[0m[2m=[0m[TrieMask(0000000000000000), TrieMask(0000000000000000), TrieMask(0000000000000000), TrieMask(0000010000000000)]
[2m2024-05-07T03:10:54.662593Z[0m [35mTRACE[0m [1mloop[0m[1m{[0m[3mi[0m[2m=[0m1 [3mcurrent[0m[2m=[0mNibbles("000f0a0a") [3mbuild_extensions[0m[2m=[0mtrue[1m}[0m[2m:[0m [2mtrie::hash_builder[0m[2m:[0m skipping 4 nibbles
[2m2024-05-07T03:10:54.662600Z[0m [35mTRACE[0m [1mloop[0m[1m{[0m[3mi[0m[2m=[0m1 [3mcurrent[0m[2m=[0mNibbles("000f0a0a") [3mbuild_extensions[0m[2m=[0mtrue[1m}[0m[2m:[0m [2mtrie::hash_builder[0m[2m:[0m [3mshort_node_key[0m[2m=[0mNibbles("")
[2m2024-05-07T03:10:54.662607Z[0m [35mTRACE[0m [1mloop[0m[1m{[0m[3mi[0m[2m=[0m1 [3mcurrent[0m[2m=[0mNibbles("000f0a0a") [3mbuild_extensions[0m[2m=[0mtrue[1m}[0m[2m:[0m [2mtrie::hash_builder[0m[2m:[0m no common prefix to create branch nodes from, returning
[2m2024-05-07T03:10:54.662617Z[0m [35mTRACE[0m [2mtrie::hash_builder[0m[2m:[0m old key/value [3mkey[0m[2m=[0mNibbles("000f0a0a0a0000000000000000000000000000000000000000000000000000000000000000000000000000000000000000000000000000000000000000000000") [3mvalue[0m[2m=[0mBytes("01")
[2m2024-05-07T03:10:54.662625Z[0m [35mTRACE[0m [2mtrie::hash_builder[0m[2m:[0m new key/value [3mkey[0m[2m=[0mNibbles("000f0a0b000000000000000000000000000000000000000000000000000000000000000000000000000000000000000000000000000000000000000000000000") [3mvalue[0m[2m=[0mBytes("01")
NodeIter Hashed Entry: None
Storage Node: Leaf(
    0x0fba000000000000000000000000000000000000000000000000000000000000,
    0x0000000000000000000000000000000000000000000000000000000000000001_U256,
)
[2m2024-05-07T03:10:54.662645Z[0m [35mTRACE[0m [2mtrie::hash_builder[0m[2m:[0m updating merkle tree [3mcurrent[0m[2m=[0mNibbles("000f0a0b000000000000000000000000000000000000000000000000000000000000000000000000000000000000000000000000000000000000000000000000") [3msucceeding[0m[2m=[0mNibbles("000f0b0a000000000000000000000000000000000000000000000000000000000000000000000000000000000000000000000000000000000000000000000000")
[2m2024-05-07T03:10:54.662662Z[0m [35mTRACE[0m [1mloop[0m[1m{[0m[3mi[0m[2m=[0m0 [3mcurrent[0m[2m=[0mNibbles("000f0a0b000000000000000000000000000000000000000000000000000000000000000000000000000000000000000000000000000000000000000000000000") [3mbuild_extensions[0m[2m=[0mfalse[1m}[0m[2m:[0m [2mtrie::hash_builder[0m[2m:[0m prefix lengths after comparing keys [3mlen[0m[2m=[0m3 [3mcommon_prefix_len[0m[2m=[0m2 [3mpreceding_len[0m[2m=[0m3 [3mpreceding_exists[0m[2m=[0mtrue
[2m2024-05-07T03:10:54.662672Z[0m [35mTRACE[0m [1mloop[0m[1m{[0m[3mi[0m[2m=[0m0 [3mcurrent[0m[2m=[0mNibbles("000f0a0b000000000000000000000000000000000000000000000000000000000000000000000000000000000000000000000000000000000000000000000000") [3mbuild_extensions[0m[2m=[0mfalse[1m}[0m[2m:[0m [2mtrie::hash_builder[0m[2m:[0m [3mextra_digit[0m[2m=[0m11 [3mgroups[0m[2m=[0m[TrieMask(0000000000000000), TrieMask(0000000000000000), TrieMask(0000000000000000), TrieMask(0000110000000000)]
[2m2024-05-07T03:10:54.662685Z[0m [35mTRACE[0m [1mloop[0m[1m{[0m[3mi[0m[2m=[0m0 [3mcurrent[0m[2m=[0mNibbles("000f0a0b000000000000000000000000000000000000000000000000000000000000000000000000000000000000000000000000000000000000000000000000") [3mbuild_extensions[0m[2m=[0mfalse[1m}[0m[2m:[0m [2mtrie::hash_builder[0m[2m:[0m resizing tree/hash masks [3mnew_len[0m[2m=[0m64 [3mold_tree_mask_len[0m[2m=[0m4 [3mold_hash_mask_len[0m[2m=[0m4
[2m2024-05-07T03:10:54.662694Z[0m [35mTRACE[0m [1mloop[0m[1m{[0m[3mi[0m[2m=[0m0 [3mcurrent[0m[2m=[0mNibbles("000f0a0b000000000000000000000000000000000000000000000000000000000000000000000000000000000000000000000000000000000000000000000000") [3mbuild_extensions[0m[2m=[0mfalse[1m}[0m[2m:[0m [2mtrie::hash_builder[0m[2m:[0m skipping 4 nibbles
[2m2024-05-07T03:10:54.662701Z[0m [35mTRACE[0m [1mloop[0m[1m{[0m[3mi[0m[2m=[0m0 [3mcurrent[0m[2m=[0mNibbles("000f0a0b000000000000000000000000000000000000000000000000000000000000000000000000000000000000000000000000000000000000000000000000") [3mbuild_extensions[0m[2m=[0mfalse[1m}[0m[2m:[0m [2mtrie::hash_builder[0m[2m:[0m [3mshort_node_key[0m[2m=[0mNibbles("000000000000000000000000000000000000000000000000000000000000000000000000000000000000000000000000000000000000000000000000")
[2m2024-05-07T03:10:54.662712Z[0m [35mTRACE[0m [1mloop[0m[1m{[0m[3mi[0m[2m=[0m0 [3mcurrent[0m[2m=[0mNibbles("000f0a0b000000000000000000000000000000000000000000000000000000000000000000000000000000000000000000000000000000000000000000000000") [3mbuild_extensions[0m[2m=[0mfalse[1m}[0m[2m:[0m [2mtrie::hash_builder[0m[2m:[0m pushing leaf node [3mleaf_node[0m[2m=[0mLeafNode { key: "20000000000000000000000000000000000000000000000000000000000000", value: "01" }
[2m2024-05-07T03:10:54.662739Z[0m [35mTRACE[0m [1mloop[0m[1m{[0m[3mi[0m[2m=[0m0 [3mcurrent[0m[2m=[0mNibbles("000f0a0b000000000000000000000000000000000000000000000000000000000000000000000000000000000000000000000000000000000000000000000000") [3mbuild_extensions[0m[2m=[0mfalse[1m}[0m[2m:[0m [2mtrie::hash_builder[0m[2m:[0m leaf node rlp [3mrlp[0m[2m=[0m"a0b000781fefaf0c5b9164ed425ea4c185681c1d9934e259acc705e7cd5400ca89"
[2m2024-05-07T03:10:54.662782Z[0m [35mTRACE[0m [1mloop[0m[1m{[0m[3mi[0m[2m=[0m0 [3mcurrent[0m[2m=[0mNibbles("000f0a0b000000000000000000000000000000000000000000000000000000000000000000000000000000000000000000000000000000000000000000000000") [3mbuild_extensions[0m[2m=[0mfalse[1m}[0m[2m:[0m [2mtrie::hash_builder[0m[2m:[0m resizing stack to prepare branch node [3mnew_len[0m[2m=[0m0 [3mold_len[0m[2m=[0m2
[2m2024-05-07T03:10:54.662791Z[0m [35mTRACE[0m [1mloop[0m[1m{[0m[3mi[0m[2m=[0m0 [3mcurrent[0m[2m=[0mNibbles("000f0a0b000000000000000000000000000000000000000000000000000000000000000000000000000000000000000000000000000000000000000000000000") [3mbuild_extensions[0m[2m=[0mfalse[1m}[0m[2m:[0m [2mtrie::hash_builder[0m[2m:[0m pushing branch node with TrieMask(0000110000000000) mask from stack
[2m2024-05-07T03:10:54.662799Z[0m [35mTRACE[0m [1mloop[0m[1m{[0m[3mi[0m[2m=[0m0 [3mcurrent[0m[2m=[0mNibbles("000f0a0b000000000000000000000000000000000000000000000000000000000000000000000000000000000000000000000000000000000000000000000000") [3mbuild_extensions[0m[2m=[0mfalse[1m}[0m[2m:[0m [2mtrie::hash_builder[0m[2m:[0m branch node rlp [3mrlp[0m[2m=[0m"a06e3e74ff5fc7ca11f62f34c59e9fd8d8a736a67ba7b96be41042b1285fcd1f81"
[2m2024-05-07T03:10:54.662808Z[0m [35mTRACE[0m [1mloop[0m[1m{[0m[3mi[0m[2m=[0m0 [3mcurrent[0m[2m=[0mNibbles("000f0a0b000000000000000000000000000000000000000000000000000000000000000000000000000000000000000000000000000000000000000000000000") [3mbuild_extensions[0m[2m=[0mfalse[1m}[0m[2m:[0m [2mtrie::hash_builder[0m[2m:[0m intermediate node [3mnode[0m[2m=[0mBranchNodeCompact { state_mask: TrieMask(0000110000000000), tree_mask: TrieMask(0000000000000000), hash_mask: TrieMask(0000010000000000), hashes: [0xb34f450ed88ff0b44dedcaa3b45173b58d37be7ac83e30b6aa33791ee1b51198], root_hash: None }
[2m2024-05-07T03:10:54.662827Z[0m [35mTRACE[0m [1mloop[0m[1m{[0m[3mi[0m[2m=[0m0 [3mcurrent[0m[2m=[0mNibbles("000f0a0b000000000000000000000000000000000000000000000000000000000000000000000000000000000000000000000000000000000000000000000000") [3mbuild_extensions[0m[2m=[0mfalse[1m}[0m[2m:[0m [2mtrie::hash_builder[0m[2m:[0m resizing tree/hash masks [3mnew_len[0m[2m=[0m3 [3mold_tree_mask_len[0m[2m=[0m64 [3mold_hash_mask_len[0m[2m=[0m64
[2m2024-05-07T03:10:54.662836Z[0m [35mTRACE[0m [1mloop[0m[1m{[0m[3mi[0m[2m=[0m0 [3mcurrent[0m[2m=[0mNibbles("000f0a0b000000000000000000000000000000000000000000000000000000000000000000000000000000000000000000000000000000000000000000000000") [3mbuild_extensions[0m[2m=[0mfalse[1m}[0m[2m:[0m [2mtrie::hash_builder[0m[2m:[0m truncated nibbles to 3 bytes [3mcurrent[0m[2m=[0mNibbles("000f0a")
[2m2024-05-07T03:10:54.662844Z[0m [35mTRACE[0m [1mloop[0m[1m{[0m[3mi[0m[2m=[0m0 [3mcurrent[0m[2m=[0mNibbles("000f0a0b000000000000000000000000000000000000000000000000000000000000000000000000000000000000000000000000000000000000000000000000") [3mbuild_extensions[0m[2m=[0mfalse[1m}[0m[2m:[0m [2mtrie::hash_builder[0m[2m:[0m popping empty state masks [3mgroups[0m[2m=[0m[TrieMask(0000000000000000), TrieMask(0000000000000000), TrieMask(0000000000000000)]
[2m2024-05-07T03:10:54.662862Z[0m [35mTRACE[0m [1mloop[0m[1m{[0m[3mi[0m[2m=[0m1 [3mcurrent[0m[2m=[0mNibbles("000f0a") [3mbuild_extensions[0m[2m=[0mtrue[1m}[0m[2m:[0m [2mtrie::hash_builder[0m[2m:[0m prefix lengths after comparing keys [3mlen[0m[2m=[0m2 [3mcommon_prefix_len[0m[2m=[0m2 [3mpreceding_len[0m[2m=[0m0 [3mpreceding_exists[0m[2m=[0mfalse
[2m2024-05-07T03:10:54.662871Z[0m [35mTRACE[0m [1mloop[0m[1m{[0m[3mi[0m[2m=[0m1 [3mcurrent[0m[2m=[0mNibbles("000f0a") [3mbuild_extensions[0m[2m=[0mtrue[1m}[0m[2m:[0m [2mtrie::hash_builder[0m[2m:[0m scaling state masks to fit [3mnew_len[0m[2m=[0m3 [3mold_len[0m[2m=[0m0
[2m2024-05-07T03:10:54.662879Z[0m [35mTRACE[0m [1mloop[0m[1m{[0m[3mi[0m[2m=[0m1 [3mcurrent[0m[2m=[0mNibbles("000f0a") [3mbuild_extensions[0m[2m=[0mtrue[1m}[0m[2m:[0m [2mtrie::hash_builder[0m[2m:[0m [3mextra_digit[0m[2m=[0m10 [3mgroups[0m[2m=[0m[TrieMask(0000000000000000), TrieMask(0000000000000000), TrieMask(0000010000000000)]
[2m2024-05-07T03:10:54.662887Z[0m [35mTRACE[0m [1mloop[0m[1m{[0m[3mi[0m[2m=[0m1 [3mcurrent[0m[2m=[0mNibbles("000f0a") [3mbuild_extensions[0m[2m=[0mtrue[1m}[0m[2m:[0m [2mtrie::hash_builder[0m[2m:[0m skipping 3 nibbles
[2m2024-05-07T03:10:54.662894Z[0m [35mTRACE[0m [1mloop[0m[1m{[0m[3mi[0m[2m=[0m1 [3mcurrent[0m[2m=[0mNibbles("000f0a") [3mbuild_extensions[0m[2m=[0mtrue[1m}[0m[2m:[0m [2mtrie::hash_builder[0m[2m:[0m [3mshort_node_key[0m[2m=[0mNibbles("")
[2m2024-05-07T03:10:54.662901Z[0m [35mTRACE[0m [1mloop[0m[1m{[0m[3mi[0m[2m=[0m1 [3mcurrent[0m[2m=[0mNibbles("000f0a") [3mbuild_extensions[0m[2m=[0mtrue[1m}[0m[2m:[0m [2mtrie::hash_builder[0m[2m:[0m no common prefix to create branch nodes from, returning
[2m2024-05-07T03:10:54.662910Z[0m [35mTRACE[0m [2mtrie::hash_builder[0m[2m:[0m old key/value [3mkey[0m[2m=[0mNibbles("000f0a0b000000000000000000000000000000000000000000000000000000000000000000000000000000000000000000000000000000000000000000000000") [3mvalue[0m[2m=[0mBytes("01")
[2m2024-05-07T03:10:54.662918Z[0m [35mTRACE[0m [2mtrie::hash_builder[0m[2m:[0m new key/value [3mkey[0m[2m=[0mNibbles("000f0b0a000000000000000000000000000000000000000000000000000000000000000000000000000000000000000000000000000000000000000000000000") [3mvalue[0m[2m=[0mBytes("01")
[2m2024-05-07T03:10:54.662930Z[0m [35mTRACE[0m [2mtrie::hash_builder[0m[2m:[0m updating merkle tree [3mcurrent[0m[2m=[0mNibbles("000f0b0a000000000000000000000000000000000000000000000000000000000000000000000000000000000000000000000000000000000000000000000000") [3msucceeding[0m[2m=[0mNibbles("")
[2m2024-05-07T03:10:54.662946Z[0m [35mTRACE[0m [1mloop[0m[1m{[0m[3mi[0m[2m=[0m0 [3mcurrent[0m[2m=[0mNibbles("000f0b0a000000000000000000000000000000000000000000000000000000000000000000000000000000000000000000000000000000000000000000000000") [3mbuild_extensions[0m[2m=[0mfalse[1m}[0m[2m:[0m [2mtrie::hash_builder[0m[2m:[0m prefix lengths after comparing keys [3mlen[0m[2m=[0m2 [3mcommon_prefix_len[0m[2m=[0m0 [3mpreceding_len[0m[2m=[0m2 [3mpreceding_exists[0m[2m=[0mtrue
[2m2024-05-07T03:10:54.662955Z[0m [35mTRACE[0m [1mloop[0m[1m{[0m[3mi[0m[2m=[0m0 [3mcurrent[0m[2m=[0mNibbles("000f0b0a000000000000000000000000000000000000000000000000000000000000000000000000000000000000000000000000000000000000000000000000") [3mbuild_extensions[0m[2m=[0mfalse[1m}[0m[2m:[0m [2mtrie::hash_builder[0m[2m:[0m [3mextra_digit[0m[2m=[0m11 [3mgroups[0m[2m=[0m[TrieMask(0000000000000000), TrieMask(0000000000000000), TrieMask(0000110000000000)]
[2m2024-05-07T03:10:54.662963Z[0m [35mTRACE[0m [1mloop[0m[1m{[0m[3mi[0m[2m=[0m0 [3mcurrent[0m[2m=[0mNibbles("000f0b0a000000000000000000000000000000000000000000000000000000000000000000000000000000000000000000000000000000000000000000000000") [3mbuild_extensions[0m[2m=[0mfalse[1m}[0m[2m:[0m [2mtrie::hash_builder[0m[2m:[0m resizing tree/hash masks [3mnew_len[0m[2m=[0m64 [3mold_tree_mask_len[0m[2m=[0m3 [3mold_hash_mask_len[0m[2m=[0m3
[2m2024-05-07T03:10:54.662972Z[0m [35mTRACE[0m [1mloop[0m[1m{[0m[3mi[0m[2m=[0m0 [3mcurrent[0m[2m=[0mNibbles("000f0b0a000000000000000000000000000000000000000000000000000000000000000000000000000000000000000000000000000000000000000000000000") [3mbuild_extensions[0m[2m=[0mfalse[1m}[0m[2m:[0m [2mtrie::hash_builder[0m[2m:[0m skipping 3 nibbles
[2m2024-05-07T03:10:54.662979Z[0m [35mTRACE[0m [1mloop[0m[1m{[0m[3mi[0m[2m=[0m0 [3mcurrent[0m[2m=[0mNibbles("000f0b0a000000000000000000000000000000000000000000000000000000000000000000000000000000000000000000000000000000000000000000000000") [3mbuild_extensions[0m[2m=[0mfalse[1m}[0m[2m:[0m [2mtrie::hash_builder[0m[2m:[0m [3mshort_node_key[0m[2m=[0mNibbles("0a000000000000000000000000000000000000000000000000000000000000000000000000000000000000000000000000000000000000000000000000")
[2m2024-05-07T03:10:54.662990Z[0m [35mTRACE[0m [1mloop[0m[1m{[0m[3mi[0m[2m=[0m0 [3mcurrent[0m[2m=[0mNibbles("000f0b0a000000000000000000000000000000000000000000000000000000000000000000000000000000000000000000000000000000000000000000000000") [3mbuild_extensions[0m[2m=[0mfalse[1m}[0m[2m:[0m [2mtrie::hash_builder[0m[2m:[0m pushing leaf node [3mleaf_node[0m[2m=[0mLeafNode { key: "3a000000000000000000000000000000000000000000000000000000000000", value: "01" }
[2m2024-05-07T03:10:54.663017Z[0m [35mTRACE[0m [1mloop[0m[1m{[0m[3mi[0m[2m=[0m0 [3mcurrent[0m[2m=[0mNibbles("000f0b0a000000000000000000000000000000000000000000000000000000000000000000000000000000000000000000000000000000000000000000000000") [3mbuild_extensions[0m[2m=[0mfalse[1m}[0m[2m:[0m [2mtrie::hash_builder[0m[2m:[0m leaf node rlp [3mrlp[0m[2m=[0m"a0cc34652fb72883446ee06955c5dbe319a82a68b857b01a032472ff93bef3be60"
[2m2024-05-07T03:10:54.663060Z[0m [35mTRACE[0m [1mloop[0m[1m{[0m[3mi[0m[2m=[0m0 [3mcurrent[0m[2m=[0mNibbles("000f0b0a000000000000000000000000000000000000000000000000000000000000000000000000000000000000000000000000000000000000000000000000") [3mbuild_extensions[0m[2m=[0mfalse[1m}[0m[2m:[0m [2mtrie::hash_builder[0m[2m:[0m resizing stack to prepare branch node [3mnew_len[0m[2m=[0m0 [3mold_len[0m[2m=[0m2
[2m2024-05-07T03:10:54.663072Z[0m [35mTRACE[0m [1mloop[0m[1m{[0m[3mi[0m[2m=[0m0 [3mcurrent[0m[2m=[0mNibbles("000f0b0a000000000000000000000000000000000000000000000000000000000000000000000000000000000000000000000000000000000000000000000000") [3mbuild_extensions[0m[2m=[0mfalse[1m}[0m[2m:[0m [2mtrie::hash_builder[0m[2m:[0m pushing branch node with TrieMask(0000110000000000) mask from stack
[2m2024-05-07T03:10:54.663080Z[0m [35mTRACE[0m [1mloop[0m[1m{[0m[3mi[0m[2m=[0m0 [3mcurrent[0m[2m=[0mNibbles("000f0b0a000000000000000000000000000000000000000000000000000000000000000000000000000000000000000000000000000000000000000000000000") [3mbuild_extensions[0m[2m=[0mfalse[1m}[0m[2m:[0m [2mtrie::hash_builder[0m[2m:[0m branch node rlp [3mrlp[0m[2m=[0m"a07cc3b6a4ddfc76ae83a44e0b39ee8117a4ce17564ee42241427f75398167a293"
[2m2024-05-07T03:10:54.663088Z[0m [35mTRACE[0m [1mloop[0m[1m{[0m[3mi[0m[2m=[0m0 [3mcurrent[0m[2m=[0mNibbles("000f0b0a000000000000000000000000000000000000000000000000000000000000000000000000000000000000000000000000000000000000000000000000") [3mbuild_extensions[0m[2m=[0mfalse[1m}[0m[2m:[0m [2mtrie::hash_builder[0m[2m:[0m intermediate node [3mnode[0m[2m=[0mBranchNodeCompact { state_mask: TrieMask(0000110000000000), tree_mask: TrieMask(0000010000000000), hash_mask: TrieMask(0000010000000000), hashes: [0x6e3e74ff5fc7ca11f62f34c59e9fd8d8a736a67ba7b96be41042b1285fcd1f81], root_hash: None }
[2m2024-05-07T03:10:54.663097Z[0m [35mTRACE[0m [1mloop[0m[1m{[0m[3mi[0m[2m=[0m0 [3mcurrent[0m[2m=[0mNibbles("000f0b0a000000000000000000000000000000000000000000000000000000000000000000000000000000000000000000000000000000000000000000000000") [3mbuild_extensions[0m[2m=[0mfalse[1m}[0m[2m:[0m [2mtrie::hash_builder[0m[2m:[0m resizing tree/hash masks [3mnew_len[0m[2m=[0m2 [3mold_tree_mask_len[0m[2m=[0m64 [3mold_hash_mask_len[0m[2m=[0m64
[2m2024-05-07T03:10:54.663106Z[0m [35mTRACE[0m [1mloop[0m[1m{[0m[3mi[0m[2m=[0m0 [3mcurrent[0m[2m=[0mNibbles("000f0b0a000000000000000000000000000000000000000000000000000000000000000000000000000000000000000000000000000000000000000000000000") [3mbuild_extensions[0m[2m=[0mfalse[1m}[0m[2m:[0m [2mtrie::hash_builder[0m[2m:[0m truncated nibbles to 2 bytes [3mcurrent[0m[2m=[0mNibbles("000f")
[2m2024-05-07T03:10:54.663113Z[0m [35mTRACE[0m [1mloop[0m[1m{[0m[3mi[0m[2m=[0m0 [3mcurrent[0m[2m=[0mNibbles("000f0b0a000000000000000000000000000000000000000000000000000000000000000000000000000000000000000000000000000000000000000000000000") [3mbuild_extensions[0m[2m=[0mfalse[1m}[0m[2m:[0m [2mtrie::hash_builder[0m[2m:[0m popping empty state masks [3mgroups[0m[2m=[0m[TrieMask(0000000000000000), TrieMask(0000000000000000)]
[2m2024-05-07T03:10:54.663131Z[0m [35mTRACE[0m [1mloop[0m[1m{[0m[3mi[0m[2m=[0m1 [3mcurrent[0m[2m=[0mNibbles("000f") [3mbuild_extensions[0m[2m=[0mtrue[1m}[0m[2m:[0m [2mtrie::hash_builder[0m[2m:[0m prefix lengths after comparing keys [3mlen[0m[2m=[0m0 [3mcommon_prefix_len[0m[2m=[0m0 [3mpreceding_len[0m[2m=[0m0 [3mpreceding_exists[0m[2m=[0mfalse
[2m2024-05-07T03:10:54.663140Z[0m [35mTRACE[0m [1mloop[0m[1m{[0m[3mi[0m[2m=[0m1 [3mcurrent[0m[2m=[0mNibbles("000f") [3mbuild_extensions[0m[2m=[0mtrue[1m}[0m[2m:[0m [2mtrie::hash_builder[0m[2m:[0m scaling state masks to fit [3mnew_len[0m[2m=[0m1 [3mold_len[0m[2m=[0m0
[2m2024-05-07T03:10:54.663148Z[0m [35mTRACE[0m [1mloop[0m[1m{[0m[3mi[0m[2m=[0m1 [3mcurrent[0m[2m=[0mNibbles("000f") [3mbuild_extensions[0m[2m=[0mtrue[1m}[0m[2m:[0m [2mtrie::hash_builder[0m[2m:[0m [3mextra_digit[0m[2m=[0m0 [3mgroups[0m[2m=[0m[TrieMask(0000000000000001)]
[2m2024-05-07T03:10:54.663156Z[0m [35mTRACE[0m [1mloop[0m[1m{[0m[3mi[0m[2m=[0m1 [3mcurrent[0m[2m=[0mNibbles("000f") [3mbuild_extensions[0m[2m=[0mtrue[1m}[0m[2m:[0m [2mtrie::hash_builder[0m[2m:[0m skipping 0 nibbles
[2m2024-05-07T03:10:54.663167Z[0m [35mTRACE[0m [1mloop[0m[1m{[0m[3mi[0m[2m=[0m1 [3mcurrent[0m[2m=[0mNibbles("000f") [3mbuild_extensions[0m[2m=[0mtrue[1m}[0m[2m:[0m [2mtrie::hash_builder[0m[2m:[0m [3mshort_node_key[0m[2m=[0mNibbles("000f")
[2m2024-05-07T03:10:54.663176Z[0m [35mTRACE[0m [1mloop[0m[1m{[0m[3mi[0m[2m=[0m1 [3mcurrent[0m[2m=[0mNibbles("000f") [3mbuild_extensions[0m[2m=[0mtrue[1m}[0m[2m:[0m [2mtrie::hash_builder[0m[2m:[0m pushing extension node [3mextension_node[0m[2m=[0mExtensionNode { prefix: "000f", node: "a07cc3b6a4ddfc76ae83a44e0b39ee8117a4ce17564ee42241427f75398167a293" }
[2m2024-05-07T03:10:54.663205Z[0m [35mTRACE[0m [1mloop[0m[1m{[0m[3mi[0m[2m=[0m1 [3mcurrent[0m[2m=[0mNibbles("000f") [3mbuild_extensions[0m[2m=[0mtrue[1m}[0m[2m:[0m [2mtrie::hash_builder[0m[2m:[0m extension node rlp [3mrlp[0m[2m=[0m"a0262cd61ad4821504938e6554e08db1188394f1767414aa75f907926c04053c30"
[2m2024-05-07T03:10:54.663230Z[0m [35mTRACE[0m [1mloop[0m[1m{[0m[3mi[0m[2m=[0m1 [3mcurrent[0m[2m=[0mNibbles("000f") [3mbuild_extensions[0m[2m=[0mtrue[1m}[0m[2m:[0m [2mtrie::hash_builder[0m[2m:[0m resizing tree/hash masks [3mnew_len[0m[2m=[0m0 [3mold_tree_mask_len[0m[2m=[0m2 [3mold_hash_mask_len[0m[2m=[0m2
[2m2024-05-07T03:10:54.663240Z[0m [35mTRACE[0m [1mloop[0m[1m{[0m[3mi[0m[2m=[0m1 [3mcurrent[0m[2m=[0mNibbles("000f") [3mbuild_extensions[0m[2m=[0mtrue[1m}[0m[2m:[0m [2mtrie::hash_builder[0m[2m:[0m resizing tree/hash masks [3mnew_len[0m[2m=[0m0 [3mold_tree_mask_len[0m[2m=[0m0 [3mold_hash_mask_len[0m[2m=[0m0
[2m2024-05-07T03:10:54.663249Z[0m [35mTRACE[0m [1mloop[0m[1m{[0m[3mi[0m[2m=[0m1 [3mcurrent[0m[2m=[0mNibbles("000f") [3mbuild_extensions[0m[2m=[0mtrue[1m}[0m[2m:[0m [2mtrie::hash_builder[0m[2m:[0m 0 or 1 state masks means we have no more elements to process
Walker Updates: TrieUpdates {
    trie_operations: {},
}
Hash Builder Updates: {
    Nibbles(
        "000f0a",
    ): BranchNodeCompact {
        state_mask: TrieMask(0000110000000000),
        tree_mask: TrieMask(0000000000000000),
        hash_mask: TrieMask(0000010000000000),
        hashes: [
            0xb34f450ed88ff0b44dedcaa3b45173b58d37be7ac83e30b6aa33791ee1b51198,
        ],
        root_hash: None,
    },
    Nibbles(
        "000f",
    ): BranchNodeCompact {
        state_mask: TrieMask(0000110000000000),
        tree_mask: TrieMask(0000010000000000),
        hash_mask: TrieMask(0000010000000000),
        hashes: [
            0x6e3e74ff5fc7ca11f62f34c59e9fd8d8a736a67ba7b96be41042b1285fcd1f81,
        ],
        root_hash: None,
    },
}
[2m2024-05-07T03:10:54.663318Z[0m [35mTRACE[0m [2mtrie::storage_root[0m[2m:[0m calculated storage root [3mroot[0m[2m=[0m0x262cd61ad4821504938e6554e08db1188394f1767414aa75f907926c04053c30 [3mhashed_address[0m[2m=[0m0x5380c7b7ae81a58eb98d9c78de4a1fd7fd9535fc953ed2be602daaa41767312a [3mduration[0m[2m=[0m1.300417ms [3mbranches_added[0m[2m=[0m0 [3mleaves_added[0m[2m=[0m4
Block #1 Storage Root: 0x262cd61ad4821504938e6554e08db1188394f1767414aa75f907926c04053c30
Block #1 Updates: TrieUpdates {
    trie_operations: {
        StorageNode(
            0x5380c7b7ae81a58eb98d9c78de4a1fd7fd9535fc953ed2be602daaa41767312a,
            StoredNibblesSubKey(
                Nibbles(
                    "000f0a",
                ),
            ),
        ): Update(
            BranchNodeCompact {
                state_mask: TrieMask(0000110000000000),
                tree_mask: TrieMask(0000000000000000),
                hash_mask: TrieMask(0000010000000000),
                hashes: [
                    0xb34f450ed88ff0b44dedcaa3b45173b58d37be7ac83e30b6aa33791ee1b51198,
                ],
                root_hash: None,
            },
        ),
        StorageNode(
            0x5380c7b7ae81a58eb98d9c78de4a1fd7fd9535fc953ed2be602daaa41767312a,
            StoredNibblesSubKey(
                Nibbles(
                    "000f",
                ),
            ),
        ): Update(
            BranchNodeCompact {
                state_mask: TrieMask(0000110000000000),
                tree_mask: TrieMask(0000010000000000),
                hash_mask: TrieMask(0000010000000000),
                hashes: [
                    0x6e3e74ff5fc7ca11f62f34c59e9fd8d8a736a67ba7b96be41042b1285fcd1f81,
                ],
                root_hash: None,
            },
        ),
    },
}
[2m2024-05-07T03:10:54.663664Z[0m [35mTRACE[0m [2mtrie::storage_root[0m[2m:[0m calculating storage root [3mhashed_address[0m[2m=[0m0x5380c7b7ae81a58eb98d9c78de4a1fd7fd9535fc953ed2be602daaa41767312a
NodeIter Key: Nibbles(
    "",
)
NodeIter Seek Key: 0x0000000000000000000000000000000000000000000000000000000000000000
NodeIter Hashed Entry: None
Storage Node: Leaf(
    0x0faa000000000000000000000000000000000000000000000000000000000000,
    0x0000000000000000000000000000000000000000000000000000000000000001_U256,
)
[2m2024-05-07T03:10:54.663701Z[0m [35mTRACE[0m [2mtrie::hash_builder[0m[2m:[0m old key/value [3mkey[0m[2m=[0mNibbles("") [3mvalue[0m[2m=[0mBytes("")
[2m2024-05-07T03:10:54.663708Z[0m [35mTRACE[0m [2mtrie::hash_builder[0m[2m:[0m new key/value [3mkey[0m[2m=[0mNibbles("000f0a0a000000000000000000000000000000000000000000000000000000000000000000000000000000000000000000000000000000000000000000000000") [3mvalue[0m[2m=[0mBytes("01")
NodeIter Hashed Entry: None
Storage Node: Leaf(
    0x0faaa00000000000000000000000000000000000000000000000000000000000,
    0x0000000000000000000000000000000000000000000000000000000000000001_U256,
)
[2m2024-05-07T03:10:54.663728Z[0m [35mTRACE[0m [2mtrie::hash_builder[0m[2m:[0m updating merkle tree [3mcurrent[0m[2m=[0mNibbles("000f0a0a000000000000000000000000000000000000000000000000000000000000000000000000000000000000000000000000000000000000000000000000") [3msucceeding[0m[2m=[0mNibbles("000f0a0a0a0000000000000000000000000000000000000000000000000000000000000000000000000000000000000000000000000000000000000000000000")
[2m2024-05-07T03:10:54.663745Z[0m [35mTRACE[0m [1mloop[0m[1m{[0m[3mi[0m[2m=[0m0 [3mcurrent[0m[2m=[0mNibbles("000f0a0a000000000000000000000000000000000000000000000000000000000000000000000000000000000000000000000000000000000000000000000000") [3mbuild_extensions[0m[2m=[0mfalse[1m}[0m[2m:[0m [2mtrie::hash_builder[0m[2m:[0m prefix lengths after comparing keys [3mlen[0m[2m=[0m4 [3mcommon_prefix_len[0m[2m=[0m4 [3mpreceding_len[0m[2m=[0m0 [3mpreceding_exists[0m[2m=[0mfalse
[2m2024-05-07T03:10:54.663755Z[0m [35mTRACE[0m [1mloop[0m[1m{[0m[3mi[0m[2m=[0m0 [3mcurrent[0m[2m=[0mNibbles("000f0a0a000000000000000000000000000000000000000000000000000000000000000000000000000000000000000000000000000000000000000000000000") [3mbuild_extensions[0m[2m=[0mfalse[1m}[0m[2m:[0m [2mtrie::hash_builder[0m[2m:[0m scaling state masks to fit [3mnew_len[0m[2m=[0m5 [3mold_len[0m[2m=[0m0
[2m2024-05-07T03:10:54.663763Z[0m [35mTRACE[0m [1mloop[0m[1m{[0m[3mi[0m[2m=[0m0 [3mcurrent[0m[2m=[0mNibbles("000f0a0a000000000000000000000000000000000000000000000000000000000000000000000000000000000000000000000000000000000000000000000000") [3mbuild_extensions[0m[2m=[0mfalse[1m}[0m[2m:[0m [2mtrie::hash_builder[0m[2m:[0m [3mextra_digit[0m[2m=[0m0 [3mgroups[0m[2m=[0m[TrieMask(0000000000000000), TrieMask(0000000000000000), TrieMask(0000000000000000), TrieMask(0000000000000000), TrieMask(0000000000000001)]
[2m2024-05-07T03:10:54.663772Z[0m [35mTRACE[0m [1mloop[0m[1m{[0m[3mi[0m[2m=[0m0 [3mcurrent[0m[2m=[0mNibbles("000f0a0a000000000000000000000000000000000000000000000000000000000000000000000000000000000000000000000000000000000000000000000000") [3mbuild_extensions[0m[2m=[0mfalse[1m}[0m[2m:[0m [2mtrie::hash_builder[0m[2m:[0m resizing tree/hash masks [3mnew_len[0m[2m=[0m64 [3mold_tree_mask_len[0m[2m=[0m0 [3mold_hash_mask_len[0m[2m=[0m0
[2m2024-05-07T03:10:54.663785Z[0m [35mTRACE[0m [1mloop[0m[1m{[0m[3mi[0m[2m=[0m0 [3mcurrent[0m[2m=[0mNibbles("000f0a0a000000000000000000000000000000000000000000000000000000000000000000000000000000000000000000000000000000000000000000000000") [3mbuild_extensions[0m[2m=[0mfalse[1m}[0m[2m:[0m [2mtrie::hash_builder[0m[2m:[0m skipping 5 nibbles
[2m2024-05-07T03:10:54.663792Z[0m [35mTRACE[0m [1mloop[0m[1m{[0m[3mi[0m[2m=[0m0 [3mcurrent[0m[2m=[0mNibbles("000f0a0a000000000000000000000000000000000000000000000000000000000000000000000000000000000000000000000000000000000000000000000000") [3mbuild_extensions[0m[2m=[0mfalse[1m}[0m[2m:[0m [2mtrie::hash_builder[0m[2m:[0m [3mshort_node_key[0m[2m=[0mNibbles("0000000000000000000000000000000000000000000000000000000000000000000000000000000000000000000000000000000000000000000000")
[2m2024-05-07T03:10:54.663803Z[0m [35mTRACE[0m [1mloop[0m[1m{[0m[3mi[0m[2m=[0m0 [3mcurrent[0m[2m=[0mNibbles("000f0a0a000000000000000000000000000000000000000000000000000000000000000000000000000000000000000000000000000000000000000000000000") [3mbuild_extensions[0m[2m=[0mfalse[1m}[0m[2m:[0m [2mtrie::hash_builder[0m[2m:[0m pushing leaf node [3mleaf_node[0m[2m=[0mLeafNode { key: "300000000000000000000000000000000000000000000000000000000000", value: "01" }
[2m2024-05-07T03:10:54.663830Z[0m [35mTRACE[0m [1mloop[0m[1m{[0m[3mi[0m[2m=[0m0 [3mcurrent[0m[2m=[0mNibbles("000f0a0a000000000000000000000000000000000000000000000000000000000000000000000000000000000000000000000000000000000000000000000000") [3mbuild_extensions[0m[2m=[0mfalse[1m}[0m[2m:[0m [2mtrie::hash_builder[0m[2m:[0m leaf node rlp [3mrlp[0m[2m=[0m"a0ee9f09021cbd429f2069700656987ccf03aff5f649ba9fc0ced0e09b78d6c94d"
[2m2024-05-07T03:10:54.663856Z[0m [35mTRACE[0m [1mloop[0m[1m{[0m[3mi[0m[2m=[0m0 [3mcurrent[0m[2m=[0mNibbles("000f0a0a000000000000000000000000000000000000000000000000000000000000000000000000000000000000000000000000000000000000000000000000") [3mbuild_extensions[0m[2m=[0mfalse[1m}[0m[2m:[0m [2mtrie::hash_builder[0m[2m:[0m no common prefix to create branch nodes from, returning
[2m2024-05-07T03:10:54.663866Z[0m [35mTRACE[0m [2mtrie::hash_builder[0m[2m:[0m old key/value [3mkey[0m[2m=[0mNibbles("000f0a0a000000000000000000000000000000000000000000000000000000000000000000000000000000000000000000000000000000000000000000000000") [3mvalue[0m[2m=[0mBytes("01")
[2m2024-05-07T03:10:54.663874Z[0m [35mTRACE[0m [2mtrie::hash_builder[0m[2m:[0m new key/value [3mkey[0m[2m=[0mNibbles("000f0a0a0a0000000000000000000000000000000000000000000000000000000000000000000000000000000000000000000000000000000000000000000000") [3mvalue[0m[2m=[0mBytes("01")
NodeIter Hashed Entry: None
Storage Node: Leaf(
    0x0fba000000000000000000000000000000000000000000000000000000000000,
    0x0000000000000000000000000000000000000000000000000000000000000001_U256,
)
[2m2024-05-07T03:10:54.663893Z[0m [35mTRACE[0m [2mtrie::hash_builder[0m[2m:[0m updating merkle tree [3mcurrent[0m[2m=[0mNibbles("000f0a0a0a0000000000000000000000000000000000000000000000000000000000000000000000000000000000000000000000000000000000000000000000") [3msucceeding[0m[2m=[0mNibbles("000f0b0a000000000000000000000000000000000000000000000000000000000000000000000000000000000000000000000000000000000000000000000000")
[2m2024-05-07T03:10:54.663910Z[0m [35mTRACE[0m [1mloop[0m[1m{[0m[3mi[0m[2m=[0m0 [3mcurrent[0m[2m=[0mNibbles("000f0a0a0a0000000000000000000000000000000000000000000000000000000000000000000000000000000000000000000000000000000000000000000000") [3mbuild_extensions[0m[2m=[0mfalse[1m}[0m[2m:[0m [2mtrie::hash_builder[0m[2m:[0m prefix lengths after comparing keys [3mlen[0m[2m=[0m4 [3mcommon_prefix_len[0m[2m=[0m2 [3mpreceding_len[0m[2m=[0m4 [3mpreceding_exists[0m[2m=[0mtrue
[2m2024-05-07T03:10:54.663923Z[0m [35mTRACE[0m [1mloop[0m[1m{[0m[3mi[0m[2m=[0m0 [3mcurrent[0m[2m=[0mNibbles("000f0a0a0a0000000000000000000000000000000000000000000000000000000000000000000000000000000000000000000000000000000000000000000000") [3mbuild_extensions[0m[2m=[0mfalse[1m}[0m[2m:[0m [2mtrie::hash_builder[0m[2m:[0m [3mextra_digit[0m[2m=[0m10 [3mgroups[0m[2m=[0m[TrieMask(0000000000000000), TrieMask(0000000000000000), TrieMask(0000000000000000), TrieMask(0000000000000000), TrieMask(0000010000000001)]
[2m2024-05-07T03:10:54.663932Z[0m [35mTRACE[0m [1mloop[0m[1m{[0m[3mi[0m[2m=[0m0 [3mcurrent[0m[2m=[0mNibbles("000f0a0a0a0000000000000000000000000000000000000000000000000000000000000000000000000000000000000000000000000000000000000000000000") [3mbuild_extensions[0m[2m=[0mfalse[1m}[0m[2m:[0m [2mtrie::hash_builder[0m[2m:[0m skipping 5 nibbles
[2m2024-05-07T03:10:54.663938Z[0m [35mTRACE[0m [1mloop[0m[1m{[0m[3mi[0m[2m=[0m0 [3mcurrent[0m[2m=[0mNibbles("000f0a0a0a0000000000000000000000000000000000000000000000000000000000000000000000000000000000000000000000000000000000000000000000") [3mbuild_extensions[0m[2m=[0mfalse[1m}[0m[2m:[0m [2mtrie::hash_builder[0m[2m:[0m [3mshort_node_key[0m[2m=[0mNibbles("0000000000000000000000000000000000000000000000000000000000000000000000000000000000000000000000000000000000000000000000")
[2m2024-05-07T03:10:54.663949Z[0m [35mTRACE[0m [1mloop[0m[1m{[0m[3mi[0m[2m=[0m0 [3mcurrent[0m[2m=[0mNibbles("000f0a0a0a0000000000000000000000000000000000000000000000000000000000000000000000000000000000000000000000000000000000000000000000") [3mbuild_extensions[0m[2m=[0mfalse[1m}[0m[2m:[0m [2mtrie::hash_builder[0m[2m:[0m pushing leaf node [3mleaf_node[0m[2m=[0mLeafNode { key: "300000000000000000000000000000000000000000000000000000000000", value: "01" }
[2m2024-05-07T03:10:54.663976Z[0m [35mTRACE[0m [1mloop[0m[1m{[0m[3mi[0m[2m=[0m0 [3mcurrent[0m[2m=[0mNibbles("000f0a0a0a0000000000000000000000000000000000000000000000000000000000000000000000000000000000000000000000000000000000000000000000") [3mbuild_extensions[0m[2m=[0mfalse[1m}[0m[2m:[0m [2mtrie::hash_builder[0m[2m:[0m leaf node rlp [3mrlp[0m[2m=[0m"a0ee9f09021cbd429f2069700656987ccf03aff5f649ba9fc0ced0e09b78d6c94d"
[2m2024-05-07T03:10:54.664019Z[0m [35mTRACE[0m [1mloop[0m[1m{[0m[3mi[0m[2m=[0m0 [3mcurrent[0m[2m=[0mNibbles("000f0a0a0a0000000000000000000000000000000000000000000000000000000000000000000000000000000000000000000000000000000000000000000000") [3mbuild_extensions[0m[2m=[0mfalse[1m}[0m[2m:[0m [2mtrie::hash_builder[0m[2m:[0m resizing stack to prepare branch node [3mnew_len[0m[2m=[0m0 [3mold_len[0m[2m=[0m2
[2m2024-05-07T03:10:54.664028Z[0m [35mTRACE[0m [1mloop[0m[1m{[0m[3mi[0m[2m=[0m0 [3mcurrent[0m[2m=[0mNibbles("000f0a0a0a0000000000000000000000000000000000000000000000000000000000000000000000000000000000000000000000000000000000000000000000") [3mbuild_extensions[0m[2m=[0mfalse[1m}[0m[2m:[0m [2mtrie::hash_builder[0m[2m:[0m pushing branch node with TrieMask(0000010000000001) mask from stack
[2m2024-05-07T03:10:54.664035Z[0m [35mTRACE[0m [1mloop[0m[1m{[0m[3mi[0m[2m=[0m0 [3mcurrent[0m[2m=[0mNibbles("000f0a0a0a0000000000000000000000000000000000000000000000000000000000000000000000000000000000000000000000000000000000000000000000") [3mbuild_extensions[0m[2m=[0mfalse[1m}[0m[2m:[0m [2mtrie::hash_builder[0m[2m:[0m branch node rlp [3mrlp[0m[2m=[0m"a0b34f450ed88ff0b44dedcaa3b45173b58d37be7ac83e30b6aa33791ee1b51198"
[2m2024-05-07T03:10:54.664044Z[0m [35mTRACE[0m [1mloop[0m[1m{[0m[3mi[0m[2m=[0m0 [3mcurrent[0m[2m=[0mNibbles("000f0a0a0a0000000000000000000000000000000000000000000000000000000000000000000000000000000000000000000000000000000000000000000000") [3mbuild_extensions[0m[2m=[0mfalse[1m}[0m[2m:[0m [2mtrie::hash_builder[0m[2m:[0m resizing tree/hash masks [3mnew_len[0m[2m=[0m4 [3mold_tree_mask_len[0m[2m=[0m64 [3mold_hash_mask_len[0m[2m=[0m64
[2m2024-05-07T03:10:54.664056Z[0m [35mTRACE[0m [1mloop[0m[1m{[0m[3mi[0m[2m=[0m0 [3mcurrent[0m[2m=[0mNibbles("000f0a0a0a0000000000000000000000000000000000000000000000000000000000000000000000000000000000000000000000000000000000000000000000") [3mbuild_extensions[0m[2m=[0mfalse[1m}[0m[2m:[0m [2mtrie::hash_builder[0m[2m:[0m truncated nibbles to 4 bytes [3mcurrent[0m[2m=[0mNibbles("000f0a0a")
[2m2024-05-07T03:10:54.664064Z[0m [35mTRACE[0m [1mloop[0m[1m{[0m[3mi[0m[2m=[0m0 [3mcurrent[0m[2m=[0mNibbles("000f0a0a0a0000000000000000000000000000000000000000000000000000000000000000000000000000000000000000000000000000000000000000000000") [3mbuild_extensions[0m[2m=[0mfalse[1m}[0m[2m:[0m [2mtrie::hash_builder[0m[2m:[0m popping empty state masks [3mgroups[0m[2m=[0m[TrieMask(0000000000000000), TrieMask(0000000000000000), TrieMask(0000000000000000), TrieMask(0000000000000000)]
[2m2024-05-07T03:10:54.664081Z[0m [35mTRACE[0m [1mloop[0m[1m{[0m[3mi[0m[2m=[0m1 [3mcurrent[0m[2m=[0mNibbles("000f0a0a") [3mbuild_extensions[0m[2m=[0mtrue[1m}[0m[2m:[0m [2mtrie::hash_builder[0m[2m:[0m prefix lengths after comparing keys [3mlen[0m[2m=[0m2 [3mcommon_prefix_len[0m[2m=[0m2 [3mpreceding_len[0m[2m=[0m0 [3mpreceding_exists[0m[2m=[0mfalse
[2m2024-05-07T03:10:54.664091Z[0m [35mTRACE[0m [1mloop[0m[1m{[0m[3mi[0m[2m=[0m1 [3mcurrent[0m[2m=[0mNibbles("000f0a0a") [3mbuild_extensions[0m[2m=[0mtrue[1m}[0m[2m:[0m [2mtrie::hash_builder[0m[2m:[0m scaling state masks to fit [3mnew_len[0m[2m=[0m3 [3mold_len[0m[2m=[0m0
[2m2024-05-07T03:10:54.664098Z[0m [35mTRACE[0m [1mloop[0m[1m{[0m[3mi[0m[2m=[0m1 [3mcurrent[0m[2m=[0mNibbles("000f0a0a") [3mbuild_extensions[0m[2m=[0mtrue[1m}[0m[2m:[0m [2mtrie::hash_builder[0m[2m:[0m [3mextra_digit[0m[2m=[0m10 [3mgroups[0m[2m=[0m[TrieMask(0000000000000000), TrieMask(0000000000000000), TrieMask(0000010000000000)]
[2m2024-05-07T03:10:54.664106Z[0m [35mTRACE[0m [1mloop[0m[1m{[0m[3mi[0m[2m=[0m1 [3mcurrent[0m[2m=[0mNibbles("000f0a0a") [3mbuild_extensions[0m[2m=[0mtrue[1m}[0m[2m:[0m [2mtrie::hash_builder[0m[2m:[0m skipping 3 nibbles
[2m2024-05-07T03:10:54.664113Z[0m [35mTRACE[0m [1mloop[0m[1m{[0m[3mi[0m[2m=[0m1 [3mcurrent[0m[2m=[0mNibbles("000f0a0a") [3mbuild_extensions[0m[2m=[0mtrue[1m}[0m[2m:[0m [2mtrie::hash_builder[0m[2m:[0m [3mshort_node_key[0m[2m=[0mNibbles("0a")
[2m2024-05-07T03:10:54.664121Z[0m [35mTRACE[0m [1mloop[0m[1m{[0m[3mi[0m[2m=[0m1 [3mcurrent[0m[2m=[0mNibbles("000f0a0a") [3mbuild_extensions[0m[2m=[0mtrue[1m}[0m[2m:[0m [2mtrie::hash_builder[0m[2m:[0m pushing extension node [3mextension_node[0m[2m=[0mExtensionNode { prefix: "1a", node: "a0b34f450ed88ff0b44dedcaa3b45173b58d37be7ac83e30b6aa33791ee1b51198" }
[2m2024-05-07T03:10:54.664147Z[0m [35mTRACE[0m [1mloop[0m[1m{[0m[3mi[0m[2m=[0m1 [3mcurrent[0m[2m=[0mNibbles("000f0a0a") [3mbuild_extensions[0m[2m=[0mtrue[1m}[0m[2m:[0m [2mtrie::hash_builder[0m[2m:[0m extension node rlp [3mrlp[0m[2m=[0m"a09cd4a6b74435d12eeac94710897f274d05d9db983b7c3533157c3bc59919cb06"
[2m2024-05-07T03:10:54.664173Z[0m [35mTRACE[0m [1mloop[0m[1m{[0m[3mi[0m[2m=[0m1 [3mcurrent[0m[2m=[0mNibbles("000f0a0a") [3mbuild_extensions[0m[2m=[0mtrue[1m}[0m[2m:[0m [2mtrie::hash_builder[0m[2m:[0m resizing tree/hash masks [3mnew_len[0m[2m=[0m3 [3mold_tree_mask_len[0m[2m=[0m4 [3mold_hash_mask_len[0m[2m=[0m4
[2m2024-05-07T03:10:54.664183Z[0m [35mTRACE[0m [1mloop[0m[1m{[0m[3mi[0m[2m=[0m1 [3mcurrent[0m[2m=[0mNibbles("000f0a0a") [3mbuild_extensions[0m[2m=[0mtrue[1m}[0m[2m:[0m [2mtrie::hash_builder[0m[2m:[0m no common prefix to create branch nodes from, returning
[2m2024-05-07T03:10:54.664192Z[0m [35mTRACE[0m [2mtrie::hash_builder[0m[2m:[0m old key/value [3mkey[0m[2m=[0mNibbles("000f0a0a0a0000000000000000000000000000000000000000000000000000000000000000000000000000000000000000000000000000000000000000000000") [3mvalue[0m[2m=[0mBytes("01")
[2m2024-05-07T03:10:54.664203Z[0m [35mTRACE[0m [2mtrie::hash_builder[0m[2m:[0m new key/value [3mkey[0m[2m=[0mNibbles("000f0b0a000000000000000000000000000000000000000000000000000000000000000000000000000000000000000000000000000000000000000000000000") [3mvalue[0m[2m=[0mBytes("01")
[2m2024-05-07T03:10:54.664211Z[0m [35mTRACE[0m [2mtrie::hash_builder[0m[2m:[0m updating merkle tree [3mcurrent[0m[2m=[0mNibbles("000f0b0a000000000000000000000000000000000000000000000000000000000000000000000000000000000000000000000000000000000000000000000000") [3msucceeding[0m[2m=[0mNibbles("")
[2m2024-05-07T03:10:54.664227Z[0m [35mTRACE[0m [1mloop[0m[1m{[0m[3mi[0m[2m=[0m0 [3mcurrent[0m[2m=[0mNibbles("000f0b0a000000000000000000000000000000000000000000000000000000000000000000000000000000000000000000000000000000000000000000000000") [3mbuild_extensions[0m[2m=[0mfalse[1m}[0m[2m:[0m [2mtrie::hash_builder[0m[2m:[0m prefix lengths after comparing keys [3mlen[0m[2m=[0m2 [3mcommon_prefix_len[0m[2m=[0m0 [3mpreceding_len[0m[2m=[0m2 [3mpreceding_exists[0m[2m=[0mtrue
[2m2024-05-07T03:10:54.664236Z[0m [35mTRACE[0m [1mloop[0m[1m{[0m[3mi[0m[2m=[0m0 [3mcurrent[0m[2m=[0mNibbles("000f0b0a000000000000000000000000000000000000000000000000000000000000000000000000000000000000000000000000000000000000000000000000") [3mbuild_extensions[0m[2m=[0mfalse[1m}[0m[2m:[0m [2mtrie::hash_builder[0m[2m:[0m [3mextra_digit[0m[2m=[0m11 [3mgroups[0m[2m=[0m[TrieMask(0000000000000000), TrieMask(0000000000000000), TrieMask(0000110000000000)]
[2m2024-05-07T03:10:54.664244Z[0m [35mTRACE[0m [1mloop[0m[1m{[0m[3mi[0m[2m=[0m0 [3mcurrent[0m[2m=[0mNibbles("000f0b0a000000000000000000000000000000000000000000000000000000000000000000000000000000000000000000000000000000000000000000000000") [3mbuild_extensions[0m[2m=[0mfalse[1m}[0m[2m:[0m [2mtrie::hash_builder[0m[2m:[0m resizing tree/hash masks [3mnew_len[0m[2m=[0m64 [3mold_tree_mask_len[0m[2m=[0m3 [3mold_hash_mask_len[0m[2m=[0m3
[2m2024-05-07T03:10:54.664253Z[0m [35mTRACE[0m [1mloop[0m[1m{[0m[3mi[0m[2m=[0m0 [3mcurrent[0m[2m=[0mNibbles("000f0b0a000000000000000000000000000000000000000000000000000000000000000000000000000000000000000000000000000000000000000000000000") [3mbuild_extensions[0m[2m=[0mfalse[1m}[0m[2m:[0m [2mtrie::hash_builder[0m[2m:[0m skipping 3 nibbles
[2m2024-05-07T03:10:54.664259Z[0m [35mTRACE[0m [1mloop[0m[1m{[0m[3mi[0m[2m=[0m0 [3mcurrent[0m[2m=[0mNibbles("000f0b0a000000000000000000000000000000000000000000000000000000000000000000000000000000000000000000000000000000000000000000000000") [3mbuild_extensions[0m[2m=[0mfalse[1m}[0m[2m:[0m [2mtrie::hash_builder[0m[2m:[0m [3mshort_node_key[0m[2m=[0mNibbles("0a000000000000000000000000000000000000000000000000000000000000000000000000000000000000000000000000000000000000000000000000")
[2m2024-05-07T03:10:54.664271Z[0m [35mTRACE[0m [1mloop[0m[1m{[0m[3mi[0m[2m=[0m0 [3mcurrent[0m[2m=[0mNibbles("000f0b0a000000000000000000000000000000000000000000000000000000000000000000000000000000000000000000000000000000000000000000000000") [3mbuild_extensions[0m[2m=[0mfalse[1m}[0m[2m:[0m [2mtrie::hash_builder[0m[2m:[0m pushing leaf node [3mleaf_node[0m[2m=[0mLeafNode { key: "3a000000000000000000000000000000000000000000000000000000000000", value: "01" }
[2m2024-05-07T03:10:54.664297Z[0m [35mTRACE[0m [1mloop[0m[1m{[0m[3mi[0m[2m=[0m0 [3mcurrent[0m[2m=[0mNibbles("000f0b0a000000000000000000000000000000000000000000000000000000000000000000000000000000000000000000000000000000000000000000000000") [3mbuild_extensions[0m[2m=[0mfalse[1m}[0m[2m:[0m [2mtrie::hash_builder[0m[2m:[0m leaf node rlp [3mrlp[0m[2m=[0m"a0cc34652fb72883446ee06955c5dbe319a82a68b857b01a032472ff93bef3be60"
[2m2024-05-07T03:10:54.664339Z[0m [35mTRACE[0m [1mloop[0m[1m{[0m[3mi[0m[2m=[0m0 [3mcurrent[0m[2m=[0mNibbles("000f0b0a000000000000000000000000000000000000000000000000000000000000000000000000000000000000000000000000000000000000000000000000") [3mbuild_extensions[0m[2m=[0mfalse[1m}[0m[2m:[0m [2mtrie::hash_builder[0m[2m:[0m resizing stack to prepare branch node [3mnew_len[0m[2m=[0m0 [3mold_len[0m[2m=[0m2
[2m2024-05-07T03:10:54.664351Z[0m [35mTRACE[0m [1mloop[0m[1m{[0m[3mi[0m[2m=[0m0 [3mcurrent[0m[2m=[0mNibbles("000f0b0a000000000000000000000000000000000000000000000000000000000000000000000000000000000000000000000000000000000000000000000000") [3mbuild_extensions[0m[2m=[0mfalse[1m}[0m[2m:[0m [2mtrie::hash_builder[0m[2m:[0m pushing branch node with TrieMask(0000110000000000) mask from stack
[2m2024-05-07T03:10:54.664358Z[0m [35mTRACE[0m [1mloop[0m[1m{[0m[3mi[0m[2m=[0m0 [3mcurrent[0m[2m=[0mNibbles("000f0b0a000000000000000000000000000000000000000000000000000000000000000000000000000000000000000000000000000000000000000000000000") [3mbuild_extensions[0m[2m=[0mfalse[1m}[0m[2m:[0m [2mtrie::hash_builder[0m[2m:[0m branch node rlp [3mrlp[0m[2m=[0m"a0964c48f20c07766edac226f6d31b91bc6a795b46a525c99c64fd6d0d5f68834b"
[2m2024-05-07T03:10:54.664367Z[0m [35mTRACE[0m [1mloop[0m[1m{[0m[3mi[0m[2m=[0m0 [3mcurrent[0m[2m=[0mNibbles("000f0b0a000000000000000000000000000000000000000000000000000000000000000000000000000000000000000000000000000000000000000000000000") [3mbuild_extensions[0m[2m=[0mfalse[1m}[0m[2m:[0m [2mtrie::hash_builder[0m[2m:[0m resizing tree/hash masks [3mnew_len[0m[2m=[0m2 [3mold_tree_mask_len[0m[2m=[0m64 [3mold_hash_mask_len[0m[2m=[0m64
[2m2024-05-07T03:10:54.664375Z[0m [35mTRACE[0m [1mloop[0m[1m{[0m[3mi[0m[2m=[0m0 [3mcurrent[0m[2m=[0mNibbles("000f0b0a000000000000000000000000000000000000000000000000000000000000000000000000000000000000000000000000000000000000000000000000") [3mbuild_extensions[0m[2m=[0mfalse[1m}[0m[2m:[0m [2mtrie::hash_builder[0m[2m:[0m truncated nibbles to 2 bytes [3mcurrent[0m[2m=[0mNibbles("000f")
[2m2024-05-07T03:10:54.664383Z[0m [35mTRACE[0m [1mloop[0m[1m{[0m[3mi[0m[2m=[0m0 [3mcurrent[0m[2m=[0mNibbles("000f0b0a000000000000000000000000000000000000000000000000000000000000000000000000000000000000000000000000000000000000000000000000") [3mbuild_extensions[0m[2m=[0mfalse[1m}[0m[2m:[0m [2mtrie::hash_builder[0m[2m:[0m popping empty state masks [3mgroups[0m[2m=[0m[TrieMask(0000000000000000), TrieMask(0000000000000000)]
[2m2024-05-07T03:10:54.664399Z[0m [35mTRACE[0m [1mloop[0m[1m{[0m[3mi[0m[2m=[0m1 [3mcurrent[0m[2m=[0mNibbles("000f") [3mbuild_extensions[0m[2m=[0mtrue[1m}[0m[2m:[0m [2mtrie::hash_builder[0m[2m:[0m prefix lengths after comparing keys [3mlen[0m[2m=[0m0 [3mcommon_prefix_len[0m[2m=[0m0 [3mpreceding_len[0m[2m=[0m0 [3mpreceding_exists[0m[2m=[0mfalse
[2m2024-05-07T03:10:54.664409Z[0m [35mTRACE[0m [1mloop[0m[1m{[0m[3mi[0m[2m=[0m1 [3mcurrent[0m[2m=[0mNibbles("000f") [3mbuild_extensions[0m[2m=[0mtrue[1m}[0m[2m:[0m [2mtrie::hash_builder[0m[2m:[0m scaling state masks to fit [3mnew_len[0m[2m=[0m1 [3mold_len[0m[2m=[0m0
[2m2024-05-07T03:10:54.664416Z[0m [35mTRACE[0m [1mloop[0m[1m{[0m[3mi[0m[2m=[0m1 [3mcurrent[0m[2m=[0mNibbles("000f") [3mbuild_extensions[0m[2m=[0mtrue[1m}[0m[2m:[0m [2mtrie::hash_builder[0m[2m:[0m [3mextra_digit[0m[2m=[0m0 [3mgroups[0m[2m=[0m[TrieMask(0000000000000001)]
[2m2024-05-07T03:10:54.664424Z[0m [35mTRACE[0m [1mloop[0m[1m{[0m[3mi[0m[2m=[0m1 [3mcurrent[0m[2m=[0mNibbles("000f") [3mbuild_extensions[0m[2m=[0mtrue[1m}[0m[2m:[0m [2mtrie::hash_builder[0m[2m:[0m skipping 0 nibbles
[2m2024-05-07T03:10:54.664430Z[0m [35mTRACE[0m [1mloop[0m[1m{[0m[3mi[0m[2m=[0m1 [3mcurrent[0m[2m=[0mNibbles("000f") [3mbuild_extensions[0m[2m=[0mtrue[1m}[0m[2m:[0m [2mtrie::hash_builder[0m[2m:[0m [3mshort_node_key[0m[2m=[0mNibbles("000f")
[2m2024-05-07T03:10:54.664441Z[0m [35mTRACE[0m [1mloop[0m[1m{[0m[3mi[0m[2m=[0m1 [3mcurrent[0m[2m=[0mNibbles("000f") [3mbuild_extensions[0m[2m=[0mtrue[1m}[0m[2m:[0m [2mtrie::hash_builder[0m[2m:[0m pushing extension node [3mextension_node[0m[2m=[0mExtensionNode { prefix: "000f", node: "a0964c48f20c07766edac226f6d31b91bc6a795b46a525c99c64fd6d0d5f68834b" }
[2m2024-05-07T03:10:54.664468Z[0m [35mTRACE[0m [1mloop[0m[1m{[0m[3mi[0m[2m=[0m1 [3mcurrent[0m[2m=[0mNibbles("000f") [3mbuild_extensions[0m[2m=[0mtrue[1m}[0m[2m:[0m [2mtrie::hash_builder[0m[2m:[0m extension node rlp [3mrlp[0m[2m=[0m"a0301ce07aeae98a9a438bf74031e181d2fee7406aacf52e82e8d0940731752519"
[2m2024-05-07T03:10:54.664493Z[0m [35mTRACE[0m [1mloop[0m[1m{[0m[3mi[0m[2m=[0m1 [3mcurrent[0m[2m=[0mNibbles("000f") [3mbuild_extensions[0m[2m=[0mtrue[1m}[0m[2m:[0m [2mtrie::hash_builder[0m[2m:[0m resizing tree/hash masks [3mnew_len[0m[2m=[0m0 [3mold_tree_mask_len[0m[2m=[0m2 [3mold_hash_mask_len[0m[2m=[0m2
[2m2024-05-07T03:10:54.664503Z[0m [35mTRACE[0m [1mloop[0m[1m{[0m[3mi[0m[2m=[0m1 [3mcurrent[0m[2m=[0mNibbles("000f") [3mbuild_extensions[0m[2m=[0mtrue[1m}[0m[2m:[0m [2mtrie::hash_builder[0m[2m:[0m resizing tree/hash masks [3mnew_len[0m[2m=[0m0 [3mold_tree_mask_len[0m[2m=[0m0 [3mold_hash_mask_len[0m[2m=[0m0
[2m2024-05-07T03:10:54.664511Z[0m [35mTRACE[0m [1mloop[0m[1m{[0m[3mi[0m[2m=[0m1 [3mcurrent[0m[2m=[0mNibbles("000f") [3mbuild_extensions[0m[2m=[0mtrue[1m}[0m[2m:[0m [2mtrie::hash_builder[0m[2m:[0m 0 or 1 state masks means we have no more elements to process
Walker Updates: TrieUpdates {
    trie_operations: {},
}
Hash Builder Updates: {}
[2m2024-05-07T03:10:54.664531Z[0m [35mTRACE[0m [2mtrie::storage_root[0m[2m:[0m calculated storage root [3mroot[0m[2m=[0m0x301ce07aeae98a9a438bf74031e181d2fee7406aacf52e82e8d0940731752519 [3mhashed_address[0m[2m=[0m0x5380c7b7ae81a58eb98d9c78de4a1fd7fd9535fc953ed2be602daaa41767312a [3mduration[0m[2m=[0m855.917µs [3mbranches_added[0m[2m=[0m0 [3mleaves_added[0m[2m=[0m3
Block #2 Storage Root: 0x301ce07aeae98a9a438bf74031e181d2fee7406aacf52e82e8d0940731752519
Flush Key: StorageNode(0x5380c7b7ae81a58eb98d9c78de4a1fd7fd9535fc953ed2be602daaa41767312a, StoredNibblesSubKey(Nibbles("000f"))), Operation: Update(BranchNodeCompact { state_mask: TrieMask(0000110000000000), tree_mask: TrieMask(0000010000000000), hash_mask: TrieMask(0000010000000000), hashes: [0x6e3e74ff5fc7ca11f62f34c59e9fd8d8a736a67ba7b96be41042b1285fcd1f81], root_hash: None })
Flush Key: StorageNode(0x5380c7b7ae81a58eb98d9c78de4a1fd7fd9535fc953ed2be602daaa41767312a, StoredNibblesSubKey(Nibbles("000f0a"))), Operation: Update(BranchNodeCompact { state_mask: TrieMask(0000110000000000), tree_mask: TrieMask(0000000000000000), hash_mask: TrieMask(0000010000000000), hashes: [0xb34f450ed88ff0b44dedcaa3b45173b58d37be7ac83e30b6aa33791ee1b51198], root_hash: None })
[2m2024-05-07T03:10:54.664887Z[0m [34mDEBUG[0m [2mstorage::db::mdbx[0m[2m:[0m Commit [3mtotal_duration[0m[2m=[0m120.542µs [3mcommit_latency[0m[2m=[0mSome(CommitLatency(MDBX_commit_latency { preparation: 0, gc_wallclock: 0, audit: 0, write: 0, sync: 6, ending: 0, whole: 7, gc_cputime: 36, gc_prof: MDBX_commit_latency__bindgen_ty_1 { wloops: 1, coalescences: 0, wipes: 0, flushes: 0, kicks: 0, work_counter: 3, work_rtime_monotonic: 1, work_xtime_cpu: 38, work_rsteps: 0, work_xpages: 0, work_majflt: 0, self_counter: 3, self_rtime_monotonic: 0, self_xtime_cpu: 20, self_rsteps: 0, self_xpages: 0, self_majflt: 0 } })) [3mis_read_only[0m[2m=[0mfalse
[2m2024-05-07T03:10:54.664926Z[0m [35mTRACE[0m [2mtrie::storage_root[0m[2m:[0m calculating storage root [3mhashed_address[0m[2m=[0m0x5380c7b7ae81a58eb98d9c78de4a1fd7fd9535fc953ed2be602daaa41767312a
NodeIter Key: Nibbles(
    "",
)
NodeIter Seek Key: 0x0000000000000000000000000000000000000000000000000000000000000000
NodeIter Key: Nibbles(
    "000f0a",
)
NodeIter Hashed Entry: None
NodeIter Key: Nibbles(
    "000f0a",
)
Storage Node: Branch(
    TrieBranchNode {
        key: Nibbles(
            "000f0a",
        ),
        value: 0x6e3e74ff5fc7ca11f62f34c59e9fd8d8a736a67ba7b96be41042b1285fcd1f81,
        children_are_in_trie: true,
    },
)
[2m2024-05-07T03:10:54.665001Z[0m [35mTRACE[0m [2mtrie::hash_builder[0m[2m:[0m old key/value [3mkey[0m[2m=[0mNibbles("") [3mvalue[0m[2m=[0mBytes("")
[2m2024-05-07T03:10:54.665008Z[0m [35mTRACE[0m [2mtrie::hash_builder[0m[2m:[0m new key/value [3mkey[0m[2m=[0mNibbles("000f0a") [3mvalue[0m[2m=[0mHash(0x6e3e74ff5fc7ca11f62f34c59e9fd8d8a736a67ba7b96be41042b1285fcd1f81)
NodeIter Key: Nibbles(
    "000f0a",
)
NodeIter Seek Key: 0x0fb0000000000000000000000000000000000000000000000000000000000000
NodeIter Key: Nibbles(
    "000f0b",
)
NodeIter Hashed Entry: None
NodeIter Key: Nibbles(
    "000f0b",
)
NodeIter Seek Key: 0x0fb0000000000000000000000000000000000000000000000000000000000000
NodeIter Hashed Entry: None
Storage Node: Leaf(
    0x0fba000000000000000000000000000000000000000000000000000000000000,
    0x0000000000000000000000000000000000000000000000000000000000000001_U256,
)
[2m2024-05-07T03:10:54.665057Z[0m [35mTRACE[0m [2mtrie::hash_builder[0m[2m:[0m updating merkle tree [3mcurrent[0m[2m=[0mNibbles("000f0a") [3msucceeding[0m[2m=[0mNibbles("000f0b0a000000000000000000000000000000000000000000000000000000000000000000000000000000000000000000000000000000000000000000000000")
[2m2024-05-07T03:10:54.665073Z[0m [35mTRACE[0m [1mloop[0m[1m{[0m[3mi[0m[2m=[0m0 [3mcurrent[0m[2m=[0mNibbles("000f0a") [3mbuild_extensions[0m[2m=[0mfalse[1m}[0m[2m:[0m [2mtrie::hash_builder[0m[2m:[0m prefix lengths after comparing keys [3mlen[0m[2m=[0m2 [3mcommon_prefix_len[0m[2m=[0m2 [3mpreceding_len[0m[2m=[0m0 [3mpreceding_exists[0m[2m=[0mfalse
[2m2024-05-07T03:10:54.665084Z[0m [35mTRACE[0m [1mloop[0m[1m{[0m[3mi[0m[2m=[0m0 [3mcurrent[0m[2m=[0mNibbles("000f0a") [3mbuild_extensions[0m[2m=[0mfalse[1m}[0m[2m:[0m [2mtrie::hash_builder[0m[2m:[0m scaling state masks to fit [3mnew_len[0m[2m=[0m3 [3mold_len[0m[2m=[0m0
[2m2024-05-07T03:10:54.665092Z[0m [35mTRACE[0m [1mloop[0m[1m{[0m[3mi[0m[2m=[0m0 [3mcurrent[0m[2m=[0mNibbles("000f0a") [3mbuild_extensions[0m[2m=[0mfalse[1m}[0m[2m:[0m [2mtrie::hash_builder[0m[2m:[0m [3mextra_digit[0m[2m=[0m10 [3mgroups[0m[2m=[0m[TrieMask(0000000000000000), TrieMask(0000000000000000), TrieMask(0000010000000000)]
[2m2024-05-07T03:10:54.665101Z[0m [35mTRACE[0m [1mloop[0m[1m{[0m[3mi[0m[2m=[0m0 [3mcurrent[0m[2m=[0mNibbles("000f0a") [3mbuild_extensions[0m[2m=[0mfalse[1m}[0m[2m:[0m [2mtrie::hash_builder[0m[2m:[0m resizing tree/hash masks [3mnew_len[0m[2m=[0m3 [3mold_tree_mask_len[0m[2m=[0m0 [3mold_hash_mask_len[0m[2m=[0m0
[2m2024-05-07T03:10:54.665111Z[0m [35mTRACE[0m [1mloop[0m[1m{[0m[3mi[0m[2m=[0m0 [3mcurrent[0m[2m=[0mNibbles("000f0a") [3mbuild_extensions[0m[2m=[0mfalse[1m}[0m[2m:[0m [2mtrie::hash_builder[0m[2m:[0m skipping 3 nibbles
[2m2024-05-07T03:10:54.665117Z[0m [35mTRACE[0m [1mloop[0m[1m{[0m[3mi[0m[2m=[0m0 [3mcurrent[0m[2m=[0mNibbles("000f0a") [3mbuild_extensions[0m[2m=[0mfalse[1m}[0m[2m:[0m [2mtrie::hash_builder[0m[2m:[0m [3mshort_node_key[0m[2m=[0mNibbles("")
[2m2024-05-07T03:10:54.665126Z[0m [35mTRACE[0m [1mloop[0m[1m{[0m[3mi[0m[2m=[0m0 [3mcurrent[0m[2m=[0mNibbles("000f0a") [3mbuild_extensions[0m[2m=[0mfalse[1m}[0m[2m:[0m [2mtrie::hash_builder[0m[2m:[0m pushing branch node hash [3mhash[0m[2m=[0m0x6e3e74ff5fc7ca11f62f34c59e9fd8d8a736a67ba7b96be41042b1285fcd1f81
[2m2024-05-07T03:10:54.665135Z[0m [35mTRACE[0m [1mloop[0m[1m{[0m[3mi[0m[2m=[0m0 [3mcurrent[0m[2m=[0mNibbles("000f0a") [3mbuild_extensions[0m[2m=[0mfalse[1m}[0m[2m:[0m [2mtrie::hash_builder[0m[2m:[0m no common prefix to create branch nodes from, returning
[2m2024-05-07T03:10:54.665145Z[0m [35mTRACE[0m [2mtrie::hash_builder[0m[2m:[0m old key/value [3mkey[0m[2m=[0mNibbles("000f0a") [3mvalue[0m[2m=[0mHash(0x6e3e74ff5fc7ca11f62f34c59e9fd8d8a736a67ba7b96be41042b1285fcd1f81)
[2m2024-05-07T03:10:54.665155Z[0m [35mTRACE[0m [2mtrie::hash_builder[0m[2m:[0m new key/value [3mkey[0m[2m=[0mNibbles("000f0b0a000000000000000000000000000000000000000000000000000000000000000000000000000000000000000000000000000000000000000000000000") [3mvalue[0m[2m=[0mBytes("01")
[2m2024-05-07T03:10:54.665164Z[0m [35mTRACE[0m [2mtrie::hash_builder[0m[2m:[0m updating merkle tree [3mcurrent[0m[2m=[0mNibbles("000f0b0a000000000000000000000000000000000000000000000000000000000000000000000000000000000000000000000000000000000000000000000000") [3msucceeding[0m[2m=[0mNibbles("")
[2m2024-05-07T03:10:54.665180Z[0m [35mTRACE[0m [1mloop[0m[1m{[0m[3mi[0m[2m=[0m0 [3mcurrent[0m[2m=[0mNibbles("000f0b0a000000000000000000000000000000000000000000000000000000000000000000000000000000000000000000000000000000000000000000000000") [3mbuild_extensions[0m[2m=[0mfalse[1m}[0m[2m:[0m [2mtrie::hash_builder[0m[2m:[0m prefix lengths after comparing keys [3mlen[0m[2m=[0m2 [3mcommon_prefix_len[0m[2m=[0m0 [3mpreceding_len[0m[2m=[0m2 [3mpreceding_exists[0m[2m=[0mtrue
[2m2024-05-07T03:10:54.665189Z[0m [35mTRACE[0m [1mloop[0m[1m{[0m[3mi[0m[2m=[0m0 [3mcurrent[0m[2m=[0mNibbles("000f0b0a000000000000000000000000000000000000000000000000000000000000000000000000000000000000000000000000000000000000000000000000") [3mbuild_extensions[0m[2m=[0mfalse[1m}[0m[2m:[0m [2mtrie::hash_builder[0m[2m:[0m [3mextra_digit[0m[2m=[0m11 [3mgroups[0m[2m=[0m[TrieMask(0000000000000000), TrieMask(0000000000000000), TrieMask(0000110000000000)]
[2m2024-05-07T03:10:54.665198Z[0m [35mTRACE[0m [1mloop[0m[1m{[0m[3mi[0m[2m=[0m0 [3mcurrent[0m[2m=[0mNibbles("000f0b0a000000000000000000000000000000000000000000000000000000000000000000000000000000000000000000000000000000000000000000000000") [3mbuild_extensions[0m[2m=[0mfalse[1m}[0m[2m:[0m [2mtrie::hash_builder[0m[2m:[0m resizing tree/hash masks [3mnew_len[0m[2m=[0m64 [3mold_tree_mask_len[0m[2m=[0m3 [3mold_hash_mask_len[0m[2m=[0m3
[2m2024-05-07T03:10:54.665207Z[0m [35mTRACE[0m [1mloop[0m[1m{[0m[3mi[0m[2m=[0m0 [3mcurrent[0m[2m=[0mNibbles("000f0b0a000000000000000000000000000000000000000000000000000000000000000000000000000000000000000000000000000000000000000000000000") [3mbuild_extensions[0m[2m=[0mfalse[1m}[0m[2m:[0m [2mtrie::hash_builder[0m[2m:[0m skipping 3 nibbles
[2m2024-05-07T03:10:54.665214Z[0m [35mTRACE[0m [1mloop[0m[1m{[0m[3mi[0m[2m=[0m0 [3mcurrent[0m[2m=[0mNibbles("000f0b0a000000000000000000000000000000000000000000000000000000000000000000000000000000000000000000000000000000000000000000000000") [3mbuild_extensions[0m[2m=[0mfalse[1m}[0m[2m:[0m [2mtrie::hash_builder[0m[2m:[0m [3mshort_node_key[0m[2m=[0mNibbles("0a000000000000000000000000000000000000000000000000000000000000000000000000000000000000000000000000000000000000000000000000")
[2m2024-05-07T03:10:54.665226Z[0m [35mTRACE[0m [1mloop[0m[1m{[0m[3mi[0m[2m=[0m0 [3mcurrent[0m[2m=[0mNibbles("000f0b0a000000000000000000000000000000000000000000000000000000000000000000000000000000000000000000000000000000000000000000000000") [3mbuild_extensions[0m[2m=[0mfalse[1m}[0m[2m:[0m [2mtrie::hash_builder[0m[2m:[0m pushing leaf node [3mleaf_node[0m[2m=[0mLeafNode { key: "3a000000000000000000000000000000000000000000000000000000000000", value: "01" }
[2m2024-05-07T03:10:54.665254Z[0m [35mTRACE[0m [1mloop[0m[1m{[0m[3mi[0m[2m=[0m0 [3mcurrent[0m[2m=[0mNibbles("000f0b0a000000000000000000000000000000000000000000000000000000000000000000000000000000000000000000000000000000000000000000000000") [3mbuild_extensions[0m[2m=[0mfalse[1m}[0m[2m:[0m [2mtrie::hash_builder[0m[2m:[0m leaf node rlp [3mrlp[0m[2m=[0m"a0cc34652fb72883446ee06955c5dbe319a82a68b857b01a032472ff93bef3be60"
[2m2024-05-07T03:10:54.665298Z[0m [35mTRACE[0m [1mloop[0m[1m{[0m[3mi[0m[2m=[0m0 [3mcurrent[0m[2m=[0mNibbles("000f0b0a000000000000000000000000000000000000000000000000000000000000000000000000000000000000000000000000000000000000000000000000") [3mbuild_extensions[0m[2m=[0mfalse[1m}[0m[2m:[0m [2mtrie::hash_builder[0m[2m:[0m resizing stack to prepare branch node [3mnew_len[0m[2m=[0m0 [3mold_len[0m[2m=[0m2
[2m2024-05-07T03:10:54.665307Z[0m [35mTRACE[0m [1mloop[0m[1m{[0m[3mi[0m[2m=[0m0 [3mcurrent[0m[2m=[0mNibbles("000f0b0a000000000000000000000000000000000000000000000000000000000000000000000000000000000000000000000000000000000000000000000000") [3mbuild_extensions[0m[2m=[0mfalse[1m}[0m[2m:[0m [2mtrie::hash_builder[0m[2m:[0m pushing branch node with TrieMask(0000110000000000) mask from stack
[2m2024-05-07T03:10:54.665314Z[0m [35mTRACE[0m [1mloop[0m[1m{[0m[3mi[0m[2m=[0m0 [3mcurrent[0m[2m=[0mNibbles("000f0b0a000000000000000000000000000000000000000000000000000000000000000000000000000000000000000000000000000000000000000000000000") [3mbuild_extensions[0m[2m=[0mfalse[1m}[0m[2m:[0m [2mtrie::hash_builder[0m[2m:[0m branch node rlp [3mrlp[0m[2m=[0m"a07cc3b6a4ddfc76ae83a44e0b39ee8117a4ce17564ee42241427f75398167a293"
[2m2024-05-07T03:10:54.665322Z[0m [35mTRACE[0m [1mloop[0m[1m{[0m[3mi[0m[2m=[0m0 [3mcurrent[0m[2m=[0mNibbles("000f0b0a000000000000000000000000000000000000000000000000000000000000000000000000000000000000000000000000000000000000000000000000") [3mbuild_extensions[0m[2m=[0mfalse[1m}[0m[2m:[0m [2mtrie::hash_builder[0m[2m:[0m intermediate node [3mnode[0m[2m=[0mBranchNodeCompact { state_mask: TrieMask(0000110000000000), tree_mask: TrieMask(0000010000000000), hash_mask: TrieMask(0000010000000000), hashes: [0x6e3e74ff5fc7ca11f62f34c59e9fd8d8a736a67ba7b96be41042b1285fcd1f81], root_hash: None }
[2m2024-05-07T03:10:54.665331Z[0m [35mTRACE[0m [1mloop[0m[1m{[0m[3mi[0m[2m=[0m0 [3mcurrent[0m[2m=[0mNibbles("000f0b0a000000000000000000000000000000000000000000000000000000000000000000000000000000000000000000000000000000000000000000000000") [3mbuild_extensions[0m[2m=[0mfalse[1m}[0m[2m:[0m [2mtrie::hash_builder[0m[2m:[0m resizing tree/hash masks [3mnew_len[0m[2m=[0m2 [3mold_tree_mask_len[0m[2m=[0m64 [3mold_hash_mask_len[0m[2m=[0m64
[2m2024-05-07T03:10:54.665340Z[0m [35mTRACE[0m [1mloop[0m[1m{[0m[3mi[0m[2m=[0m0 [3mcurrent[0m[2m=[0mNibbles("000f0b0a000000000000000000000000000000000000000000000000000000000000000000000000000000000000000000000000000000000000000000000000") [3mbuild_extensions[0m[2m=[0mfalse[1m}[0m[2m:[0m [2mtrie::hash_builder[0m[2m:[0m truncated nibbles to 2 bytes [3mcurrent[0m[2m=[0mNibbles("000f")
[2m2024-05-07T03:10:54.665348Z[0m [35mTRACE[0m [1mloop[0m[1m{[0m[3mi[0m[2m=[0m0 [3mcurrent[0m[2m=[0mNibbles("000f0b0a000000000000000000000000000000000000000000000000000000000000000000000000000000000000000000000000000000000000000000000000") [3mbuild_extensions[0m[2m=[0mfalse[1m}[0m[2m:[0m [2mtrie::hash_builder[0m[2m:[0m popping empty state masks [3mgroups[0m[2m=[0m[TrieMask(0000000000000000), TrieMask(0000000000000000)]
[2m2024-05-07T03:10:54.665364Z[0m [35mTRACE[0m [1mloop[0m[1m{[0m[3mi[0m[2m=[0m1 [3mcurrent[0m[2m=[0mNibbles("000f") [3mbuild_extensions[0m[2m=[0mtrue[1m}[0m[2m:[0m [2mtrie::hash_builder[0m[2m:[0m prefix lengths after comparing keys [3mlen[0m[2m=[0m0 [3mcommon_prefix_len[0m[2m=[0m0 [3mpreceding_len[0m[2m=[0m0 [3mpreceding_exists[0m[2m=[0mfalse
[2m2024-05-07T03:10:54.665374Z[0m [35mTRACE[0m [1mloop[0m[1m{[0m[3mi[0m[2m=[0m1 [3mcurrent[0m[2m=[0mNibbles("000f") [3mbuild_extensions[0m[2m=[0mtrue[1m}[0m[2m:[0m [2mtrie::hash_builder[0m[2m:[0m scaling state masks to fit [3mnew_len[0m[2m=[0m1 [3mold_len[0m[2m=[0m0
[2m2024-05-07T03:10:54.665382Z[0m [35mTRACE[0m [1mloop[0m[1m{[0m[3mi[0m[2m=[0m1 [3mcurrent[0m[2m=[0mNibbles("000f") [3mbuild_extensions[0m[2m=[0mtrue[1m}[0m[2m:[0m [2mtrie::hash_builder[0m[2m:[0m [3mextra_digit[0m[2m=[0m0 [3mgroups[0m[2m=[0m[TrieMask(0000000000000001)]
[2m2024-05-07T03:10:54.665390Z[0m [35mTRACE[0m [1mloop[0m[1m{[0m[3mi[0m[2m=[0m1 [3mcurrent[0m[2m=[0mNibbles("000f") [3mbuild_extensions[0m[2m=[0mtrue[1m}[0m[2m:[0m [2mtrie::hash_builder[0m[2m:[0m skipping 0 nibbles
[2m2024-05-07T03:10:54.665397Z[0m [35mTRACE[0m [1mloop[0m[1m{[0m[3mi[0m[2m=[0m1 [3mcurrent[0m[2m=[0mNibbles("000f") [3mbuild_extensions[0m[2m=[0mtrue[1m}[0m[2m:[0m [2mtrie::hash_builder[0m[2m:[0m [3mshort_node_key[0m[2m=[0mNibbles("000f")
[2m2024-05-07T03:10:54.665406Z[0m [35mTRACE[0m [1mloop[0m[1m{[0m[3mi[0m[2m=[0m1 [3mcurrent[0m[2m=[0mNibbles("000f") [3mbuild_extensions[0m[2m=[0mtrue[1m}[0m[2m:[0m [2mtrie::hash_builder[0m[2m:[0m pushing extension node [3mextension_node[0m[2m=[0mExtensionNode { prefix: "000f", node: "a07cc3b6a4ddfc76ae83a44e0b39ee8117a4ce17564ee42241427f75398167a293" }
[2m2024-05-07T03:10:54.665432Z[0m [35mTRACE[0m [1mloop[0m[1m{[0m[3mi[0m[2m=[0m1 [3mcurrent[0m[2m=[0mNibbles("000f") [3mbuild_extensions[0m[2m=[0mtrue[1m}[0m[2m:[0m [2mtrie::hash_builder[0m[2m:[0m extension node rlp [3mrlp[0m[2m=[0m"a0262cd61ad4821504938e6554e08db1188394f1767414aa75f907926c04053c30"
[2m2024-05-07T03:10:54.665458Z[0m [35mTRACE[0m [1mloop[0m[1m{[0m[3mi[0m[2m=[0m1 [3mcurrent[0m[2m=[0mNibbles("000f") [3mbuild_extensions[0m[2m=[0mtrue[1m}[0m[2m:[0m [2mtrie::hash_builder[0m[2m:[0m resizing tree/hash masks [3mnew_len[0m[2m=[0m0 [3mold_tree_mask_len[0m[2m=[0m2 [3mold_hash_mask_len[0m[2m=[0m2
[2m2024-05-07T03:10:54.665467Z[0m [35mTRACE[0m [1mloop[0m[1m{[0m[3mi[0m[2m=[0m1 [3mcurrent[0m[2m=[0mNibbles("000f") [3mbuild_extensions[0m[2m=[0mtrue[1m}[0m[2m:[0m [2mtrie::hash_builder[0m[2m:[0m resizing tree/hash masks [3mnew_len[0m[2m=[0m0 [3mold_tree_mask_len[0m[2m=[0m0 [3mold_hash_mask_len[0m[2m=[0m0
[2m2024-05-07T03:10:54.665476Z[0m [35mTRACE[0m [1mloop[0m[1m{[0m[3mi[0m[2m=[0m1 [3mcurrent[0m[2m=[0mNibbles("000f") [3mbuild_extensions[0m[2m=[0mtrue[1m}[0m[2m:[0m [2mtrie::hash_builder[0m[2m:[0m 0 or 1 state masks means we have no more elements to process
Walker Updates: TrieUpdates {
    trie_operations: {},
}
Hash Builder Updates: {}
[2m2024-05-07T03:10:54.665497Z[0m [35mTRACE[0m [2mtrie::storage_root[0m[2m:[0m calculated storage root [3mroot[0m[2m=[0m0x262cd61ad4821504938e6554e08db1188394f1767414aa75f907926c04053c30 [3mhashed_address[0m[2m=[0m0x5380c7b7ae81a58eb98d9c78de4a1fd7fd9535fc953ed2be602daaa41767312a [3mduration[0m[2m=[0m556.5µs [3mbranches_added[0m[2m=[0m1 [3mleaves_added[0m[2m=[0m1
test tests::trie_updates_across_multiple_iterations ... FAILED

failures:

failures:
    tests::trie_updates_across_multiple_iterations

test result: FAILED. 0 passed; 1 failed; 0 ignored; 0 measured; 38 filtered out; finished in 0.06s

