
running 1 test
[2m2024-05-07T03:12:15.984258Z[0m [35mTRACE[0m [2mtrie::storage_root[0m[2m:[0m calculating storage root [3mhashed_address[0m[2m=[0m0x5380c7b7ae81a58eb98d9c78de4a1fd7fd9535fc953ed2be602daaa41767312a
NodeIter Key: Nibbles(
    "",
)
NodeIter Seek Key: 0x0000000000000000000000000000000000000000000000000000000000000000
NodeIter Hashed Entry: None
Storage Node: Leaf(
    0x0faa000000000000000000000000000000000000000000000000000000000000,
    0x0000000000000000000000000000000000000000000000000000000000000001_U256,
)
[2m2024-05-07T03:12:15.984646Z[0m [35mTRACE[0m [2mtrie::hash_builder[0m[2m:[0m old key/value [3mkey[0m[2m=[0mNibbles("") [3mvalue[0m[2m=[0mBytes("")
[2m2024-05-07T03:12:15.984658Z[0m [35mTRACE[0m [2mtrie::hash_builder[0m[2m:[0m new key/value [3mkey[0m[2m=[0mNibbles("000f0a0a000000000000000000000000000000000000000000000000000000000000000000000000000000000000000000000000000000000000000000000000") [3mvalue[0m[2m=[0mBytes("01")
NodeIter Hashed Entry: None
Storage Node: Leaf(
    0x0faaa00000000000000000000000000000000000000000000000000000000000,
    0x0000000000000000000000000000000000000000000000000000000000000001_U256,
)
[2m2024-05-07T03:12:15.984696Z[0m [35mTRACE[0m [2mtrie::hash_builder[0m[2m:[0m updating merkle tree [3mcurrent[0m[2m=[0mNibbles("000f0a0a000000000000000000000000000000000000000000000000000000000000000000000000000000000000000000000000000000000000000000000000") [3msucceeding[0m[2m=[0mNibbles("000f0a0a0a0000000000000000000000000000000000000000000000000000000000000000000000000000000000000000000000000000000000000000000000")
[2m2024-05-07T03:12:15.984803Z[0m [35mTRACE[0m [1mloop[0m[1m{[0m[3mi[0m[2m=[0m0 [3mcurrent[0m[2m=[0mNibbles("000f0a0a000000000000000000000000000000000000000000000000000000000000000000000000000000000000000000000000000000000000000000000000") [3mbuild_extensions[0m[2m=[0mfalse[1m}[0m[2m:[0m [2mtrie::hash_builder[0m[2m:[0m prefix lengths after comparing keys [3mlen[0m[2m=[0m4 [3mcommon_prefix_len[0m[2m=[0m4 [3mpreceding_len[0m[2m=[0m0 [3mpreceding_exists[0m[2m=[0mfalse
[2m2024-05-07T03:12:15.984822Z[0m [35mTRACE[0m [1mloop[0m[1m{[0m[3mi[0m[2m=[0m0 [3mcurrent[0m[2m=[0mNibbles("000f0a0a000000000000000000000000000000000000000000000000000000000000000000000000000000000000000000000000000000000000000000000000") [3mbuild_extensions[0m[2m=[0mfalse[1m}[0m[2m:[0m [2mtrie::hash_builder[0m[2m:[0m scaling state masks to fit [3mnew_len[0m[2m=[0m5 [3mold_len[0m[2m=[0m0
[2m2024-05-07T03:12:15.984834Z[0m [35mTRACE[0m [1mloop[0m[1m{[0m[3mi[0m[2m=[0m0 [3mcurrent[0m[2m=[0mNibbles("000f0a0a000000000000000000000000000000000000000000000000000000000000000000000000000000000000000000000000000000000000000000000000") [3mbuild_extensions[0m[2m=[0mfalse[1m}[0m[2m:[0m [2mtrie::hash_builder[0m[2m:[0m [3mextra_digit[0m[2m=[0m0 [3mgroups[0m[2m=[0m[TrieMask(0000000000000000), TrieMask(0000000000000000), TrieMask(0000000000000000), TrieMask(0000000000000000), TrieMask(0000000000000001)]
[2m2024-05-07T03:12:15.984847Z[0m [35mTRACE[0m [1mloop[0m[1m{[0m[3mi[0m[2m=[0m0 [3mcurrent[0m[2m=[0mNibbles("000f0a0a000000000000000000000000000000000000000000000000000000000000000000000000000000000000000000000000000000000000000000000000") [3mbuild_extensions[0m[2m=[0mfalse[1m}[0m[2m:[0m [2mtrie::hash_builder[0m[2m:[0m resizing tree/hash masks [3mnew_len[0m[2m=[0m64 [3mold_tree_mask_len[0m[2m=[0m0 [3mold_hash_mask_len[0m[2m=[0m0
[2m2024-05-07T03:12:15.984860Z[0m [35mTRACE[0m [1mloop[0m[1m{[0m[3mi[0m[2m=[0m0 [3mcurrent[0m[2m=[0mNibbles("000f0a0a000000000000000000000000000000000000000000000000000000000000000000000000000000000000000000000000000000000000000000000000") [3mbuild_extensions[0m[2m=[0mfalse[1m}[0m[2m:[0m [2mtrie::hash_builder[0m[2m:[0m skipping 5 nibbles
[2m2024-05-07T03:12:15.984880Z[0m [35mTRACE[0m [1mloop[0m[1m{[0m[3mi[0m[2m=[0m0 [3mcurrent[0m[2m=[0mNibbles("000f0a0a000000000000000000000000000000000000000000000000000000000000000000000000000000000000000000000000000000000000000000000000") [3mbuild_extensions[0m[2m=[0mfalse[1m}[0m[2m:[0m [2mtrie::hash_builder[0m[2m:[0m [3mshort_node_key[0m[2m=[0mNibbles("0000000000000000000000000000000000000000000000000000000000000000000000000000000000000000000000000000000000000000000000")
[2m2024-05-07T03:12:15.984905Z[0m [35mTRACE[0m [1mloop[0m[1m{[0m[3mi[0m[2m=[0m0 [3mcurrent[0m[2m=[0mNibbles("000f0a0a000000000000000000000000000000000000000000000000000000000000000000000000000000000000000000000000000000000000000000000000") [3mbuild_extensions[0m[2m=[0mfalse[1m}[0m[2m:[0m [2mtrie::hash_builder[0m[2m:[0m pushing leaf node [3mleaf_node[0m[2m=[0mLeafNode { key: "300000000000000000000000000000000000000000000000000000000000", value: "01" }
[2m2024-05-07T03:12:15.984941Z[0m [35mTRACE[0m [1mloop[0m[1m{[0m[3mi[0m[2m=[0m0 [3mcurrent[0m[2m=[0mNibbles("000f0a0a000000000000000000000000000000000000000000000000000000000000000000000000000000000000000000000000000000000000000000000000") [3mbuild_extensions[0m[2m=[0mfalse[1m}[0m[2m:[0m [2mtrie::hash_builder[0m[2m:[0m leaf node rlp [3mrlp[0m[2m=[0m"a0ee9f09021cbd429f2069700656987ccf03aff5f649ba9fc0ced0e09b78d6c94d"
[2m2024-05-07T03:12:15.984985Z[0m [35mTRACE[0m [1mloop[0m[1m{[0m[3mi[0m[2m=[0m0 [3mcurrent[0m[2m=[0mNibbles("000f0a0a000000000000000000000000000000000000000000000000000000000000000000000000000000000000000000000000000000000000000000000000") [3mbuild_extensions[0m[2m=[0mfalse[1m}[0m[2m:[0m [2mtrie::hash_builder[0m[2m:[0m no common prefix to create branch nodes from, returning
[2m2024-05-07T03:12:15.985024Z[0m [35mTRACE[0m [2mtrie::hash_builder[0m[2m:[0m old key/value [3mkey[0m[2m=[0mNibbles("000f0a0a000000000000000000000000000000000000000000000000000000000000000000000000000000000000000000000000000000000000000000000000") [3mvalue[0m[2m=[0mBytes("01")
[2m2024-05-07T03:12:15.985035Z[0m [35mTRACE[0m [2mtrie::hash_builder[0m[2m:[0m new key/value [3mkey[0m[2m=[0mNibbles("000f0a0a0a0000000000000000000000000000000000000000000000000000000000000000000000000000000000000000000000000000000000000000000000") [3mvalue[0m[2m=[0mBytes("01")
NodeIter Hashed Entry: None
Storage Node: Leaf(
    0x0fab000000000000000000000000000000000000000000000000000000000000,
    0x0000000000000000000000000000000000000000000000000000000000000001_U256,
)
[2m2024-05-07T03:12:15.985058Z[0m [35mTRACE[0m [2mtrie::hash_builder[0m[2m:[0m updating merkle tree [3mcurrent[0m[2m=[0mNibbles("000f0a0a0a0000000000000000000000000000000000000000000000000000000000000000000000000000000000000000000000000000000000000000000000") [3msucceeding[0m[2m=[0mNibbles("000f0a0b000000000000000000000000000000000000000000000000000000000000000000000000000000000000000000000000000000000000000000000000")
[2m2024-05-07T03:12:15.985080Z[0m [35mTRACE[0m [1mloop[0m[1m{[0m[3mi[0m[2m=[0m0 [3mcurrent[0m[2m=[0mNibbles("000f0a0a0a0000000000000000000000000000000000000000000000000000000000000000000000000000000000000000000000000000000000000000000000") [3mbuild_extensions[0m[2m=[0mfalse[1m}[0m[2m:[0m [2mtrie::hash_builder[0m[2m:[0m prefix lengths after comparing keys [3mlen[0m[2m=[0m4 [3mcommon_prefix_len[0m[2m=[0m3 [3mpreceding_len[0m[2m=[0m4 [3mpreceding_exists[0m[2m=[0mtrue
[2m2024-05-07T03:12:15.985091Z[0m [35mTRACE[0m [1mloop[0m[1m{[0m[3mi[0m[2m=[0m0 [3mcurrent[0m[2m=[0mNibbles("000f0a0a0a0000000000000000000000000000000000000000000000000000000000000000000000000000000000000000000000000000000000000000000000") [3mbuild_extensions[0m[2m=[0mfalse[1m}[0m[2m:[0m [2mtrie::hash_builder[0m[2m:[0m [3mextra_digit[0m[2m=[0m10 [3mgroups[0m[2m=[0m[TrieMask(0000000000000000), TrieMask(0000000000000000), TrieMask(0000000000000000), TrieMask(0000000000000000), TrieMask(0000010000000001)]
[2m2024-05-07T03:12:15.985102Z[0m [35mTRACE[0m [1mloop[0m[1m{[0m[3mi[0m[2m=[0m0 [3mcurrent[0m[2m=[0mNibbles("000f0a0a0a0000000000000000000000000000000000000000000000000000000000000000000000000000000000000000000000000000000000000000000000") [3mbuild_extensions[0m[2m=[0mfalse[1m}[0m[2m:[0m [2mtrie::hash_builder[0m[2m:[0m skipping 5 nibbles
[2m2024-05-07T03:12:15.985114Z[0m [35mTRACE[0m [1mloop[0m[1m{[0m[3mi[0m[2m=[0m0 [3mcurrent[0m[2m=[0mNibbles("000f0a0a0a0000000000000000000000000000000000000000000000000000000000000000000000000000000000000000000000000000000000000000000000") [3mbuild_extensions[0m[2m=[0mfalse[1m}[0m[2m:[0m [2mtrie::hash_builder[0m[2m:[0m [3mshort_node_key[0m[2m=[0mNibbles("0000000000000000000000000000000000000000000000000000000000000000000000000000000000000000000000000000000000000000000000")
[2m2024-05-07T03:12:15.985128Z[0m [35mTRACE[0m [1mloop[0m[1m{[0m[3mi[0m[2m=[0m0 [3mcurrent[0m[2m=[0mNibbles("000f0a0a0a0000000000000000000000000000000000000000000000000000000000000000000000000000000000000000000000000000000000000000000000") [3mbuild_extensions[0m[2m=[0mfalse[1m}[0m[2m:[0m [2mtrie::hash_builder[0m[2m:[0m pushing leaf node [3mleaf_node[0m[2m=[0mLeafNode { key: "300000000000000000000000000000000000000000000000000000000000", value: "01" }
[2m2024-05-07T03:12:15.985159Z[0m [35mTRACE[0m [1mloop[0m[1m{[0m[3mi[0m[2m=[0m0 [3mcurrent[0m[2m=[0mNibbles("000f0a0a0a0000000000000000000000000000000000000000000000000000000000000000000000000000000000000000000000000000000000000000000000") [3mbuild_extensions[0m[2m=[0mfalse[1m}[0m[2m:[0m [2mtrie::hash_builder[0m[2m:[0m leaf node rlp [3mrlp[0m[2m=[0m"a0ee9f09021cbd429f2069700656987ccf03aff5f649ba9fc0ced0e09b78d6c94d"
[2m2024-05-07T03:12:15.985223Z[0m [35mTRACE[0m [1mloop[0m[1m{[0m[3mi[0m[2m=[0m0 [3mcurrent[0m[2m=[0mNibbles("000f0a0a0a0000000000000000000000000000000000000000000000000000000000000000000000000000000000000000000000000000000000000000000000") [3mbuild_extensions[0m[2m=[0mfalse[1m}[0m[2m:[0m [2mtrie::hash_builder[0m[2m:[0m resizing stack to prepare branch node [3mnew_len[0m[2m=[0m0 [3mold_len[0m[2m=[0m2
[2m2024-05-07T03:12:15.985235Z[0m [35mTRACE[0m [1mloop[0m[1m{[0m[3mi[0m[2m=[0m0 [3mcurrent[0m[2m=[0mNibbles("000f0a0a0a0000000000000000000000000000000000000000000000000000000000000000000000000000000000000000000000000000000000000000000000") [3mbuild_extensions[0m[2m=[0mfalse[1m}[0m[2m:[0m [2mtrie::hash_builder[0m[2m:[0m pushing branch node with TrieMask(0000010000000001) mask from stack
[2m2024-05-07T03:12:15.985244Z[0m [35mTRACE[0m [1mloop[0m[1m{[0m[3mi[0m[2m=[0m0 [3mcurrent[0m[2m=[0mNibbles("000f0a0a0a0000000000000000000000000000000000000000000000000000000000000000000000000000000000000000000000000000000000000000000000") [3mbuild_extensions[0m[2m=[0mfalse[1m}[0m[2m:[0m [2mtrie::hash_builder[0m[2m:[0m branch node rlp [3mrlp[0m[2m=[0m"a0b34f450ed88ff0b44dedcaa3b45173b58d37be7ac83e30b6aa33791ee1b51198"
[2m2024-05-07T03:12:15.985254Z[0m [35mTRACE[0m [1mloop[0m[1m{[0m[3mi[0m[2m=[0m0 [3mcurrent[0m[2m=[0mNibbles("000f0a0a0a0000000000000000000000000000000000000000000000000000000000000000000000000000000000000000000000000000000000000000000000") [3mbuild_extensions[0m[2m=[0mfalse[1m}[0m[2m:[0m [2mtrie::hash_builder[0m[2m:[0m resizing tree/hash masks [3mnew_len[0m[2m=[0m4 [3mold_tree_mask_len[0m[2m=[0m64 [3mold_hash_mask_len[0m[2m=[0m64
[2m2024-05-07T03:12:15.985265Z[0m [35mTRACE[0m [1mloop[0m[1m{[0m[3mi[0m[2m=[0m0 [3mcurrent[0m[2m=[0mNibbles("000f0a0a0a0000000000000000000000000000000000000000000000000000000000000000000000000000000000000000000000000000000000000000000000") [3mbuild_extensions[0m[2m=[0mfalse[1m}[0m[2m:[0m [2mtrie::hash_builder[0m[2m:[0m truncated nibbles to 4 bytes [3mcurrent[0m[2m=[0mNibbles("000f0a0a")
[2m2024-05-07T03:12:15.985276Z[0m [35mTRACE[0m [1mloop[0m[1m{[0m[3mi[0m[2m=[0m0 [3mcurrent[0m[2m=[0mNibbles("000f0a0a0a0000000000000000000000000000000000000000000000000000000000000000000000000000000000000000000000000000000000000000000000") [3mbuild_extensions[0m[2m=[0mfalse[1m}[0m[2m:[0m [2mtrie::hash_builder[0m[2m:[0m popping empty state masks [3mgroups[0m[2m=[0m[TrieMask(0000000000000000), TrieMask(0000000000000000), TrieMask(0000000000000000), TrieMask(0000000000000000)]
[2m2024-05-07T03:12:15.985303Z[0m [35mTRACE[0m [1mloop[0m[1m{[0m[3mi[0m[2m=[0m1 [3mcurrent[0m[2m=[0mNibbles("000f0a0a") [3mbuild_extensions[0m[2m=[0mtrue[1m}[0m[2m:[0m [2mtrie::hash_builder[0m[2m:[0m prefix lengths after comparing keys [3mlen[0m[2m=[0m3 [3mcommon_prefix_len[0m[2m=[0m3 [3mpreceding_len[0m[2m=[0m0 [3mpreceding_exists[0m[2m=[0mfalse
[2m2024-05-07T03:12:15.985314Z[0m [35mTRACE[0m [1mloop[0m[1m{[0m[3mi[0m[2m=[0m1 [3mcurrent[0m[2m=[0mNibbles("000f0a0a") [3mbuild_extensions[0m[2m=[0mtrue[1m}[0m[2m:[0m [2mtrie::hash_builder[0m[2m:[0m scaling state masks to fit [3mnew_len[0m[2m=[0m4 [3mold_len[0m[2m=[0m0
[2m2024-05-07T03:12:15.985323Z[0m [35mTRACE[0m [1mloop[0m[1m{[0m[3mi[0m[2m=[0m1 [3mcurrent[0m[2m=[0mNibbles("000f0a0a") [3mbuild_extensions[0m[2m=[0mtrue[1m}[0m[2m:[0m [2mtrie::hash_builder[0m[2m:[0m [3mextra_digit[0m[2m=[0m10 [3mgroups[0m[2m=[0m[TrieMask(0000000000000000), TrieMask(0000000000000000), TrieMask(0000000000000000), TrieMask(0000010000000000)]
[2m2024-05-07T03:12:15.985333Z[0m [35mTRACE[0m [1mloop[0m[1m{[0m[3mi[0m[2m=[0m1 [3mcurrent[0m[2m=[0mNibbles("000f0a0a") [3mbuild_extensions[0m[2m=[0mtrue[1m}[0m[2m:[0m [2mtrie::hash_builder[0m[2m:[0m skipping 4 nibbles
[2m2024-05-07T03:12:15.985340Z[0m [35mTRACE[0m [1mloop[0m[1m{[0m[3mi[0m[2m=[0m1 [3mcurrent[0m[2m=[0mNibbles("000f0a0a") [3mbuild_extensions[0m[2m=[0mtrue[1m}[0m[2m:[0m [2mtrie::hash_builder[0m[2m:[0m [3mshort_node_key[0m[2m=[0mNibbles("")
[2m2024-05-07T03:12:15.985349Z[0m [35mTRACE[0m [1mloop[0m[1m{[0m[3mi[0m[2m=[0m1 [3mcurrent[0m[2m=[0mNibbles("000f0a0a") [3mbuild_extensions[0m[2m=[0mtrue[1m}[0m[2m:[0m [2mtrie::hash_builder[0m[2m:[0m no common prefix to create branch nodes from, returning
[2m2024-05-07T03:12:15.985360Z[0m [35mTRACE[0m [2mtrie::hash_builder[0m[2m:[0m old key/value [3mkey[0m[2m=[0mNibbles("000f0a0a0a0000000000000000000000000000000000000000000000000000000000000000000000000000000000000000000000000000000000000000000000") [3mvalue[0m[2m=[0mBytes("01")
[2m2024-05-07T03:12:15.985369Z[0m [35mTRACE[0m [2mtrie::hash_builder[0m[2m:[0m new key/value [3mkey[0m[2m=[0mNibbles("000f0a0b000000000000000000000000000000000000000000000000000000000000000000000000000000000000000000000000000000000000000000000000") [3mvalue[0m[2m=[0mBytes("01")
NodeIter Hashed Entry: None
Storage Node: Leaf(
    0x0fba000000000000000000000000000000000000000000000000000000000000,
    0x0000000000000000000000000000000000000000000000000000000000000001_U256,
)
[2m2024-05-07T03:12:15.985392Z[0m [35mTRACE[0m [2mtrie::hash_builder[0m[2m:[0m updating merkle tree [3mcurrent[0m[2m=[0mNibbles("000f0a0b000000000000000000000000000000000000000000000000000000000000000000000000000000000000000000000000000000000000000000000000") [3msucceeding[0m[2m=[0mNibbles("000f0b0a000000000000000000000000000000000000000000000000000000000000000000000000000000000000000000000000000000000000000000000000")
[2m2024-05-07T03:12:15.985412Z[0m [35mTRACE[0m [1mloop[0m[1m{[0m[3mi[0m[2m=[0m0 [3mcurrent[0m[2m=[0mNibbles("000f0a0b000000000000000000000000000000000000000000000000000000000000000000000000000000000000000000000000000000000000000000000000") [3mbuild_extensions[0m[2m=[0mfalse[1m}[0m[2m:[0m [2mtrie::hash_builder[0m[2m:[0m prefix lengths after comparing keys [3mlen[0m[2m=[0m3 [3mcommon_prefix_len[0m[2m=[0m2 [3mpreceding_len[0m[2m=[0m3 [3mpreceding_exists[0m[2m=[0mtrue
[2m2024-05-07T03:12:15.985423Z[0m [35mTRACE[0m [1mloop[0m[1m{[0m[3mi[0m[2m=[0m0 [3mcurrent[0m[2m=[0mNibbles("000f0a0b000000000000000000000000000000000000000000000000000000000000000000000000000000000000000000000000000000000000000000000000") [3mbuild_extensions[0m[2m=[0mfalse[1m}[0m[2m:[0m [2mtrie::hash_builder[0m[2m:[0m [3mextra_digit[0m[2m=[0m11 [3mgroups[0m[2m=[0m[TrieMask(0000000000000000), TrieMask(0000000000000000), TrieMask(0000000000000000), TrieMask(0000110000000000)]
[2m2024-05-07T03:12:15.985442Z[0m [35mTRACE[0m [1mloop[0m[1m{[0m[3mi[0m[2m=[0m0 [3mcurrent[0m[2m=[0mNibbles("000f0a0b000000000000000000000000000000000000000000000000000000000000000000000000000000000000000000000000000000000000000000000000") [3mbuild_extensions[0m[2m=[0mfalse[1m}[0m[2m:[0m [2mtrie::hash_builder[0m[2m:[0m resizing tree/hash masks [3mnew_len[0m[2m=[0m64 [3mold_tree_mask_len[0m[2m=[0m4 [3mold_hash_mask_len[0m[2m=[0m4
[2m2024-05-07T03:12:15.985453Z[0m [35mTRACE[0m [1mloop[0m[1m{[0m[3mi[0m[2m=[0m0 [3mcurrent[0m[2m=[0mNibbles("000f0a0b000000000000000000000000000000000000000000000000000000000000000000000000000000000000000000000000000000000000000000000000") [3mbuild_extensions[0m[2m=[0mfalse[1m}[0m[2m:[0m [2mtrie::hash_builder[0m[2m:[0m skipping 4 nibbles
[2m2024-05-07T03:12:15.985461Z[0m [35mTRACE[0m [1mloop[0m[1m{[0m[3mi[0m[2m=[0m0 [3mcurrent[0m[2m=[0mNibbles("000f0a0b000000000000000000000000000000000000000000000000000000000000000000000000000000000000000000000000000000000000000000000000") [3mbuild_extensions[0m[2m=[0mfalse[1m}[0m[2m:[0m [2mtrie::hash_builder[0m[2m:[0m [3mshort_node_key[0m[2m=[0mNibbles("000000000000000000000000000000000000000000000000000000000000000000000000000000000000000000000000000000000000000000000000")
[2m2024-05-07T03:12:15.985473Z[0m [35mTRACE[0m [1mloop[0m[1m{[0m[3mi[0m[2m=[0m0 [3mcurrent[0m[2m=[0mNibbles("000f0a0b000000000000000000000000000000000000000000000000000000000000000000000000000000000000000000000000000000000000000000000000") [3mbuild_extensions[0m[2m=[0mfalse[1m}[0m[2m:[0m [2mtrie::hash_builder[0m[2m:[0m pushing leaf node [3mleaf_node[0m[2m=[0mLeafNode { key: "20000000000000000000000000000000000000000000000000000000000000", value: "01" }
[2m2024-05-07T03:12:15.985505Z[0m [35mTRACE[0m [1mloop[0m[1m{[0m[3mi[0m[2m=[0m0 [3mcurrent[0m[2m=[0mNibbles("000f0a0b000000000000000000000000000000000000000000000000000000000000000000000000000000000000000000000000000000000000000000000000") [3mbuild_extensions[0m[2m=[0mfalse[1m}[0m[2m:[0m [2mtrie::hash_builder[0m[2m:[0m leaf node rlp [3mrlp[0m[2m=[0m"a0b000781fefaf0c5b9164ed425ea4c185681c1d9934e259acc705e7cd5400ca89"
[2m2024-05-07T03:12:15.985555Z[0m [35mTRACE[0m [1mloop[0m[1m{[0m[3mi[0m[2m=[0m0 [3mcurrent[0m[2m=[0mNibbles("000f0a0b000000000000000000000000000000000000000000000000000000000000000000000000000000000000000000000000000000000000000000000000") [3mbuild_extensions[0m[2m=[0mfalse[1m}[0m[2m:[0m [2mtrie::hash_builder[0m[2m:[0m resizing stack to prepare branch node [3mnew_len[0m[2m=[0m0 [3mold_len[0m[2m=[0m2
[2m2024-05-07T03:12:15.985565Z[0m [35mTRACE[0m [1mloop[0m[1m{[0m[3mi[0m[2m=[0m0 [3mcurrent[0m[2m=[0mNibbles("000f0a0b000000000000000000000000000000000000000000000000000000000000000000000000000000000000000000000000000000000000000000000000") [3mbuild_extensions[0m[2m=[0mfalse[1m}[0m[2m:[0m [2mtrie::hash_builder[0m[2m:[0m pushing branch node with TrieMask(0000110000000000) mask from stack
[2m2024-05-07T03:12:15.985573Z[0m [35mTRACE[0m [1mloop[0m[1m{[0m[3mi[0m[2m=[0m0 [3mcurrent[0m[2m=[0mNibbles("000f0a0b000000000000000000000000000000000000000000000000000000000000000000000000000000000000000000000000000000000000000000000000") [3mbuild_extensions[0m[2m=[0mfalse[1m}[0m[2m:[0m [2mtrie::hash_builder[0m[2m:[0m branch node rlp [3mrlp[0m[2m=[0m"a06e3e74ff5fc7ca11f62f34c59e9fd8d8a736a67ba7b96be41042b1285fcd1f81"
[2m2024-05-07T03:12:15.985584Z[0m [35mTRACE[0m [1mloop[0m[1m{[0m[3mi[0m[2m=[0m0 [3mcurrent[0m[2m=[0mNibbles("000f0a0b000000000000000000000000000000000000000000000000000000000000000000000000000000000000000000000000000000000000000000000000") [3mbuild_extensions[0m[2m=[0mfalse[1m}[0m[2m:[0m [2mtrie::hash_builder[0m[2m:[0m intermediate node [3mnode[0m[2m=[0mBranchNodeCompact { state_mask: TrieMask(0000110000000000), tree_mask: TrieMask(0000000000000000), hash_mask: TrieMask(0000010000000000), hashes: [0xb34f450ed88ff0b44dedcaa3b45173b58d37be7ac83e30b6aa33791ee1b51198], root_hash: None }
[2m2024-05-07T03:12:15.985612Z[0m [35mTRACE[0m [1mloop[0m[1m{[0m[3mi[0m[2m=[0m0 [3mcurrent[0m[2m=[0mNibbles("000f0a0b000000000000000000000000000000000000000000000000000000000000000000000000000000000000000000000000000000000000000000000000") [3mbuild_extensions[0m[2m=[0mfalse[1m}[0m[2m:[0m [2mtrie::hash_builder[0m[2m:[0m resizing tree/hash masks [3mnew_len[0m[2m=[0m3 [3mold_tree_mask_len[0m[2m=[0m64 [3mold_hash_mask_len[0m[2m=[0m64
[2m2024-05-07T03:12:15.985623Z[0m [35mTRACE[0m [1mloop[0m[1m{[0m[3mi[0m[2m=[0m0 [3mcurrent[0m[2m=[0mNibbles("000f0a0b000000000000000000000000000000000000000000000000000000000000000000000000000000000000000000000000000000000000000000000000") [3mbuild_extensions[0m[2m=[0mfalse[1m}[0m[2m:[0m [2mtrie::hash_builder[0m[2m:[0m truncated nibbles to 3 bytes [3mcurrent[0m[2m=[0mNibbles("000f0a")
[2m2024-05-07T03:12:15.985632Z[0m [35mTRACE[0m [1mloop[0m[1m{[0m[3mi[0m[2m=[0m0 [3mcurrent[0m[2m=[0mNibbles("000f0a0b000000000000000000000000000000000000000000000000000000000000000000000000000000000000000000000000000000000000000000000000") [3mbuild_extensions[0m[2m=[0mfalse[1m}[0m[2m:[0m [2mtrie::hash_builder[0m[2m:[0m popping empty state masks [3mgroups[0m[2m=[0m[TrieMask(0000000000000000), TrieMask(0000000000000000), TrieMask(0000000000000000)]
[2m2024-05-07T03:12:15.985652Z[0m [35mTRACE[0m [1mloop[0m[1m{[0m[3mi[0m[2m=[0m1 [3mcurrent[0m[2m=[0mNibbles("000f0a") [3mbuild_extensions[0m[2m=[0mtrue[1m}[0m[2m:[0m [2mtrie::hash_builder[0m[2m:[0m prefix lengths after comparing keys [3mlen[0m[2m=[0m2 [3mcommon_prefix_len[0m[2m=[0m2 [3mpreceding_len[0m[2m=[0m0 [3mpreceding_exists[0m[2m=[0mfalse
[2m2024-05-07T03:12:15.985663Z[0m [35mTRACE[0m [1mloop[0m[1m{[0m[3mi[0m[2m=[0m1 [3mcurrent[0m[2m=[0mNibbles("000f0a") [3mbuild_extensions[0m[2m=[0mtrue[1m}[0m[2m:[0m [2mtrie::hash_builder[0m[2m:[0m scaling state masks to fit [3mnew_len[0m[2m=[0m3 [3mold_len[0m[2m=[0m0
[2m2024-05-07T03:12:15.985672Z[0m [35mTRACE[0m [1mloop[0m[1m{[0m[3mi[0m[2m=[0m1 [3mcurrent[0m[2m=[0mNibbles("000f0a") [3mbuild_extensions[0m[2m=[0mtrue[1m}[0m[2m:[0m [2mtrie::hash_builder[0m[2m:[0m [3mextra_digit[0m[2m=[0m10 [3mgroups[0m[2m=[0m[TrieMask(0000000000000000), TrieMask(0000000000000000), TrieMask(0000010000000000)]
[2m2024-05-07T03:12:15.985682Z[0m [35mTRACE[0m [1mloop[0m[1m{[0m[3mi[0m[2m=[0m1 [3mcurrent[0m[2m=[0mNibbles("000f0a") [3mbuild_extensions[0m[2m=[0mtrue[1m}[0m[2m:[0m [2mtrie::hash_builder[0m[2m:[0m skipping 3 nibbles
[2m2024-05-07T03:12:15.985689Z[0m [35mTRACE[0m [1mloop[0m[1m{[0m[3mi[0m[2m=[0m1 [3mcurrent[0m[2m=[0mNibbles("000f0a") [3mbuild_extensions[0m[2m=[0mtrue[1m}[0m[2m:[0m [2mtrie::hash_builder[0m[2m:[0m [3mshort_node_key[0m[2m=[0mNibbles("")
[2m2024-05-07T03:12:15.985698Z[0m [35mTRACE[0m [1mloop[0m[1m{[0m[3mi[0m[2m=[0m1 [3mcurrent[0m[2m=[0mNibbles("000f0a") [3mbuild_extensions[0m[2m=[0mtrue[1m}[0m[2m:[0m [2mtrie::hash_builder[0m[2m:[0m no common prefix to create branch nodes from, returning
[2m2024-05-07T03:12:15.985709Z[0m [35mTRACE[0m [2mtrie::hash_builder[0m[2m:[0m old key/value [3mkey[0m[2m=[0mNibbles("000f0a0b000000000000000000000000000000000000000000000000000000000000000000000000000000000000000000000000000000000000000000000000") [3mvalue[0m[2m=[0mBytes("01")
[2m2024-05-07T03:12:15.985718Z[0m [35mTRACE[0m [2mtrie::hash_builder[0m[2m:[0m new key/value [3mkey[0m[2m=[0mNibbles("000f0b0a000000000000000000000000000000000000000000000000000000000000000000000000000000000000000000000000000000000000000000000000") [3mvalue[0m[2m=[0mBytes("01")
[2m2024-05-07T03:12:15.985731Z[0m [35mTRACE[0m [2mtrie::hash_builder[0m[2m:[0m updating merkle tree [3mcurrent[0m[2m=[0mNibbles("000f0b0a000000000000000000000000000000000000000000000000000000000000000000000000000000000000000000000000000000000000000000000000") [3msucceeding[0m[2m=[0mNibbles("")
[2m2024-05-07T03:12:15.985749Z[0m [35mTRACE[0m [1mloop[0m[1m{[0m[3mi[0m[2m=[0m0 [3mcurrent[0m[2m=[0mNibbles("000f0b0a000000000000000000000000000000000000000000000000000000000000000000000000000000000000000000000000000000000000000000000000") [3mbuild_extensions[0m[2m=[0mfalse[1m}[0m[2m:[0m [2mtrie::hash_builder[0m[2m:[0m prefix lengths after comparing keys [3mlen[0m[2m=[0m2 [3mcommon_prefix_len[0m[2m=[0m0 [3mpreceding_len[0m[2m=[0m2 [3mpreceding_exists[0m[2m=[0mtrue
[2m2024-05-07T03:12:15.985760Z[0m [35mTRACE[0m [1mloop[0m[1m{[0m[3mi[0m[2m=[0m0 [3mcurrent[0m[2m=[0mNibbles("000f0b0a000000000000000000000000000000000000000000000000000000000000000000000000000000000000000000000000000000000000000000000000") [3mbuild_extensions[0m[2m=[0mfalse[1m}[0m[2m:[0m [2mtrie::hash_builder[0m[2m:[0m [3mextra_digit[0m[2m=[0m11 [3mgroups[0m[2m=[0m[TrieMask(0000000000000000), TrieMask(0000000000000000), TrieMask(0000110000000000)]
[2m2024-05-07T03:12:15.985770Z[0m [35mTRACE[0m [1mloop[0m[1m{[0m[3mi[0m[2m=[0m0 [3mcurrent[0m[2m=[0mNibbles("000f0b0a000000000000000000000000000000000000000000000000000000000000000000000000000000000000000000000000000000000000000000000000") [3mbuild_extensions[0m[2m=[0mfalse[1m}[0m[2m:[0m [2mtrie::hash_builder[0m[2m:[0m resizing tree/hash masks [3mnew_len[0m[2m=[0m64 [3mold_tree_mask_len[0m[2m=[0m3 [3mold_hash_mask_len[0m[2m=[0m3
[2m2024-05-07T03:12:15.985780Z[0m [35mTRACE[0m [1mloop[0m[1m{[0m[3mi[0m[2m=[0m0 [3mcurrent[0m[2m=[0mNibbles("000f0b0a000000000000000000000000000000000000000000000000000000000000000000000000000000000000000000000000000000000000000000000000") [3mbuild_extensions[0m[2m=[0mfalse[1m}[0m[2m:[0m [2mtrie::hash_builder[0m[2m:[0m skipping 3 nibbles
[2m2024-05-07T03:12:15.985788Z[0m [35mTRACE[0m [1mloop[0m[1m{[0m[3mi[0m[2m=[0m0 [3mcurrent[0m[2m=[0mNibbles("000f0b0a000000000000000000000000000000000000000000000000000000000000000000000000000000000000000000000000000000000000000000000000") [3mbuild_extensions[0m[2m=[0mfalse[1m}[0m[2m:[0m [2mtrie::hash_builder[0m[2m:[0m [3mshort_node_key[0m[2m=[0mNibbles("0a000000000000000000000000000000000000000000000000000000000000000000000000000000000000000000000000000000000000000000000000")
[2m2024-05-07T03:12:15.985801Z[0m [35mTRACE[0m [1mloop[0m[1m{[0m[3mi[0m[2m=[0m0 [3mcurrent[0m[2m=[0mNibbles("000f0b0a000000000000000000000000000000000000000000000000000000000000000000000000000000000000000000000000000000000000000000000000") [3mbuild_extensions[0m[2m=[0mfalse[1m}[0m[2m:[0m [2mtrie::hash_builder[0m[2m:[0m pushing leaf node [3mleaf_node[0m[2m=[0mLeafNode { key: "3a000000000000000000000000000000000000000000000000000000000000", value: "01" }
[2m2024-05-07T03:12:15.985832Z[0m [35mTRACE[0m [1mloop[0m[1m{[0m[3mi[0m[2m=[0m0 [3mcurrent[0m[2m=[0mNibbles("000f0b0a000000000000000000000000000000000000000000000000000000000000000000000000000000000000000000000000000000000000000000000000") [3mbuild_extensions[0m[2m=[0mfalse[1m}[0m[2m:[0m [2mtrie::hash_builder[0m[2m:[0m leaf node rlp [3mrlp[0m[2m=[0m"a0cc34652fb72883446ee06955c5dbe319a82a68b857b01a032472ff93bef3be60"
[2m2024-05-07T03:12:15.985882Z[0m [35mTRACE[0m [1mloop[0m[1m{[0m[3mi[0m[2m=[0m0 [3mcurrent[0m[2m=[0mNibbles("000f0b0a000000000000000000000000000000000000000000000000000000000000000000000000000000000000000000000000000000000000000000000000") [3mbuild_extensions[0m[2m=[0mfalse[1m}[0m[2m:[0m [2mtrie::hash_builder[0m[2m:[0m resizing stack to prepare branch node [3mnew_len[0m[2m=[0m0 [3mold_len[0m[2m=[0m2
[2m2024-05-07T03:12:15.985896Z[0m [35mTRACE[0m [1mloop[0m[1m{[0m[3mi[0m[2m=[0m0 [3mcurrent[0m[2m=[0mNibbles("000f0b0a000000000000000000000000000000000000000000000000000000000000000000000000000000000000000000000000000000000000000000000000") [3mbuild_extensions[0m[2m=[0mfalse[1m}[0m[2m:[0m [2mtrie::hash_builder[0m[2m:[0m pushing branch node with TrieMask(0000110000000000) mask from stack
[2m2024-05-07T03:12:15.985904Z[0m [35mTRACE[0m [1mloop[0m[1m{[0m[3mi[0m[2m=[0m0 [3mcurrent[0m[2m=[0mNibbles("000f0b0a000000000000000000000000000000000000000000000000000000000000000000000000000000000000000000000000000000000000000000000000") [3mbuild_extensions[0m[2m=[0mfalse[1m}[0m[2m:[0m [2mtrie::hash_builder[0m[2m:[0m branch node rlp [3mrlp[0m[2m=[0m"a07cc3b6a4ddfc76ae83a44e0b39ee8117a4ce17564ee42241427f75398167a293"
[2m2024-05-07T03:12:15.985914Z[0m [35mTRACE[0m [1mloop[0m[1m{[0m[3mi[0m[2m=[0m0 [3mcurrent[0m[2m=[0mNibbles("000f0b0a000000000000000000000000000000000000000000000000000000000000000000000000000000000000000000000000000000000000000000000000") [3mbuild_extensions[0m[2m=[0mfalse[1m}[0m[2m:[0m [2mtrie::hash_builder[0m[2m:[0m intermediate node [3mnode[0m[2m=[0mBranchNodeCompact { state_mask: TrieMask(0000110000000000), tree_mask: TrieMask(0000010000000000), hash_mask: TrieMask(0000010000000000), hashes: [0x6e3e74ff5fc7ca11f62f34c59e9fd8d8a736a67ba7b96be41042b1285fcd1f81], root_hash: None }
[2m2024-05-07T03:12:15.985925Z[0m [35mTRACE[0m [1mloop[0m[1m{[0m[3mi[0m[2m=[0m0 [3mcurrent[0m[2m=[0mNibbles("000f0b0a000000000000000000000000000000000000000000000000000000000000000000000000000000000000000000000000000000000000000000000000") [3mbuild_extensions[0m[2m=[0mfalse[1m}[0m[2m:[0m [2mtrie::hash_builder[0m[2m:[0m resizing tree/hash masks [3mnew_len[0m[2m=[0m2 [3mold_tree_mask_len[0m[2m=[0m64 [3mold_hash_mask_len[0m[2m=[0m64
[2m2024-05-07T03:12:15.985935Z[0m [35mTRACE[0m [1mloop[0m[1m{[0m[3mi[0m[2m=[0m0 [3mcurrent[0m[2m=[0mNibbles("000f0b0a000000000000000000000000000000000000000000000000000000000000000000000000000000000000000000000000000000000000000000000000") [3mbuild_extensions[0m[2m=[0mfalse[1m}[0m[2m:[0m [2mtrie::hash_builder[0m[2m:[0m truncated nibbles to 2 bytes [3mcurrent[0m[2m=[0mNibbles("000f")
[2m2024-05-07T03:12:15.985944Z[0m [35mTRACE[0m [1mloop[0m[1m{[0m[3mi[0m[2m=[0m0 [3mcurrent[0m[2m=[0mNibbles("000f0b0a000000000000000000000000000000000000000000000000000000000000000000000000000000000000000000000000000000000000000000000000") [3mbuild_extensions[0m[2m=[0mfalse[1m}[0m[2m:[0m [2mtrie::hash_builder[0m[2m:[0m popping empty state masks [3mgroups[0m[2m=[0m[TrieMask(0000000000000000), TrieMask(0000000000000000)]
[2m2024-05-07T03:12:15.985963Z[0m [35mTRACE[0m [1mloop[0m[1m{[0m[3mi[0m[2m=[0m1 [3mcurrent[0m[2m=[0mNibbles("000f") [3mbuild_extensions[0m[2m=[0mtrue[1m}[0m[2m:[0m [2mtrie::hash_builder[0m[2m:[0m prefix lengths after comparing keys [3mlen[0m[2m=[0m0 [3mcommon_prefix_len[0m[2m=[0m0 [3mpreceding_len[0m[2m=[0m0 [3mpreceding_exists[0m[2m=[0mfalse
[2m2024-05-07T03:12:15.985974Z[0m [35mTRACE[0m [1mloop[0m[1m{[0m[3mi[0m[2m=[0m1 [3mcurrent[0m[2m=[0mNibbles("000f") [3mbuild_extensions[0m[2m=[0mtrue[1m}[0m[2m:[0m [2mtrie::hash_builder[0m[2m:[0m scaling state masks to fit [3mnew_len[0m[2m=[0m1 [3mold_len[0m[2m=[0m0
[2m2024-05-07T03:12:15.985983Z[0m [35mTRACE[0m [1mloop[0m[1m{[0m[3mi[0m[2m=[0m1 [3mcurrent[0m[2m=[0mNibbles("000f") [3mbuild_extensions[0m[2m=[0mtrue[1m}[0m[2m:[0m [2mtrie::hash_builder[0m[2m:[0m [3mextra_digit[0m[2m=[0m0 [3mgroups[0m[2m=[0m[TrieMask(0000000000000001)]
[2m2024-05-07T03:12:15.985992Z[0m [35mTRACE[0m [1mloop[0m[1m{[0m[3mi[0m[2m=[0m1 [3mcurrent[0m[2m=[0mNibbles("000f") [3mbuild_extensions[0m[2m=[0mtrue[1m}[0m[2m:[0m [2mtrie::hash_builder[0m[2m:[0m skipping 0 nibbles
[2m2024-05-07T03:12:15.986005Z[0m [35mTRACE[0m [1mloop[0m[1m{[0m[3mi[0m[2m=[0m1 [3mcurrent[0m[2m=[0mNibbles("000f") [3mbuild_extensions[0m[2m=[0mtrue[1m}[0m[2m:[0m [2mtrie::hash_builder[0m[2m:[0m [3mshort_node_key[0m[2m=[0mNibbles("000f")
[2m2024-05-07T03:12:15.986015Z[0m [35mTRACE[0m [1mloop[0m[1m{[0m[3mi[0m[2m=[0m1 [3mcurrent[0m[2m=[0mNibbles("000f") [3mbuild_extensions[0m[2m=[0mtrue[1m}[0m[2m:[0m [2mtrie::hash_builder[0m[2m:[0m pushing extension node [3mextension_node[0m[2m=[0mExtensionNode { prefix: "000f", node: "a07cc3b6a4ddfc76ae83a44e0b39ee8117a4ce17564ee42241427f75398167a293" }
[2m2024-05-07T03:12:15.986047Z[0m [35mTRACE[0m [1mloop[0m[1m{[0m[3mi[0m[2m=[0m1 [3mcurrent[0m[2m=[0mNibbles("000f") [3mbuild_extensions[0m[2m=[0mtrue[1m}[0m[2m:[0m [2mtrie::hash_builder[0m[2m:[0m extension node rlp [3mrlp[0m[2m=[0m"a0262cd61ad4821504938e6554e08db1188394f1767414aa75f907926c04053c30"
[2m2024-05-07T03:12:15.986077Z[0m [35mTRACE[0m [1mloop[0m[1m{[0m[3mi[0m[2m=[0m1 [3mcurrent[0m[2m=[0mNibbles("000f") [3mbuild_extensions[0m[2m=[0mtrue[1m}[0m[2m:[0m [2mtrie::hash_builder[0m[2m:[0m resizing tree/hash masks [3mnew_len[0m[2m=[0m0 [3mold_tree_mask_len[0m[2m=[0m2 [3mold_hash_mask_len[0m[2m=[0m2
[2m2024-05-07T03:12:15.986088Z[0m [35mTRACE[0m [1mloop[0m[1m{[0m[3mi[0m[2m=[0m1 [3mcurrent[0m[2m=[0mNibbles("000f") [3mbuild_extensions[0m[2m=[0mtrue[1m}[0m[2m:[0m [2mtrie::hash_builder[0m[2m:[0m resizing tree/hash masks [3mnew_len[0m[2m=[0m0 [3mold_tree_mask_len[0m[2m=[0m0 [3mold_hash_mask_len[0m[2m=[0m0
[2m2024-05-07T03:12:15.986098Z[0m [35mTRACE[0m [1mloop[0m[1m{[0m[3mi[0m[2m=[0m1 [3mcurrent[0m[2m=[0mNibbles("000f") [3mbuild_extensions[0m[2m=[0mtrue[1m}[0m[2m:[0m [2mtrie::hash_builder[0m[2m:[0m 0 or 1 state masks means we have no more elements to process
Walker Updates: TrieUpdates {
    trie_operations: {},
}
Hash Builder Updates: {
    Nibbles(
        "000f",
    ): BranchNodeCompact {
        state_mask: TrieMask(0000110000000000),
        tree_mask: TrieMask(0000010000000000),
        hash_mask: TrieMask(0000010000000000),
        hashes: [
            0x6e3e74ff5fc7ca11f62f34c59e9fd8d8a736a67ba7b96be41042b1285fcd1f81,
        ],
        root_hash: None,
    },
    Nibbles(
        "000f0a",
    ): BranchNodeCompact {
        state_mask: TrieMask(0000110000000000),
        tree_mask: TrieMask(0000000000000000),
        hash_mask: TrieMask(0000010000000000),
        hashes: [
            0xb34f450ed88ff0b44dedcaa3b45173b58d37be7ac83e30b6aa33791ee1b51198,
        ],
        root_hash: None,
    },
}
[2m2024-05-07T03:12:15.986183Z[0m [35mTRACE[0m [2mtrie::storage_root[0m[2m:[0m calculated storage root [3mroot[0m[2m=[0m0x262cd61ad4821504938e6554e08db1188394f1767414aa75f907926c04053c30 [3mhashed_address[0m[2m=[0m0x5380c7b7ae81a58eb98d9c78de4a1fd7fd9535fc953ed2be602daaa41767312a [3mduration[0m[2m=[0m1.648917ms [3mbranches_added[0m[2m=[0m0 [3mleaves_added[0m[2m=[0m4
Block #1 Storage Root: 0x262cd61ad4821504938e6554e08db1188394f1767414aa75f907926c04053c30
Block #1 Updates: TrieUpdates {
    trie_operations: {
        StorageNode(
            0x5380c7b7ae81a58eb98d9c78de4a1fd7fd9535fc953ed2be602daaa41767312a,
            StoredNibblesSubKey(
                Nibbles(
                    "000f0a",
                ),
            ),
        ): Update(
            BranchNodeCompact {
                state_mask: TrieMask(0000110000000000),
                tree_mask: TrieMask(0000000000000000),
                hash_mask: TrieMask(0000010000000000),
                hashes: [
                    0xb34f450ed88ff0b44dedcaa3b45173b58d37be7ac83e30b6aa33791ee1b51198,
                ],
                root_hash: None,
            },
        ),
        StorageNode(
            0x5380c7b7ae81a58eb98d9c78de4a1fd7fd9535fc953ed2be602daaa41767312a,
            StoredNibblesSubKey(
                Nibbles(
                    "000f",
                ),
            ),
        ): Update(
            BranchNodeCompact {
                state_mask: TrieMask(0000110000000000),
                tree_mask: TrieMask(0000010000000000),
                hash_mask: TrieMask(0000010000000000),
                hashes: [
                    0x6e3e74ff5fc7ca11f62f34c59e9fd8d8a736a67ba7b96be41042b1285fcd1f81,
                ],
                root_hash: None,
            },
        ),
    },
}
Flush Key: StorageNode(0x5380c7b7ae81a58eb98d9c78de4a1fd7fd9535fc953ed2be602daaa41767312a, StoredNibblesSubKey(Nibbles("000f"))), Operation: Update(BranchNodeCompact { state_mask: TrieMask(0000110000000000), tree_mask: TrieMask(0000010000000000), hash_mask: TrieMask(0000010000000000), hashes: [0x6e3e74ff5fc7ca11f62f34c59e9fd8d8a736a67ba7b96be41042b1285fcd1f81], root_hash: None })
Flush Key: StorageNode(0x5380c7b7ae81a58eb98d9c78de4a1fd7fd9535fc953ed2be602daaa41767312a, StoredNibblesSubKey(Nibbles("000f0a"))), Operation: Update(BranchNodeCompact { state_mask: TrieMask(0000110000000000), tree_mask: TrieMask(0000000000000000), hash_mask: TrieMask(0000010000000000), hashes: [0xb34f450ed88ff0b44dedcaa3b45173b58d37be7ac83e30b6aa33791ee1b51198], root_hash: None })
[2m2024-05-07T03:12:15.986787Z[0m [35mTRACE[0m [2mtrie::storage_root[0m[2m:[0m calculating storage root [3mhashed_address[0m[2m=[0m0x5380c7b7ae81a58eb98d9c78de4a1fd7fd9535fc953ed2be602daaa41767312a
NodeIter Key: Nibbles(
    "",
)
NodeIter Seek Key: 0x0000000000000000000000000000000000000000000000000000000000000000
NodeIter Hashed Entry: None
Storage Node: Leaf(
    0x0faa000000000000000000000000000000000000000000000000000000000000,
    0x0000000000000000000000000000000000000000000000000000000000000001_U256,
)
[2m2024-05-07T03:12:15.986839Z[0m [35mTRACE[0m [2mtrie::hash_builder[0m[2m:[0m old key/value [3mkey[0m[2m=[0mNibbles("") [3mvalue[0m[2m=[0mBytes("")
[2m2024-05-07T03:12:15.986849Z[0m [35mTRACE[0m [2mtrie::hash_builder[0m[2m:[0m new key/value [3mkey[0m[2m=[0mNibbles("000f0a0a000000000000000000000000000000000000000000000000000000000000000000000000000000000000000000000000000000000000000000000000") [3mvalue[0m[2m=[0mBytes("01")
NodeIter Hashed Entry: None
Storage Node: Leaf(
    0x0faaa00000000000000000000000000000000000000000000000000000000000,
    0x0000000000000000000000000000000000000000000000000000000000000001_U256,
)
[2m2024-05-07T03:12:15.986872Z[0m [35mTRACE[0m [2mtrie::hash_builder[0m[2m:[0m updating merkle tree [3mcurrent[0m[2m=[0mNibbles("000f0a0a000000000000000000000000000000000000000000000000000000000000000000000000000000000000000000000000000000000000000000000000") [3msucceeding[0m[2m=[0mNibbles("000f0a0a0a0000000000000000000000000000000000000000000000000000000000000000000000000000000000000000000000000000000000000000000000")
[2m2024-05-07T03:12:15.986898Z[0m [35mTRACE[0m [1mloop[0m[1m{[0m[3mi[0m[2m=[0m0 [3mcurrent[0m[2m=[0mNibbles("000f0a0a000000000000000000000000000000000000000000000000000000000000000000000000000000000000000000000000000000000000000000000000") [3mbuild_extensions[0m[2m=[0mfalse[1m}[0m[2m:[0m [2mtrie::hash_builder[0m[2m:[0m prefix lengths after comparing keys [3mlen[0m[2m=[0m4 [3mcommon_prefix_len[0m[2m=[0m4 [3mpreceding_len[0m[2m=[0m0 [3mpreceding_exists[0m[2m=[0mfalse
[2m2024-05-07T03:12:15.986911Z[0m [35mTRACE[0m [1mloop[0m[1m{[0m[3mi[0m[2m=[0m0 [3mcurrent[0m[2m=[0mNibbles("000f0a0a000000000000000000000000000000000000000000000000000000000000000000000000000000000000000000000000000000000000000000000000") [3mbuild_extensions[0m[2m=[0mfalse[1m}[0m[2m:[0m [2mtrie::hash_builder[0m[2m:[0m scaling state masks to fit [3mnew_len[0m[2m=[0m5 [3mold_len[0m[2m=[0m0
[2m2024-05-07T03:12:15.986922Z[0m [35mTRACE[0m [1mloop[0m[1m{[0m[3mi[0m[2m=[0m0 [3mcurrent[0m[2m=[0mNibbles("000f0a0a000000000000000000000000000000000000000000000000000000000000000000000000000000000000000000000000000000000000000000000000") [3mbuild_extensions[0m[2m=[0mfalse[1m}[0m[2m:[0m [2mtrie::hash_builder[0m[2m:[0m [3mextra_digit[0m[2m=[0m0 [3mgroups[0m[2m=[0m[TrieMask(0000000000000000), TrieMask(0000000000000000), TrieMask(0000000000000000), TrieMask(0000000000000000), TrieMask(0000000000000001)]
[2m2024-05-07T03:12:15.986940Z[0m [35mTRACE[0m [1mloop[0m[1m{[0m[3mi[0m[2m=[0m0 [3mcurrent[0m[2m=[0mNibbles("000f0a0a000000000000000000000000000000000000000000000000000000000000000000000000000000000000000000000000000000000000000000000000") [3mbuild_extensions[0m[2m=[0mfalse[1m}[0m[2m:[0m [2mtrie::hash_builder[0m[2m:[0m resizing tree/hash masks [3mnew_len[0m[2m=[0m64 [3mold_tree_mask_len[0m[2m=[0m0 [3mold_hash_mask_len[0m[2m=[0m0
[2m2024-05-07T03:12:15.986952Z[0m [35mTRACE[0m [1mloop[0m[1m{[0m[3mi[0m[2m=[0m0 [3mcurrent[0m[2m=[0mNibbles("000f0a0a000000000000000000000000000000000000000000000000000000000000000000000000000000000000000000000000000000000000000000000000") [3mbuild_extensions[0m[2m=[0mfalse[1m}[0m[2m:[0m [2mtrie::hash_builder[0m[2m:[0m skipping 5 nibbles
[2m2024-05-07T03:12:15.986961Z[0m [35mTRACE[0m [1mloop[0m[1m{[0m[3mi[0m[2m=[0m0 [3mcurrent[0m[2m=[0mNibbles("000f0a0a000000000000000000000000000000000000000000000000000000000000000000000000000000000000000000000000000000000000000000000000") [3mbuild_extensions[0m[2m=[0mfalse[1m}[0m[2m:[0m [2mtrie::hash_builder[0m[2m:[0m [3mshort_node_key[0m[2m=[0mNibbles("0000000000000000000000000000000000000000000000000000000000000000000000000000000000000000000000000000000000000000000000")
[2m2024-05-07T03:12:15.986975Z[0m [35mTRACE[0m [1mloop[0m[1m{[0m[3mi[0m[2m=[0m0 [3mcurrent[0m[2m=[0mNibbles("000f0a0a000000000000000000000000000000000000000000000000000000000000000000000000000000000000000000000000000000000000000000000000") [3mbuild_extensions[0m[2m=[0mfalse[1m}[0m[2m:[0m [2mtrie::hash_builder[0m[2m:[0m pushing leaf node [3mleaf_node[0m[2m=[0mLeafNode { key: "300000000000000000000000000000000000000000000000000000000000", value: "01" }
[2m2024-05-07T03:12:15.987009Z[0m [35mTRACE[0m [1mloop[0m[1m{[0m[3mi[0m[2m=[0m0 [3mcurrent[0m[2m=[0mNibbles("000f0a0a000000000000000000000000000000000000000000000000000000000000000000000000000000000000000000000000000000000000000000000000") [3mbuild_extensions[0m[2m=[0mfalse[1m}[0m[2m:[0m [2mtrie::hash_builder[0m[2m:[0m leaf node rlp [3mrlp[0m[2m=[0m"a0ee9f09021cbd429f2069700656987ccf03aff5f649ba9fc0ced0e09b78d6c94d"
[2m2024-05-07T03:12:15.987041Z[0m [35mTRACE[0m [1mloop[0m[1m{[0m[3mi[0m[2m=[0m0 [3mcurrent[0m[2m=[0mNibbles("000f0a0a000000000000000000000000000000000000000000000000000000000000000000000000000000000000000000000000000000000000000000000000") [3mbuild_extensions[0m[2m=[0mfalse[1m}[0m[2m:[0m [2mtrie::hash_builder[0m[2m:[0m no common prefix to create branch nodes from, returning
[2m2024-05-07T03:12:15.987056Z[0m [35mTRACE[0m [2mtrie::hash_builder[0m[2m:[0m old key/value [3mkey[0m[2m=[0mNibbles("000f0a0a000000000000000000000000000000000000000000000000000000000000000000000000000000000000000000000000000000000000000000000000") [3mvalue[0m[2m=[0mBytes("01")
[2m2024-05-07T03:12:15.987067Z[0m [35mTRACE[0m [2mtrie::hash_builder[0m[2m:[0m new key/value [3mkey[0m[2m=[0mNibbles("000f0a0a0a0000000000000000000000000000000000000000000000000000000000000000000000000000000000000000000000000000000000000000000000") [3mvalue[0m[2m=[0mBytes("01")
NodeIter Hashed Entry: None
Storage Node: Leaf(
    0x0fba000000000000000000000000000000000000000000000000000000000000,
    0x0000000000000000000000000000000000000000000000000000000000000001_U256,
)
[2m2024-05-07T03:12:15.987105Z[0m [35mTRACE[0m [2mtrie::hash_builder[0m[2m:[0m updating merkle tree [3mcurrent[0m[2m=[0mNibbles("000f0a0a0a0000000000000000000000000000000000000000000000000000000000000000000000000000000000000000000000000000000000000000000000") [3msucceeding[0m[2m=[0mNibbles("000f0b0a000000000000000000000000000000000000000000000000000000000000000000000000000000000000000000000000000000000000000000000000")
[2m2024-05-07T03:12:15.987137Z[0m [35mTRACE[0m [1mloop[0m[1m{[0m[3mi[0m[2m=[0m0 [3mcurrent[0m[2m=[0mNibbles("000f0a0a0a0000000000000000000000000000000000000000000000000000000000000000000000000000000000000000000000000000000000000000000000") [3mbuild_extensions[0m[2m=[0mfalse[1m}[0m[2m:[0m [2mtrie::hash_builder[0m[2m:[0m prefix lengths after comparing keys [3mlen[0m[2m=[0m4 [3mcommon_prefix_len[0m[2m=[0m2 [3mpreceding_len[0m[2m=[0m4 [3mpreceding_exists[0m[2m=[0mtrue
[2m2024-05-07T03:12:15.987149Z[0m [35mTRACE[0m [1mloop[0m[1m{[0m[3mi[0m[2m=[0m0 [3mcurrent[0m[2m=[0mNibbles("000f0a0a0a0000000000000000000000000000000000000000000000000000000000000000000000000000000000000000000000000000000000000000000000") [3mbuild_extensions[0m[2m=[0mfalse[1m}[0m[2m:[0m [2mtrie::hash_builder[0m[2m:[0m [3mextra_digit[0m[2m=[0m10 [3mgroups[0m[2m=[0m[TrieMask(0000000000000000), TrieMask(0000000000000000), TrieMask(0000000000000000), TrieMask(0000000000000000), TrieMask(0000010000000001)]
[2m2024-05-07T03:12:15.987160Z[0m [35mTRACE[0m [1mloop[0m[1m{[0m[3mi[0m[2m=[0m0 [3mcurrent[0m[2m=[0mNibbles("000f0a0a0a0000000000000000000000000000000000000000000000000000000000000000000000000000000000000000000000000000000000000000000000") [3mbuild_extensions[0m[2m=[0mfalse[1m}[0m[2m:[0m [2mtrie::hash_builder[0m[2m:[0m skipping 5 nibbles
[2m2024-05-07T03:12:15.987168Z[0m [35mTRACE[0m [1mloop[0m[1m{[0m[3mi[0m[2m=[0m0 [3mcurrent[0m[2m=[0mNibbles("000f0a0a0a0000000000000000000000000000000000000000000000000000000000000000000000000000000000000000000000000000000000000000000000") [3mbuild_extensions[0m[2m=[0mfalse[1m}[0m[2m:[0m [2mtrie::hash_builder[0m[2m:[0m [3mshort_node_key[0m[2m=[0mNibbles("0000000000000000000000000000000000000000000000000000000000000000000000000000000000000000000000000000000000000000000000")
[2m2024-05-07T03:12:15.987183Z[0m [35mTRACE[0m [1mloop[0m[1m{[0m[3mi[0m[2m=[0m0 [3mcurrent[0m[2m=[0mNibbles("000f0a0a0a0000000000000000000000000000000000000000000000000000000000000000000000000000000000000000000000000000000000000000000000") [3mbuild_extensions[0m[2m=[0mfalse[1m}[0m[2m:[0m [2mtrie::hash_builder[0m[2m:[0m pushing leaf node [3mleaf_node[0m[2m=[0mLeafNode { key: "300000000000000000000000000000000000000000000000000000000000", value: "01" }
[2m2024-05-07T03:12:15.987220Z[0m [35mTRACE[0m [1mloop[0m[1m{[0m[3mi[0m[2m=[0m0 [3mcurrent[0m[2m=[0mNibbles("000f0a0a0a0000000000000000000000000000000000000000000000000000000000000000000000000000000000000000000000000000000000000000000000") [3mbuild_extensions[0m[2m=[0mfalse[1m}[0m[2m:[0m [2mtrie::hash_builder[0m[2m:[0m leaf node rlp [3mrlp[0m[2m=[0m"a0ee9f09021cbd429f2069700656987ccf03aff5f649ba9fc0ced0e09b78d6c94d"
[2m2024-05-07T03:12:15.987273Z[0m [35mTRACE[0m [1mloop[0m[1m{[0m[3mi[0m[2m=[0m0 [3mcurrent[0m[2m=[0mNibbles("000f0a0a0a0000000000000000000000000000000000000000000000000000000000000000000000000000000000000000000000000000000000000000000000") [3mbuild_extensions[0m[2m=[0mfalse[1m}[0m[2m:[0m [2mtrie::hash_builder[0m[2m:[0m resizing stack to prepare branch node [3mnew_len[0m[2m=[0m0 [3mold_len[0m[2m=[0m2
[2m2024-05-07T03:12:15.987285Z[0m [35mTRACE[0m [1mloop[0m[1m{[0m[3mi[0m[2m=[0m0 [3mcurrent[0m[2m=[0mNibbles("000f0a0a0a0000000000000000000000000000000000000000000000000000000000000000000000000000000000000000000000000000000000000000000000") [3mbuild_extensions[0m[2m=[0mfalse[1m}[0m[2m:[0m [2mtrie::hash_builder[0m[2m:[0m pushing branch node with TrieMask(0000010000000001) mask from stack
[2m2024-05-07T03:12:15.987293Z[0m [35mTRACE[0m [1mloop[0m[1m{[0m[3mi[0m[2m=[0m0 [3mcurrent[0m[2m=[0mNibbles("000f0a0a0a0000000000000000000000000000000000000000000000000000000000000000000000000000000000000000000000000000000000000000000000") [3mbuild_extensions[0m[2m=[0mfalse[1m}[0m[2m:[0m [2mtrie::hash_builder[0m[2m:[0m branch node rlp [3mrlp[0m[2m=[0m"a0b34f450ed88ff0b44dedcaa3b45173b58d37be7ac83e30b6aa33791ee1b51198"
[2m2024-05-07T03:12:15.987311Z[0m [35mTRACE[0m [1mloop[0m[1m{[0m[3mi[0m[2m=[0m0 [3mcurrent[0m[2m=[0mNibbles("000f0a0a0a0000000000000000000000000000000000000000000000000000000000000000000000000000000000000000000000000000000000000000000000") [3mbuild_extensions[0m[2m=[0mfalse[1m}[0m[2m:[0m [2mtrie::hash_builder[0m[2m:[0m resizing tree/hash masks [3mnew_len[0m[2m=[0m4 [3mold_tree_mask_len[0m[2m=[0m64 [3mold_hash_mask_len[0m[2m=[0m64
[2m2024-05-07T03:12:15.987322Z[0m [35mTRACE[0m [1mloop[0m[1m{[0m[3mi[0m[2m=[0m0 [3mcurrent[0m[2m=[0mNibbles("000f0a0a0a0000000000000000000000000000000000000000000000000000000000000000000000000000000000000000000000000000000000000000000000") [3mbuild_extensions[0m[2m=[0mfalse[1m}[0m[2m:[0m [2mtrie::hash_builder[0m[2m:[0m truncated nibbles to 4 bytes [3mcurrent[0m[2m=[0mNibbles("000f0a0a")
[2m2024-05-07T03:12:15.987332Z[0m [35mTRACE[0m [1mloop[0m[1m{[0m[3mi[0m[2m=[0m0 [3mcurrent[0m[2m=[0mNibbles("000f0a0a0a0000000000000000000000000000000000000000000000000000000000000000000000000000000000000000000000000000000000000000000000") [3mbuild_extensions[0m[2m=[0mfalse[1m}[0m[2m:[0m [2mtrie::hash_builder[0m[2m:[0m popping empty state masks [3mgroups[0m[2m=[0m[TrieMask(0000000000000000), TrieMask(0000000000000000), TrieMask(0000000000000000), TrieMask(0000000000000000)]
[2m2024-05-07T03:12:15.987355Z[0m [35mTRACE[0m [1mloop[0m[1m{[0m[3mi[0m[2m=[0m1 [3mcurrent[0m[2m=[0mNibbles("000f0a0a") [3mbuild_extensions[0m[2m=[0mtrue[1m}[0m[2m:[0m [2mtrie::hash_builder[0m[2m:[0m prefix lengths after comparing keys [3mlen[0m[2m=[0m2 [3mcommon_prefix_len[0m[2m=[0m2 [3mpreceding_len[0m[2m=[0m0 [3mpreceding_exists[0m[2m=[0mfalse
[2m2024-05-07T03:12:15.987367Z[0m [35mTRACE[0m [1mloop[0m[1m{[0m[3mi[0m[2m=[0m1 [3mcurrent[0m[2m=[0mNibbles("000f0a0a") [3mbuild_extensions[0m[2m=[0mtrue[1m}[0m[2m:[0m [2mtrie::hash_builder[0m[2m:[0m scaling state masks to fit [3mnew_len[0m[2m=[0m3 [3mold_len[0m[2m=[0m0
[2m2024-05-07T03:12:15.987376Z[0m [35mTRACE[0m [1mloop[0m[1m{[0m[3mi[0m[2m=[0m1 [3mcurrent[0m[2m=[0mNibbles("000f0a0a") [3mbuild_extensions[0m[2m=[0mtrue[1m}[0m[2m:[0m [2mtrie::hash_builder[0m[2m:[0m [3mextra_digit[0m[2m=[0m10 [3mgroups[0m[2m=[0m[TrieMask(0000000000000000), TrieMask(0000000000000000), TrieMask(0000010000000000)]
[2m2024-05-07T03:12:15.987386Z[0m [35mTRACE[0m [1mloop[0m[1m{[0m[3mi[0m[2m=[0m1 [3mcurrent[0m[2m=[0mNibbles("000f0a0a") [3mbuild_extensions[0m[2m=[0mtrue[1m}[0m[2m:[0m [2mtrie::hash_builder[0m[2m:[0m skipping 3 nibbles
[2m2024-05-07T03:12:15.987394Z[0m [35mTRACE[0m [1mloop[0m[1m{[0m[3mi[0m[2m=[0m1 [3mcurrent[0m[2m=[0mNibbles("000f0a0a") [3mbuild_extensions[0m[2m=[0mtrue[1m}[0m[2m:[0m [2mtrie::hash_builder[0m[2m:[0m [3mshort_node_key[0m[2m=[0mNibbles("0a")
[2m2024-05-07T03:12:15.987404Z[0m [35mTRACE[0m [1mloop[0m[1m{[0m[3mi[0m[2m=[0m1 [3mcurrent[0m[2m=[0mNibbles("000f0a0a") [3mbuild_extensions[0m[2m=[0mtrue[1m}[0m[2m:[0m [2mtrie::hash_builder[0m[2m:[0m pushing extension node [3mextension_node[0m[2m=[0mExtensionNode { prefix: "1a", node: "a0b34f450ed88ff0b44dedcaa3b45173b58d37be7ac83e30b6aa33791ee1b51198" }
[2m2024-05-07T03:12:15.987435Z[0m [35mTRACE[0m [1mloop[0m[1m{[0m[3mi[0m[2m=[0m1 [3mcurrent[0m[2m=[0mNibbles("000f0a0a") [3mbuild_extensions[0m[2m=[0mtrue[1m}[0m[2m:[0m [2mtrie::hash_builder[0m[2m:[0m extension node rlp [3mrlp[0m[2m=[0m"a09cd4a6b74435d12eeac94710897f274d05d9db983b7c3533157c3bc59919cb06"
[2m2024-05-07T03:12:15.987465Z[0m [35mTRACE[0m [1mloop[0m[1m{[0m[3mi[0m[2m=[0m1 [3mcurrent[0m[2m=[0mNibbles("000f0a0a") [3mbuild_extensions[0m[2m=[0mtrue[1m}[0m[2m:[0m [2mtrie::hash_builder[0m[2m:[0m resizing tree/hash masks [3mnew_len[0m[2m=[0m3 [3mold_tree_mask_len[0m[2m=[0m4 [3mold_hash_mask_len[0m[2m=[0m4
[2m2024-05-07T03:12:15.987481Z[0m [35mTRACE[0m [1mloop[0m[1m{[0m[3mi[0m[2m=[0m1 [3mcurrent[0m[2m=[0mNibbles("000f0a0a") [3mbuild_extensions[0m[2m=[0mtrue[1m}[0m[2m:[0m [2mtrie::hash_builder[0m[2m:[0m no common prefix to create branch nodes from, returning
[2m2024-05-07T03:12:15.987493Z[0m [35mTRACE[0m [2mtrie::hash_builder[0m[2m:[0m old key/value [3mkey[0m[2m=[0mNibbles("000f0a0a0a0000000000000000000000000000000000000000000000000000000000000000000000000000000000000000000000000000000000000000000000") [3mvalue[0m[2m=[0mBytes("01")
[2m2024-05-07T03:12:15.987502Z[0m [35mTRACE[0m [2mtrie::hash_builder[0m[2m:[0m new key/value [3mkey[0m[2m=[0mNibbles("000f0b0a000000000000000000000000000000000000000000000000000000000000000000000000000000000000000000000000000000000000000000000000") [3mvalue[0m[2m=[0mBytes("01")
[2m2024-05-07T03:12:15.987511Z[0m [35mTRACE[0m [2mtrie::hash_builder[0m[2m:[0m updating merkle tree [3mcurrent[0m[2m=[0mNibbles("000f0b0a000000000000000000000000000000000000000000000000000000000000000000000000000000000000000000000000000000000000000000000000") [3msucceeding[0m[2m=[0mNibbles("")
[2m2024-05-07T03:12:15.987530Z[0m [35mTRACE[0m [1mloop[0m[1m{[0m[3mi[0m[2m=[0m0 [3mcurrent[0m[2m=[0mNibbles("000f0b0a000000000000000000000000000000000000000000000000000000000000000000000000000000000000000000000000000000000000000000000000") [3mbuild_extensions[0m[2m=[0mfalse[1m}[0m[2m:[0m [2mtrie::hash_builder[0m[2m:[0m prefix lengths after comparing keys [3mlen[0m[2m=[0m2 [3mcommon_prefix_len[0m[2m=[0m0 [3mpreceding_len[0m[2m=[0m2 [3mpreceding_exists[0m[2m=[0mtrue
[2m2024-05-07T03:12:15.987541Z[0m [35mTRACE[0m [1mloop[0m[1m{[0m[3mi[0m[2m=[0m0 [3mcurrent[0m[2m=[0mNibbles("000f0b0a000000000000000000000000000000000000000000000000000000000000000000000000000000000000000000000000000000000000000000000000") [3mbuild_extensions[0m[2m=[0mfalse[1m}[0m[2m:[0m [2mtrie::hash_builder[0m[2m:[0m [3mextra_digit[0m[2m=[0m11 [3mgroups[0m[2m=[0m[TrieMask(0000000000000000), TrieMask(0000000000000000), TrieMask(0000110000000000)]
[2m2024-05-07T03:12:15.987550Z[0m [35mTRACE[0m [1mloop[0m[1m{[0m[3mi[0m[2m=[0m0 [3mcurrent[0m[2m=[0mNibbles("000f0b0a000000000000000000000000000000000000000000000000000000000000000000000000000000000000000000000000000000000000000000000000") [3mbuild_extensions[0m[2m=[0mfalse[1m}[0m[2m:[0m [2mtrie::hash_builder[0m[2m:[0m resizing tree/hash masks [3mnew_len[0m[2m=[0m64 [3mold_tree_mask_len[0m[2m=[0m3 [3mold_hash_mask_len[0m[2m=[0m3
[2m2024-05-07T03:12:15.987561Z[0m [35mTRACE[0m [1mloop[0m[1m{[0m[3mi[0m[2m=[0m0 [3mcurrent[0m[2m=[0mNibbles("000f0b0a000000000000000000000000000000000000000000000000000000000000000000000000000000000000000000000000000000000000000000000000") [3mbuild_extensions[0m[2m=[0mfalse[1m}[0m[2m:[0m [2mtrie::hash_builder[0m[2m:[0m skipping 3 nibbles
[2m2024-05-07T03:12:15.987568Z[0m [35mTRACE[0m [1mloop[0m[1m{[0m[3mi[0m[2m=[0m0 [3mcurrent[0m[2m=[0mNibbles("000f0b0a000000000000000000000000000000000000000000000000000000000000000000000000000000000000000000000000000000000000000000000000") [3mbuild_extensions[0m[2m=[0mfalse[1m}[0m[2m:[0m [2mtrie::hash_builder[0m[2m:[0m [3mshort_node_key[0m[2m=[0mNibbles("0a000000000000000000000000000000000000000000000000000000000000000000000000000000000000000000000000000000000000000000000000")
[2m2024-05-07T03:12:15.987581Z[0m [35mTRACE[0m [1mloop[0m[1m{[0m[3mi[0m[2m=[0m0 [3mcurrent[0m[2m=[0mNibbles("000f0b0a000000000000000000000000000000000000000000000000000000000000000000000000000000000000000000000000000000000000000000000000") [3mbuild_extensions[0m[2m=[0mfalse[1m}[0m[2m:[0m [2mtrie::hash_builder[0m[2m:[0m pushing leaf node [3mleaf_node[0m[2m=[0mLeafNode { key: "3a000000000000000000000000000000000000000000000000000000000000", value: "01" }
[2m2024-05-07T03:12:15.987617Z[0m [35mTRACE[0m [1mloop[0m[1m{[0m[3mi[0m[2m=[0m0 [3mcurrent[0m[2m=[0mNibbles("000f0b0a000000000000000000000000000000000000000000000000000000000000000000000000000000000000000000000000000000000000000000000000") [3mbuild_extensions[0m[2m=[0mfalse[1m}[0m[2m:[0m [2mtrie::hash_builder[0m[2m:[0m leaf node rlp [3mrlp[0m[2m=[0m"a0cc34652fb72883446ee06955c5dbe319a82a68b857b01a032472ff93bef3be60"
[2m2024-05-07T03:12:15.987667Z[0m [35mTRACE[0m [1mloop[0m[1m{[0m[3mi[0m[2m=[0m0 [3mcurrent[0m[2m=[0mNibbles("000f0b0a000000000000000000000000000000000000000000000000000000000000000000000000000000000000000000000000000000000000000000000000") [3mbuild_extensions[0m[2m=[0mfalse[1m}[0m[2m:[0m [2mtrie::hash_builder[0m[2m:[0m resizing stack to prepare branch node [3mnew_len[0m[2m=[0m0 [3mold_len[0m[2m=[0m2
[2m2024-05-07T03:12:15.987678Z[0m [35mTRACE[0m [1mloop[0m[1m{[0m[3mi[0m[2m=[0m0 [3mcurrent[0m[2m=[0mNibbles("000f0b0a000000000000000000000000000000000000000000000000000000000000000000000000000000000000000000000000000000000000000000000000") [3mbuild_extensions[0m[2m=[0mfalse[1m}[0m[2m:[0m [2mtrie::hash_builder[0m[2m:[0m pushing branch node with TrieMask(0000110000000000) mask from stack
[2m2024-05-07T03:12:15.987686Z[0m [35mTRACE[0m [1mloop[0m[1m{[0m[3mi[0m[2m=[0m0 [3mcurrent[0m[2m=[0mNibbles("000f0b0a000000000000000000000000000000000000000000000000000000000000000000000000000000000000000000000000000000000000000000000000") [3mbuild_extensions[0m[2m=[0mfalse[1m}[0m[2m:[0m [2mtrie::hash_builder[0m[2m:[0m branch node rlp [3mrlp[0m[2m=[0m"a0964c48f20c07766edac226f6d31b91bc6a795b46a525c99c64fd6d0d5f68834b"
[2m2024-05-07T03:12:15.987696Z[0m [35mTRACE[0m [1mloop[0m[1m{[0m[3mi[0m[2m=[0m0 [3mcurrent[0m[2m=[0mNibbles("000f0b0a000000000000000000000000000000000000000000000000000000000000000000000000000000000000000000000000000000000000000000000000") [3mbuild_extensions[0m[2m=[0mfalse[1m}[0m[2m:[0m [2mtrie::hash_builder[0m[2m:[0m resizing tree/hash masks [3mnew_len[0m[2m=[0m2 [3mold_tree_mask_len[0m[2m=[0m64 [3mold_hash_mask_len[0m[2m=[0m64
[2m2024-05-07T03:12:15.987706Z[0m [35mTRACE[0m [1mloop[0m[1m{[0m[3mi[0m[2m=[0m0 [3mcurrent[0m[2m=[0mNibbles("000f0b0a000000000000000000000000000000000000000000000000000000000000000000000000000000000000000000000000000000000000000000000000") [3mbuild_extensions[0m[2m=[0mfalse[1m}[0m[2m:[0m [2mtrie::hash_builder[0m[2m:[0m truncated nibbles to 2 bytes [3mcurrent[0m[2m=[0mNibbles("000f")
[2m2024-05-07T03:12:15.987715Z[0m [35mTRACE[0m [1mloop[0m[1m{[0m[3mi[0m[2m=[0m0 [3mcurrent[0m[2m=[0mNibbles("000f0b0a000000000000000000000000000000000000000000000000000000000000000000000000000000000000000000000000000000000000000000000000") [3mbuild_extensions[0m[2m=[0mfalse[1m}[0m[2m:[0m [2mtrie::hash_builder[0m[2m:[0m popping empty state masks [3mgroups[0m[2m=[0m[TrieMask(0000000000000000), TrieMask(0000000000000000)]
[2m2024-05-07T03:12:15.987735Z[0m [35mTRACE[0m [1mloop[0m[1m{[0m[3mi[0m[2m=[0m1 [3mcurrent[0m[2m=[0mNibbles("000f") [3mbuild_extensions[0m[2m=[0mtrue[1m}[0m[2m:[0m [2mtrie::hash_builder[0m[2m:[0m prefix lengths after comparing keys [3mlen[0m[2m=[0m0 [3mcommon_prefix_len[0m[2m=[0m0 [3mpreceding_len[0m[2m=[0m0 [3mpreceding_exists[0m[2m=[0mfalse
[2m2024-05-07T03:12:15.987746Z[0m [35mTRACE[0m [1mloop[0m[1m{[0m[3mi[0m[2m=[0m1 [3mcurrent[0m[2m=[0mNibbles("000f") [3mbuild_extensions[0m[2m=[0mtrue[1m}[0m[2m:[0m [2mtrie::hash_builder[0m[2m:[0m scaling state masks to fit [3mnew_len[0m[2m=[0m1 [3mold_len[0m[2m=[0m0
[2m2024-05-07T03:12:15.987755Z[0m [35mTRACE[0m [1mloop[0m[1m{[0m[3mi[0m[2m=[0m1 [3mcurrent[0m[2m=[0mNibbles("000f") [3mbuild_extensions[0m[2m=[0mtrue[1m}[0m[2m:[0m [2mtrie::hash_builder[0m[2m:[0m [3mextra_digit[0m[2m=[0m0 [3mgroups[0m[2m=[0m[TrieMask(0000000000000001)]
[2m2024-05-07T03:12:15.987768Z[0m [35mTRACE[0m [1mloop[0m[1m{[0m[3mi[0m[2m=[0m1 [3mcurrent[0m[2m=[0mNibbles("000f") [3mbuild_extensions[0m[2m=[0mtrue[1m}[0m[2m:[0m [2mtrie::hash_builder[0m[2m:[0m skipping 0 nibbles
[2m2024-05-07T03:12:15.987776Z[0m [35mTRACE[0m [1mloop[0m[1m{[0m[3mi[0m[2m=[0m1 [3mcurrent[0m[2m=[0mNibbles("000f") [3mbuild_extensions[0m[2m=[0mtrue[1m}[0m[2m:[0m [2mtrie::hash_builder[0m[2m:[0m [3mshort_node_key[0m[2m=[0mNibbles("000f")
[2m2024-05-07T03:12:15.987786Z[0m [35mTRACE[0m [1mloop[0m[1m{[0m[3mi[0m[2m=[0m1 [3mcurrent[0m[2m=[0mNibbles("000f") [3mbuild_extensions[0m[2m=[0mtrue[1m}[0m[2m:[0m [2mtrie::hash_builder[0m[2m:[0m pushing extension node [3mextension_node[0m[2m=[0mExtensionNode { prefix: "000f", node: "a0964c48f20c07766edac226f6d31b91bc6a795b46a525c99c64fd6d0d5f68834b" }
[2m2024-05-07T03:12:15.987816Z[0m [35mTRACE[0m [1mloop[0m[1m{[0m[3mi[0m[2m=[0m1 [3mcurrent[0m[2m=[0mNibbles("000f") [3mbuild_extensions[0m[2m=[0mtrue[1m}[0m[2m:[0m [2mtrie::hash_builder[0m[2m:[0m extension node rlp [3mrlp[0m[2m=[0m"a0301ce07aeae98a9a438bf74031e181d2fee7406aacf52e82e8d0940731752519"
[2m2024-05-07T03:12:15.987846Z[0m [35mTRACE[0m [1mloop[0m[1m{[0m[3mi[0m[2m=[0m1 [3mcurrent[0m[2m=[0mNibbles("000f") [3mbuild_extensions[0m[2m=[0mtrue[1m}[0m[2m:[0m [2mtrie::hash_builder[0m[2m:[0m resizing tree/hash masks [3mnew_len[0m[2m=[0m0 [3mold_tree_mask_len[0m[2m=[0m2 [3mold_hash_mask_len[0m[2m=[0m2
[2m2024-05-07T03:12:15.987857Z[0m [35mTRACE[0m [1mloop[0m[1m{[0m[3mi[0m[2m=[0m1 [3mcurrent[0m[2m=[0mNibbles("000f") [3mbuild_extensions[0m[2m=[0mtrue[1m}[0m[2m:[0m [2mtrie::hash_builder[0m[2m:[0m resizing tree/hash masks [3mnew_len[0m[2m=[0m0 [3mold_tree_mask_len[0m[2m=[0m0 [3mold_hash_mask_len[0m[2m=[0m0
[2m2024-05-07T03:12:15.987866Z[0m [35mTRACE[0m [1mloop[0m[1m{[0m[3mi[0m[2m=[0m1 [3mcurrent[0m[2m=[0mNibbles("000f") [3mbuild_extensions[0m[2m=[0mtrue[1m}[0m[2m:[0m [2mtrie::hash_builder[0m[2m:[0m 0 or 1 state masks means we have no more elements to process
Walker Updates: TrieUpdates {
    trie_operations: {},
}
Hash Builder Updates: {}
[2m2024-05-07T03:12:15.987890Z[0m [35mTRACE[0m [2mtrie::storage_root[0m[2m:[0m calculated storage root [3mroot[0m[2m=[0m0x301ce07aeae98a9a438bf74031e181d2fee7406aacf52e82e8d0940731752519 [3mhashed_address[0m[2m=[0m0x5380c7b7ae81a58eb98d9c78de4a1fd7fd9535fc953ed2be602daaa41767312a [3mduration[0m[2m=[0m1.087083ms [3mbranches_added[0m[2m=[0m0 [3mleaves_added[0m[2m=[0m3
Block #2 Storage Root: 0x301ce07aeae98a9a438bf74031e181d2fee7406aacf52e82e8d0940731752519
[2m2024-05-07T03:12:15.988242Z[0m [34mDEBUG[0m [2mstorage::db::mdbx[0m[2m:[0m Commit [3mtotal_duration[0m[2m=[0m134.792µs [3mcommit_latency[0m[2m=[0mSome(CommitLatency(MDBX_commit_latency { preparation: 0, gc_wallclock: 1, audit: 0, write: 0, sync: 6, ending: 0, whole: 8, gc_cputime: 61, gc_prof: MDBX_commit_latency__bindgen_ty_1 { wloops: 1, coalescences: 0, wipes: 0, flushes: 0, kicks: 0, work_counter: 4, work_rtime_monotonic: 0, work_xtime_cpu: 32, work_rsteps: 0, work_xpages: 0, work_majflt: 0, self_counter: 3, self_rtime_monotonic: 0, self_xtime_cpu: 19, self_rsteps: 0, self_xpages: 0, self_majflt: 0 } })) [3mis_read_only[0m[2m=[0mfalse
[2m2024-05-07T03:12:15.988297Z[0m [35mTRACE[0m [2mtrie::storage_root[0m[2m:[0m calculating storage root [3mhashed_address[0m[2m=[0m0x5380c7b7ae81a58eb98d9c78de4a1fd7fd9535fc953ed2be602daaa41767312a
NodeIter Key: Nibbles(
    "",
)
NodeIter Seek Key: 0x0000000000000000000000000000000000000000000000000000000000000000
NodeIter Hashed Entry: None
Storage Node: Leaf(
    0x0faa000000000000000000000000000000000000000000000000000000000000,
    0x0000000000000000000000000000000000000000000000000000000000000001_U256,
)
[2m2024-05-07T03:12:15.988350Z[0m [35mTRACE[0m [2mtrie::hash_builder[0m[2m:[0m old key/value [3mkey[0m[2m=[0mNibbles("") [3mvalue[0m[2m=[0mBytes("")
[2m2024-05-07T03:12:15.988358Z[0m [35mTRACE[0m [2mtrie::hash_builder[0m[2m:[0m new key/value [3mkey[0m[2m=[0mNibbles("000f0a0a000000000000000000000000000000000000000000000000000000000000000000000000000000000000000000000000000000000000000000000000") [3mvalue[0m[2m=[0mBytes("01")
NodeIter Hashed Entry: None
Storage Node: Leaf(
    0x0faaa00000000000000000000000000000000000000000000000000000000000,
    0x0000000000000000000000000000000000000000000000000000000000000001_U256,
)
[2m2024-05-07T03:12:15.988380Z[0m [35mTRACE[0m [2mtrie::hash_builder[0m[2m:[0m updating merkle tree [3mcurrent[0m[2m=[0mNibbles("000f0a0a000000000000000000000000000000000000000000000000000000000000000000000000000000000000000000000000000000000000000000000000") [3msucceeding[0m[2m=[0mNibbles("000f0a0a0a0000000000000000000000000000000000000000000000000000000000000000000000000000000000000000000000000000000000000000000000")
[2m2024-05-07T03:12:15.988401Z[0m [35mTRACE[0m [1mloop[0m[1m{[0m[3mi[0m[2m=[0m0 [3mcurrent[0m[2m=[0mNibbles("000f0a0a000000000000000000000000000000000000000000000000000000000000000000000000000000000000000000000000000000000000000000000000") [3mbuild_extensions[0m[2m=[0mfalse[1m}[0m[2m:[0m [2mtrie::hash_builder[0m[2m:[0m prefix lengths after comparing keys [3mlen[0m[2m=[0m4 [3mcommon_prefix_len[0m[2m=[0m4 [3mpreceding_len[0m[2m=[0m0 [3mpreceding_exists[0m[2m=[0mfalse
[2m2024-05-07T03:12:15.988412Z[0m [35mTRACE[0m [1mloop[0m[1m{[0m[3mi[0m[2m=[0m0 [3mcurrent[0m[2m=[0mNibbles("000f0a0a000000000000000000000000000000000000000000000000000000000000000000000000000000000000000000000000000000000000000000000000") [3mbuild_extensions[0m[2m=[0mfalse[1m}[0m[2m:[0m [2mtrie::hash_builder[0m[2m:[0m scaling state masks to fit [3mnew_len[0m[2m=[0m5 [3mold_len[0m[2m=[0m0
[2m2024-05-07T03:12:15.988422Z[0m [35mTRACE[0m [1mloop[0m[1m{[0m[3mi[0m[2m=[0m0 [3mcurrent[0m[2m=[0mNibbles("000f0a0a000000000000000000000000000000000000000000000000000000000000000000000000000000000000000000000000000000000000000000000000") [3mbuild_extensions[0m[2m=[0mfalse[1m}[0m[2m:[0m [2mtrie::hash_builder[0m[2m:[0m [3mextra_digit[0m[2m=[0m0 [3mgroups[0m[2m=[0m[TrieMask(0000000000000000), TrieMask(0000000000000000), TrieMask(0000000000000000), TrieMask(0000000000000000), TrieMask(0000000000000001)]
[2m2024-05-07T03:12:15.988432Z[0m [35mTRACE[0m [1mloop[0m[1m{[0m[3mi[0m[2m=[0m0 [3mcurrent[0m[2m=[0mNibbles("000f0a0a000000000000000000000000000000000000000000000000000000000000000000000000000000000000000000000000000000000000000000000000") [3mbuild_extensions[0m[2m=[0mfalse[1m}[0m[2m:[0m [2mtrie::hash_builder[0m[2m:[0m resizing tree/hash masks [3mnew_len[0m[2m=[0m64 [3mold_tree_mask_len[0m[2m=[0m0 [3mold_hash_mask_len[0m[2m=[0m0
[2m2024-05-07T03:12:15.988443Z[0m [35mTRACE[0m [1mloop[0m[1m{[0m[3mi[0m[2m=[0m0 [3mcurrent[0m[2m=[0mNibbles("000f0a0a000000000000000000000000000000000000000000000000000000000000000000000000000000000000000000000000000000000000000000000000") [3mbuild_extensions[0m[2m=[0mfalse[1m}[0m[2m:[0m [2mtrie::hash_builder[0m[2m:[0m skipping 5 nibbles
[2m2024-05-07T03:12:15.988451Z[0m [35mTRACE[0m [1mloop[0m[1m{[0m[3mi[0m[2m=[0m0 [3mcurrent[0m[2m=[0mNibbles("000f0a0a000000000000000000000000000000000000000000000000000000000000000000000000000000000000000000000000000000000000000000000000") [3mbuild_extensions[0m[2m=[0mfalse[1m}[0m[2m:[0m [2mtrie::hash_builder[0m[2m:[0m [3mshort_node_key[0m[2m=[0mNibbles("0000000000000000000000000000000000000000000000000000000000000000000000000000000000000000000000000000000000000000000000")
[2m2024-05-07T03:12:15.988464Z[0m [35mTRACE[0m [1mloop[0m[1m{[0m[3mi[0m[2m=[0m0 [3mcurrent[0m[2m=[0mNibbles("000f0a0a000000000000000000000000000000000000000000000000000000000000000000000000000000000000000000000000000000000000000000000000") [3mbuild_extensions[0m[2m=[0mfalse[1m}[0m[2m:[0m [2mtrie::hash_builder[0m[2m:[0m pushing leaf node [3mleaf_node[0m[2m=[0mLeafNode { key: "300000000000000000000000000000000000000000000000000000000000", value: "01" }
[2m2024-05-07T03:12:15.988500Z[0m [35mTRACE[0m [1mloop[0m[1m{[0m[3mi[0m[2m=[0m0 [3mcurrent[0m[2m=[0mNibbles("000f0a0a000000000000000000000000000000000000000000000000000000000000000000000000000000000000000000000000000000000000000000000000") [3mbuild_extensions[0m[2m=[0mfalse[1m}[0m[2m:[0m [2mtrie::hash_builder[0m[2m:[0m leaf node rlp [3mrlp[0m[2m=[0m"a0ee9f09021cbd429f2069700656987ccf03aff5f649ba9fc0ced0e09b78d6c94d"
[2m2024-05-07T03:12:15.988531Z[0m [35mTRACE[0m [1mloop[0m[1m{[0m[3mi[0m[2m=[0m0 [3mcurrent[0m[2m=[0mNibbles("000f0a0a000000000000000000000000000000000000000000000000000000000000000000000000000000000000000000000000000000000000000000000000") [3mbuild_extensions[0m[2m=[0mfalse[1m}[0m[2m:[0m [2mtrie::hash_builder[0m[2m:[0m no common prefix to create branch nodes from, returning
[2m2024-05-07T03:12:15.988543Z[0m [35mTRACE[0m [2mtrie::hash_builder[0m[2m:[0m old key/value [3mkey[0m[2m=[0mNibbles("000f0a0a000000000000000000000000000000000000000000000000000000000000000000000000000000000000000000000000000000000000000000000000") [3mvalue[0m[2m=[0mBytes("01")
[2m2024-05-07T03:12:15.988552Z[0m [35mTRACE[0m [2mtrie::hash_builder[0m[2m:[0m new key/value [3mkey[0m[2m=[0mNibbles("000f0a0a0a0000000000000000000000000000000000000000000000000000000000000000000000000000000000000000000000000000000000000000000000") [3mvalue[0m[2m=[0mBytes("01")
NodeIter Hashed Entry: None
Storage Node: Leaf(
    0x0fba000000000000000000000000000000000000000000000000000000000000,
    0x0000000000000000000000000000000000000000000000000000000000000001_U256,
)
[2m2024-05-07T03:12:15.988574Z[0m [35mTRACE[0m [2mtrie::hash_builder[0m[2m:[0m updating merkle tree [3mcurrent[0m[2m=[0mNibbles("000f0a0a0a0000000000000000000000000000000000000000000000000000000000000000000000000000000000000000000000000000000000000000000000") [3msucceeding[0m[2m=[0mNibbles("000f0b0a000000000000000000000000000000000000000000000000000000000000000000000000000000000000000000000000000000000000000000000000")
[2m2024-05-07T03:12:15.988594Z[0m [35mTRACE[0m [1mloop[0m[1m{[0m[3mi[0m[2m=[0m0 [3mcurrent[0m[2m=[0mNibbles("000f0a0a0a0000000000000000000000000000000000000000000000000000000000000000000000000000000000000000000000000000000000000000000000") [3mbuild_extensions[0m[2m=[0mfalse[1m}[0m[2m:[0m [2mtrie::hash_builder[0m[2m:[0m prefix lengths after comparing keys [3mlen[0m[2m=[0m4 [3mcommon_prefix_len[0m[2m=[0m2 [3mpreceding_len[0m[2m=[0m4 [3mpreceding_exists[0m[2m=[0mtrue
[2m2024-05-07T03:12:15.988605Z[0m [35mTRACE[0m [1mloop[0m[1m{[0m[3mi[0m[2m=[0m0 [3mcurrent[0m[2m=[0mNibbles("000f0a0a0a0000000000000000000000000000000000000000000000000000000000000000000000000000000000000000000000000000000000000000000000") [3mbuild_extensions[0m[2m=[0mfalse[1m}[0m[2m:[0m [2mtrie::hash_builder[0m[2m:[0m [3mextra_digit[0m[2m=[0m10 [3mgroups[0m[2m=[0m[TrieMask(0000000000000000), TrieMask(0000000000000000), TrieMask(0000000000000000), TrieMask(0000000000000000), TrieMask(0000010000000001)]
[2m2024-05-07T03:12:15.988616Z[0m [35mTRACE[0m [1mloop[0m[1m{[0m[3mi[0m[2m=[0m0 [3mcurrent[0m[2m=[0mNibbles("000f0a0a0a0000000000000000000000000000000000000000000000000000000000000000000000000000000000000000000000000000000000000000000000") [3mbuild_extensions[0m[2m=[0mfalse[1m}[0m[2m:[0m [2mtrie::hash_builder[0m[2m:[0m skipping 5 nibbles
[2m2024-05-07T03:12:15.988623Z[0m [35mTRACE[0m [1mloop[0m[1m{[0m[3mi[0m[2m=[0m0 [3mcurrent[0m[2m=[0mNibbles("000f0a0a0a0000000000000000000000000000000000000000000000000000000000000000000000000000000000000000000000000000000000000000000000") [3mbuild_extensions[0m[2m=[0mfalse[1m}[0m[2m:[0m [2mtrie::hash_builder[0m[2m:[0m [3mshort_node_key[0m[2m=[0mNibbles("0000000000000000000000000000000000000000000000000000000000000000000000000000000000000000000000000000000000000000000000")
[2m2024-05-07T03:12:15.988636Z[0m [35mTRACE[0m [1mloop[0m[1m{[0m[3mi[0m[2m=[0m0 [3mcurrent[0m[2m=[0mNibbles("000f0a0a0a0000000000000000000000000000000000000000000000000000000000000000000000000000000000000000000000000000000000000000000000") [3mbuild_extensions[0m[2m=[0mfalse[1m}[0m[2m:[0m [2mtrie::hash_builder[0m[2m:[0m pushing leaf node [3mleaf_node[0m[2m=[0mLeafNode { key: "300000000000000000000000000000000000000000000000000000000000", value: "01" }
[2m2024-05-07T03:12:15.988667Z[0m [35mTRACE[0m [1mloop[0m[1m{[0m[3mi[0m[2m=[0m0 [3mcurrent[0m[2m=[0mNibbles("000f0a0a0a0000000000000000000000000000000000000000000000000000000000000000000000000000000000000000000000000000000000000000000000") [3mbuild_extensions[0m[2m=[0mfalse[1m}[0m[2m:[0m [2mtrie::hash_builder[0m[2m:[0m leaf node rlp [3mrlp[0m[2m=[0m"a0ee9f09021cbd429f2069700656987ccf03aff5f649ba9fc0ced0e09b78d6c94d"
[2m2024-05-07T03:12:15.988718Z[0m [35mTRACE[0m [1mloop[0m[1m{[0m[3mi[0m[2m=[0m0 [3mcurrent[0m[2m=[0mNibbles("000f0a0a0a0000000000000000000000000000000000000000000000000000000000000000000000000000000000000000000000000000000000000000000000") [3mbuild_extensions[0m[2m=[0mfalse[1m}[0m[2m:[0m [2mtrie::hash_builder[0m[2m:[0m resizing stack to prepare branch node [3mnew_len[0m[2m=[0m0 [3mold_len[0m[2m=[0m2
[2m2024-05-07T03:12:15.988728Z[0m [35mTRACE[0m [1mloop[0m[1m{[0m[3mi[0m[2m=[0m0 [3mcurrent[0m[2m=[0mNibbles("000f0a0a0a0000000000000000000000000000000000000000000000000000000000000000000000000000000000000000000000000000000000000000000000") [3mbuild_extensions[0m[2m=[0mfalse[1m}[0m[2m:[0m [2mtrie::hash_builder[0m[2m:[0m pushing branch node with TrieMask(0000010000000001) mask from stack
[2m2024-05-07T03:12:15.988737Z[0m [35mTRACE[0m [1mloop[0m[1m{[0m[3mi[0m[2m=[0m0 [3mcurrent[0m[2m=[0mNibbles("000f0a0a0a0000000000000000000000000000000000000000000000000000000000000000000000000000000000000000000000000000000000000000000000") [3mbuild_extensions[0m[2m=[0mfalse[1m}[0m[2m:[0m [2mtrie::hash_builder[0m[2m:[0m branch node rlp [3mrlp[0m[2m=[0m"a0b34f450ed88ff0b44dedcaa3b45173b58d37be7ac83e30b6aa33791ee1b51198"
[2m2024-05-07T03:12:15.988746Z[0m [35mTRACE[0m [1mloop[0m[1m{[0m[3mi[0m[2m=[0m0 [3mcurrent[0m[2m=[0mNibbles("000f0a0a0a0000000000000000000000000000000000000000000000000000000000000000000000000000000000000000000000000000000000000000000000") [3mbuild_extensions[0m[2m=[0mfalse[1m}[0m[2m:[0m [2mtrie::hash_builder[0m[2m:[0m resizing tree/hash masks [3mnew_len[0m[2m=[0m4 [3mold_tree_mask_len[0m[2m=[0m64 [3mold_hash_mask_len[0m[2m=[0m64
[2m2024-05-07T03:12:15.988756Z[0m [35mTRACE[0m [1mloop[0m[1m{[0m[3mi[0m[2m=[0m0 [3mcurrent[0m[2m=[0mNibbles("000f0a0a0a0000000000000000000000000000000000000000000000000000000000000000000000000000000000000000000000000000000000000000000000") [3mbuild_extensions[0m[2m=[0mfalse[1m}[0m[2m:[0m [2mtrie::hash_builder[0m[2m:[0m truncated nibbles to 4 bytes [3mcurrent[0m[2m=[0mNibbles("000f0a0a")
[2m2024-05-07T03:12:15.988765Z[0m [35mTRACE[0m [1mloop[0m[1m{[0m[3mi[0m[2m=[0m0 [3mcurrent[0m[2m=[0mNibbles("000f0a0a0a0000000000000000000000000000000000000000000000000000000000000000000000000000000000000000000000000000000000000000000000") [3mbuild_extensions[0m[2m=[0mfalse[1m}[0m[2m:[0m [2mtrie::hash_builder[0m[2m:[0m popping empty state masks [3mgroups[0m[2m=[0m[TrieMask(0000000000000000), TrieMask(0000000000000000), TrieMask(0000000000000000), TrieMask(0000000000000000)]
[2m2024-05-07T03:12:15.988786Z[0m [35mTRACE[0m [1mloop[0m[1m{[0m[3mi[0m[2m=[0m1 [3mcurrent[0m[2m=[0mNibbles("000f0a0a") [3mbuild_extensions[0m[2m=[0mtrue[1m}[0m[2m:[0m [2mtrie::hash_builder[0m[2m:[0m prefix lengths after comparing keys [3mlen[0m[2m=[0m2 [3mcommon_prefix_len[0m[2m=[0m2 [3mpreceding_len[0m[2m=[0m0 [3mpreceding_exists[0m[2m=[0mfalse
[2m2024-05-07T03:12:15.988797Z[0m [35mTRACE[0m [1mloop[0m[1m{[0m[3mi[0m[2m=[0m1 [3mcurrent[0m[2m=[0mNibbles("000f0a0a") [3mbuild_extensions[0m[2m=[0mtrue[1m}[0m[2m:[0m [2mtrie::hash_builder[0m[2m:[0m scaling state masks to fit [3mnew_len[0m[2m=[0m3 [3mold_len[0m[2m=[0m0
[2m2024-05-07T03:12:15.988806Z[0m [35mTRACE[0m [1mloop[0m[1m{[0m[3mi[0m[2m=[0m1 [3mcurrent[0m[2m=[0mNibbles("000f0a0a") [3mbuild_extensions[0m[2m=[0mtrue[1m}[0m[2m:[0m [2mtrie::hash_builder[0m[2m:[0m [3mextra_digit[0m[2m=[0m10 [3mgroups[0m[2m=[0m[TrieMask(0000000000000000), TrieMask(0000000000000000), TrieMask(0000010000000000)]
[2m2024-05-07T03:12:15.988815Z[0m [35mTRACE[0m [1mloop[0m[1m{[0m[3mi[0m[2m=[0m1 [3mcurrent[0m[2m=[0mNibbles("000f0a0a") [3mbuild_extensions[0m[2m=[0mtrue[1m}[0m[2m:[0m [2mtrie::hash_builder[0m[2m:[0m skipping 3 nibbles
[2m2024-05-07T03:12:15.988822Z[0m [35mTRACE[0m [1mloop[0m[1m{[0m[3mi[0m[2m=[0m1 [3mcurrent[0m[2m=[0mNibbles("000f0a0a") [3mbuild_extensions[0m[2m=[0mtrue[1m}[0m[2m:[0m [2mtrie::hash_builder[0m[2m:[0m [3mshort_node_key[0m[2m=[0mNibbles("0a")
[2m2024-05-07T03:12:15.988832Z[0m [35mTRACE[0m [1mloop[0m[1m{[0m[3mi[0m[2m=[0m1 [3mcurrent[0m[2m=[0mNibbles("000f0a0a") [3mbuild_extensions[0m[2m=[0mtrue[1m}[0m[2m:[0m [2mtrie::hash_builder[0m[2m:[0m pushing extension node [3mextension_node[0m[2m=[0mExtensionNode { prefix: "1a", node: "a0b34f450ed88ff0b44dedcaa3b45173b58d37be7ac83e30b6aa33791ee1b51198" }
[2m2024-05-07T03:12:15.988862Z[0m [35mTRACE[0m [1mloop[0m[1m{[0m[3mi[0m[2m=[0m1 [3mcurrent[0m[2m=[0mNibbles("000f0a0a") [3mbuild_extensions[0m[2m=[0mtrue[1m}[0m[2m:[0m [2mtrie::hash_builder[0m[2m:[0m extension node rlp [3mrlp[0m[2m=[0m"a09cd4a6b74435d12eeac94710897f274d05d9db983b7c3533157c3bc59919cb06"
[2m2024-05-07T03:12:15.988893Z[0m [35mTRACE[0m [1mloop[0m[1m{[0m[3mi[0m[2m=[0m1 [3mcurrent[0m[2m=[0mNibbles("000f0a0a") [3mbuild_extensions[0m[2m=[0mtrue[1m}[0m[2m:[0m [2mtrie::hash_builder[0m[2m:[0m resizing tree/hash masks [3mnew_len[0m[2m=[0m3 [3mold_tree_mask_len[0m[2m=[0m4 [3mold_hash_mask_len[0m[2m=[0m4
[2m2024-05-07T03:12:15.988905Z[0m [35mTRACE[0m [1mloop[0m[1m{[0m[3mi[0m[2m=[0m1 [3mcurrent[0m[2m=[0mNibbles("000f0a0a") [3mbuild_extensions[0m[2m=[0mtrue[1m}[0m[2m:[0m [2mtrie::hash_builder[0m[2m:[0m no common prefix to create branch nodes from, returning
[2m2024-05-07T03:12:15.988916Z[0m [35mTRACE[0m [2mtrie::hash_builder[0m[2m:[0m old key/value [3mkey[0m[2m=[0mNibbles("000f0a0a0a0000000000000000000000000000000000000000000000000000000000000000000000000000000000000000000000000000000000000000000000") [3mvalue[0m[2m=[0mBytes("01")
[2m2024-05-07T03:12:15.988926Z[0m [35mTRACE[0m [2mtrie::hash_builder[0m[2m:[0m new key/value [3mkey[0m[2m=[0mNibbles("000f0b0a000000000000000000000000000000000000000000000000000000000000000000000000000000000000000000000000000000000000000000000000") [3mvalue[0m[2m=[0mBytes("01")
[2m2024-05-07T03:12:15.988935Z[0m [35mTRACE[0m [2mtrie::hash_builder[0m[2m:[0m updating merkle tree [3mcurrent[0m[2m=[0mNibbles("000f0b0a000000000000000000000000000000000000000000000000000000000000000000000000000000000000000000000000000000000000000000000000") [3msucceeding[0m[2m=[0mNibbles("")
[2m2024-05-07T03:12:15.988952Z[0m [35mTRACE[0m [1mloop[0m[1m{[0m[3mi[0m[2m=[0m0 [3mcurrent[0m[2m=[0mNibbles("000f0b0a000000000000000000000000000000000000000000000000000000000000000000000000000000000000000000000000000000000000000000000000") [3mbuild_extensions[0m[2m=[0mfalse[1m}[0m[2m:[0m [2mtrie::hash_builder[0m[2m:[0m prefix lengths after comparing keys [3mlen[0m[2m=[0m2 [3mcommon_prefix_len[0m[2m=[0m0 [3mpreceding_len[0m[2m=[0m2 [3mpreceding_exists[0m[2m=[0mtrue
[2m2024-05-07T03:12:15.988965Z[0m [35mTRACE[0m [1mloop[0m[1m{[0m[3mi[0m[2m=[0m0 [3mcurrent[0m[2m=[0mNibbles("000f0b0a000000000000000000000000000000000000000000000000000000000000000000000000000000000000000000000000000000000000000000000000") [3mbuild_extensions[0m[2m=[0mfalse[1m}[0m[2m:[0m [2mtrie::hash_builder[0m[2m:[0m [3mextra_digit[0m[2m=[0m11 [3mgroups[0m[2m=[0m[TrieMask(0000000000000000), TrieMask(0000000000000000), TrieMask(0000110000000000)]
[2m2024-05-07T03:12:15.988975Z[0m [35mTRACE[0m [1mloop[0m[1m{[0m[3mi[0m[2m=[0m0 [3mcurrent[0m[2m=[0mNibbles("000f0b0a000000000000000000000000000000000000000000000000000000000000000000000000000000000000000000000000000000000000000000000000") [3mbuild_extensions[0m[2m=[0mfalse[1m}[0m[2m:[0m [2mtrie::hash_builder[0m[2m:[0m resizing tree/hash masks [3mnew_len[0m[2m=[0m64 [3mold_tree_mask_len[0m[2m=[0m3 [3mold_hash_mask_len[0m[2m=[0m3
[2m2024-05-07T03:12:15.988985Z[0m [35mTRACE[0m [1mloop[0m[1m{[0m[3mi[0m[2m=[0m0 [3mcurrent[0m[2m=[0mNibbles("000f0b0a000000000000000000000000000000000000000000000000000000000000000000000000000000000000000000000000000000000000000000000000") [3mbuild_extensions[0m[2m=[0mfalse[1m}[0m[2m:[0m [2mtrie::hash_builder[0m[2m:[0m skipping 3 nibbles
[2m2024-05-07T03:12:15.988993Z[0m [35mTRACE[0m [1mloop[0m[1m{[0m[3mi[0m[2m=[0m0 [3mcurrent[0m[2m=[0mNibbles("000f0b0a000000000000000000000000000000000000000000000000000000000000000000000000000000000000000000000000000000000000000000000000") [3mbuild_extensions[0m[2m=[0mfalse[1m}[0m[2m:[0m [2mtrie::hash_builder[0m[2m:[0m [3mshort_node_key[0m[2m=[0mNibbles("0a000000000000000000000000000000000000000000000000000000000000000000000000000000000000000000000000000000000000000000000000")
[2m2024-05-07T03:12:15.989005Z[0m [35mTRACE[0m [1mloop[0m[1m{[0m[3mi[0m[2m=[0m0 [3mcurrent[0m[2m=[0mNibbles("000f0b0a000000000000000000000000000000000000000000000000000000000000000000000000000000000000000000000000000000000000000000000000") [3mbuild_extensions[0m[2m=[0mfalse[1m}[0m[2m:[0m [2mtrie::hash_builder[0m[2m:[0m pushing leaf node [3mleaf_node[0m[2m=[0mLeafNode { key: "3a000000000000000000000000000000000000000000000000000000000000", value: "01" }
[2m2024-05-07T03:12:15.989036Z[0m [35mTRACE[0m [1mloop[0m[1m{[0m[3mi[0m[2m=[0m0 [3mcurrent[0m[2m=[0mNibbles("000f0b0a000000000000000000000000000000000000000000000000000000000000000000000000000000000000000000000000000000000000000000000000") [3mbuild_extensions[0m[2m=[0mfalse[1m}[0m[2m:[0m [2mtrie::hash_builder[0m[2m:[0m leaf node rlp [3mrlp[0m[2m=[0m"a0cc34652fb72883446ee06955c5dbe319a82a68b857b01a032472ff93bef3be60"
[2m2024-05-07T03:12:15.989085Z[0m [35mTRACE[0m [1mloop[0m[1m{[0m[3mi[0m[2m=[0m0 [3mcurrent[0m[2m=[0mNibbles("000f0b0a000000000000000000000000000000000000000000000000000000000000000000000000000000000000000000000000000000000000000000000000") [3mbuild_extensions[0m[2m=[0mfalse[1m}[0m[2m:[0m [2mtrie::hash_builder[0m[2m:[0m resizing stack to prepare branch node [3mnew_len[0m[2m=[0m0 [3mold_len[0m[2m=[0m2
[2m2024-05-07T03:12:15.989095Z[0m [35mTRACE[0m [1mloop[0m[1m{[0m[3mi[0m[2m=[0m0 [3mcurrent[0m[2m=[0mNibbles("000f0b0a000000000000000000000000000000000000000000000000000000000000000000000000000000000000000000000000000000000000000000000000") [3mbuild_extensions[0m[2m=[0mfalse[1m}[0m[2m:[0m [2mtrie::hash_builder[0m[2m:[0m pushing branch node with TrieMask(0000110000000000) mask from stack
[2m2024-05-07T03:12:15.989104Z[0m [35mTRACE[0m [1mloop[0m[1m{[0m[3mi[0m[2m=[0m0 [3mcurrent[0m[2m=[0mNibbles("000f0b0a000000000000000000000000000000000000000000000000000000000000000000000000000000000000000000000000000000000000000000000000") [3mbuild_extensions[0m[2m=[0mfalse[1m}[0m[2m:[0m [2mtrie::hash_builder[0m[2m:[0m branch node rlp [3mrlp[0m[2m=[0m"a0964c48f20c07766edac226f6d31b91bc6a795b46a525c99c64fd6d0d5f68834b"
[2m2024-05-07T03:12:15.989114Z[0m [35mTRACE[0m [1mloop[0m[1m{[0m[3mi[0m[2m=[0m0 [3mcurrent[0m[2m=[0mNibbles("000f0b0a000000000000000000000000000000000000000000000000000000000000000000000000000000000000000000000000000000000000000000000000") [3mbuild_extensions[0m[2m=[0mfalse[1m}[0m[2m:[0m [2mtrie::hash_builder[0m[2m:[0m resizing tree/hash masks [3mnew_len[0m[2m=[0m2 [3mold_tree_mask_len[0m[2m=[0m64 [3mold_hash_mask_len[0m[2m=[0m64
[2m2024-05-07T03:12:15.989124Z[0m [35mTRACE[0m [1mloop[0m[1m{[0m[3mi[0m[2m=[0m0 [3mcurrent[0m[2m=[0mNibbles("000f0b0a000000000000000000000000000000000000000000000000000000000000000000000000000000000000000000000000000000000000000000000000") [3mbuild_extensions[0m[2m=[0mfalse[1m}[0m[2m:[0m [2mtrie::hash_builder[0m[2m:[0m truncated nibbles to 2 bytes [3mcurrent[0m[2m=[0mNibbles("000f")
[2m2024-05-07T03:12:15.989133Z[0m [35mTRACE[0m [1mloop[0m[1m{[0m[3mi[0m[2m=[0m0 [3mcurrent[0m[2m=[0mNibbles("000f0b0a000000000000000000000000000000000000000000000000000000000000000000000000000000000000000000000000000000000000000000000000") [3mbuild_extensions[0m[2m=[0mfalse[1m}[0m[2m:[0m [2mtrie::hash_builder[0m[2m:[0m popping empty state masks [3mgroups[0m[2m=[0m[TrieMask(0000000000000000), TrieMask(0000000000000000)]
[2m2024-05-07T03:12:15.989152Z[0m [35mTRACE[0m [1mloop[0m[1m{[0m[3mi[0m[2m=[0m1 [3mcurrent[0m[2m=[0mNibbles("000f") [3mbuild_extensions[0m[2m=[0mtrue[1m}[0m[2m:[0m [2mtrie::hash_builder[0m[2m:[0m prefix lengths after comparing keys [3mlen[0m[2m=[0m0 [3mcommon_prefix_len[0m[2m=[0m0 [3mpreceding_len[0m[2m=[0m0 [3mpreceding_exists[0m[2m=[0mfalse
[2m2024-05-07T03:12:15.989163Z[0m [35mTRACE[0m [1mloop[0m[1m{[0m[3mi[0m[2m=[0m1 [3mcurrent[0m[2m=[0mNibbles("000f") [3mbuild_extensions[0m[2m=[0mtrue[1m}[0m[2m:[0m [2mtrie::hash_builder[0m[2m:[0m scaling state masks to fit [3mnew_len[0m[2m=[0m1 [3mold_len[0m[2m=[0m0
[2m2024-05-07T03:12:15.989172Z[0m [35mTRACE[0m [1mloop[0m[1m{[0m[3mi[0m[2m=[0m1 [3mcurrent[0m[2m=[0mNibbles("000f") [3mbuild_extensions[0m[2m=[0mtrue[1m}[0m[2m:[0m [2mtrie::hash_builder[0m[2m:[0m [3mextra_digit[0m[2m=[0m0 [3mgroups[0m[2m=[0m[TrieMask(0000000000000001)]
[2m2024-05-07T03:12:15.989181Z[0m [35mTRACE[0m [1mloop[0m[1m{[0m[3mi[0m[2m=[0m1 [3mcurrent[0m[2m=[0mNibbles("000f") [3mbuild_extensions[0m[2m=[0mtrue[1m}[0m[2m:[0m [2mtrie::hash_builder[0m[2m:[0m skipping 0 nibbles
[2m2024-05-07T03:12:15.989188Z[0m [35mTRACE[0m [1mloop[0m[1m{[0m[3mi[0m[2m=[0m1 [3mcurrent[0m[2m=[0mNibbles("000f") [3mbuild_extensions[0m[2m=[0mtrue[1m}[0m[2m:[0m [2mtrie::hash_builder[0m[2m:[0m [3mshort_node_key[0m[2m=[0mNibbles("000f")
[2m2024-05-07T03:12:15.989197Z[0m [35mTRACE[0m [1mloop[0m[1m{[0m[3mi[0m[2m=[0m1 [3mcurrent[0m[2m=[0mNibbles("000f") [3mbuild_extensions[0m[2m=[0mtrue[1m}[0m[2m:[0m [2mtrie::hash_builder[0m[2m:[0m pushing extension node [3mextension_node[0m[2m=[0mExtensionNode { prefix: "000f", node: "a0964c48f20c07766edac226f6d31b91bc6a795b46a525c99c64fd6d0d5f68834b" }
[2m2024-05-07T03:12:15.989228Z[0m [35mTRACE[0m [1mloop[0m[1m{[0m[3mi[0m[2m=[0m1 [3mcurrent[0m[2m=[0mNibbles("000f") [3mbuild_extensions[0m[2m=[0mtrue[1m}[0m[2m:[0m [2mtrie::hash_builder[0m[2m:[0m extension node rlp [3mrlp[0m[2m=[0m"a0301ce07aeae98a9a438bf74031e181d2fee7406aacf52e82e8d0940731752519"
[2m2024-05-07T03:12:15.989257Z[0m [35mTRACE[0m [1mloop[0m[1m{[0m[3mi[0m[2m=[0m1 [3mcurrent[0m[2m=[0mNibbles("000f") [3mbuild_extensions[0m[2m=[0mtrue[1m}[0m[2m:[0m [2mtrie::hash_builder[0m[2m:[0m resizing tree/hash masks [3mnew_len[0m[2m=[0m0 [3mold_tree_mask_len[0m[2m=[0m2 [3mold_hash_mask_len[0m[2m=[0m2
[2m2024-05-07T03:12:15.989268Z[0m [35mTRACE[0m [1mloop[0m[1m{[0m[3mi[0m[2m=[0m1 [3mcurrent[0m[2m=[0mNibbles("000f") [3mbuild_extensions[0m[2m=[0mtrue[1m}[0m[2m:[0m [2mtrie::hash_builder[0m[2m:[0m resizing tree/hash masks [3mnew_len[0m[2m=[0m0 [3mold_tree_mask_len[0m[2m=[0m0 [3mold_hash_mask_len[0m[2m=[0m0
[2m2024-05-07T03:12:15.989277Z[0m [35mTRACE[0m [1mloop[0m[1m{[0m[3mi[0m[2m=[0m1 [3mcurrent[0m[2m=[0mNibbles("000f") [3mbuild_extensions[0m[2m=[0mtrue[1m}[0m[2m:[0m [2mtrie::hash_builder[0m[2m:[0m 0 or 1 state masks means we have no more elements to process
Walker Updates: TrieUpdates {
    trie_operations: {},
}
Hash Builder Updates: {}
[2m2024-05-07T03:12:15.989300Z[0m [35mTRACE[0m [2mtrie::storage_root[0m[2m:[0m calculated storage root [3mroot[0m[2m=[0m0x301ce07aeae98a9a438bf74031e181d2fee7406aacf52e82e8d0940731752519 [3mhashed_address[0m[2m=[0m0x5380c7b7ae81a58eb98d9c78de4a1fd7fd9535fc953ed2be602daaa41767312a [3mduration[0m[2m=[0m988.167µs [3mbranches_added[0m[2m=[0m0 [3mleaves_added[0m[2m=[0m3
test tests::trie_updates_across_multiple_iterations ... ok

test result: ok. 1 passed; 0 failed; 0 ignored; 0 measured; 38 filtered out; finished in 0.08s


running 0 tests

test result: ok. 0 passed; 0 failed; 0 ignored; 0 measured; 2 filtered out; finished in 0.01s

